#
# There is insufficient memory for the Java Runtime Environment to continue.
# Native memory allocation (malloc) failed to allocate 32744 bytes for ChunkPool::allocate
# Possible reasons:
#   The system is out of physical RAM or swap space
#   In 32 bit mode, the process size limit was hit
# Possible solutions:
#   Reduce memory load on the system
#   Increase physical memory or swap space
#   Check if swap backing store is full
#   Use 64 bit Java on a 64 bit OS
#   Decrease Java heap size (-Xmx/-Xms)
#   Decrease number of Java threads
#   Decrease Java thread stack sizes (-Xss)
#   Set larger code cache with -XX:ReservedCodeCacheSize=
# This output file may be truncated or incomplete.
#
#  Out of Memory Error (allocation.cpp:273), pid=15524, tid=0x0000000000002bb4
#
# JRE version: Java(TM) SE Runtime Environment (8.0_191-b12) (build 1.8.0_191-b12)
# Java VM: Java HotSpot(TM) 64-Bit Server VM (25.191-b12 mixed mode windows-amd64 compressed oops)
# Failed to write core dump. Minidumps are not enabled by default on client versions of Windows
#

---------------  T H R E A D  ---------------

Current thread (0x0000000018536800):  JavaThread "C2 CompilerThread1" daemon [_thread_in_native, id=11188, stack(0x00000000189a0000,0x0000000018aa0000)]

Stack: [0x00000000189a0000,0x0000000018aa0000]
[error occurred during error reporting (printing stack bounds), id 0xc0000005]

Native frames: (J=compiled Java code, j=interpreted, Vv=VM code, C=native code)


Current CompileTask:
C2:3807802 3414       4       org.eclipse.jdt.launching.internal.org.objectweb.asm.ClassReader::readCode (5089 bytes)


---------------  P R O C E S S  ---------------

Java Threads: ( => current thread )
  0x000000001956b000 JavaThread "DestroyJavaVM" [_thread_blocked, id=7608, stack(0x0000000002b60000,0x0000000002c60000)]
  0x0000000019568800 JavaThread "Prism Font Disposer" daemon [_thread_blocked, id=11504, stack(0x0000000022d20000,0x0000000022e20000)]
  0x000000001fa9e000 JavaThread "MQTT Ping: paho1958649958220352" [_thread_blocked, id=10520, stack(0x00000000209b0000,0x0000000020ab0000)]
  0x000000001fa9f800 JavaThread "MQTT Call: paho1958649958220352" [_thread_blocked, id=5948, stack(0x00000000208b0000,0x00000000209b0000)]
  0x000000001fa9f000 JavaThread "MQTT Snd: paho1958649958220352" [_thread_blocked, id=15540, stack(0x00000000207b0000,0x00000000208b0000)]
  0x000000001935d000 JavaThread "MQTT Rec: paho1958649958220352" [_thread_in_native, id=13796, stack(0x000000001f6d0000,0x000000001f7d0000)]
  0x0000000019c00800 JavaThread "Thread-3" daemon [_thread_in_native, id=13400, stack(0x000000001c9c0000,0x000000001cac0000)]
  0x0000000019cbc000 JavaThread "Thread-1" daemon [_thread_blocked, id=17104, stack(0x000000001a980000,0x000000001aa80000)]
  0x00000000185c0800 JavaThread "Service Thread" daemon [_thread_blocked, id=16412, stack(0x0000000018ba0000,0x0000000018ca0000)]
  0x000000001853f000 JavaThread "C1 CompilerThread2" daemon [_thread_blocked, id=5484, stack(0x0000000018aa0000,0x0000000018ba0000)]
=>0x0000000018536800 JavaThread "C2 CompilerThread1" daemon [_thread_in_native, id=11188, stack(0x00000000189a0000,0x0000000018aa0000)]
  0x0000000018535800 JavaThread "C2 CompilerThread0" daemon [_thread_blocked, id=2148, stack(0x00000000188a0000,0x00000000189a0000)]
  0x000000001680b000 JavaThread "JDWP Command Reader" daemon [_thread_in_native, id=4444, stack(0x00000000183a0000,0x00000000184a0000)]
  0x0000000016809800 JavaThread "JDWP Event Helper Thread" daemon [_thread_blocked, id=16540, stack(0x00000000182a0000,0x00000000183a0000)]
  0x00000000167f6800 JavaThread "JDWP Transport Listener: dt_socket" daemon [_thread_blocked, id=6836, stack(0x00000000181a0000,0x00000000182a0000)]
  0x00000000167ee800 JavaThread "Attach Listener" daemon [_thread_blocked, id=13180, stack(0x0000000017d60000,0x0000000017e60000)]
  0x00000000167fa800 JavaThread "Signal Dispatcher" daemon [_thread_blocked, id=9180, stack(0x0000000017c60000,0x0000000017d60000)]
  0x0000000002f5e800 JavaThread "Finalizer" daemon [_thread_blocked, id=12700, stack(0x0000000017a50000,0x0000000017b50000)]
  0x0000000002f52000 JavaThread "Reference Handler" daemon [_thread_blocked, id=16060, stack(0x0000000017950000,0x0000000017a50000)]

Other Threads:
  0x00000000167b9000 VMThread [stack: 0x0000000017850000,0x0000000017950000] [id=7468]
  0x00000000185e2800 WatcherThread [stack: 0x0000000018ca0000,0x0000000018da0000] [id=14948]

VM state:not at safepoint (normal execution)

VM Mutex/Monitor currently owned by a thread: None

Heap:
 PSYoungGen      total 61952K, used 8485K [0x00000000e0900000, 0x00000000e5500000, 0x0000000100000000)
  eden space 49152K, 3% used [0x00000000e0900000,0x00000000e0ae0a90,0x00000000e3900000)
  from space 12800K, 51% used [0x00000000e4880000,0x00000000e4ee8d10,0x00000000e5500000)
  to   space 14336K, 0% used [0x00000000e3900000,0x00000000e3900000,0x00000000e4700000)
 ParOldGen       total 65536K, used 15506K [0x00000000a1a00000, 0x00000000a5a00000, 0x00000000e0900000)
  object space 65536K, 23% used [0x00000000a1a00000,0x00000000a2924860,0x00000000a5a00000)
 Metaspace       used 19457K, capacity 20044K, committed 20352K, reserved 1067008K
  class space    used 2384K, capacity 2577K, committed 2688K, reserved 1048576K

Card table byte_map: [0x0000000012320000,0x0000000012620000] byte_map_base: 0x0000000011e13000

Marking Bits: (ParMarkBitMap*) 0x000000006fe33e30
 Begin Bits: [0x0000000012c20000, 0x00000000143b8000)
 End Bits:   [0x00000000143b8000, 0x0000000015b50000)

Polling page: 0x0000000002a80000

CodeCache: size=245760Kb used=11440Kb max_used=13535Kb free=234319Kb
 bounds [0x0000000002f60000, 0x0000000003cd0000, 0x0000000011f60000]
 total_blobs=3535 nmethods=2879 adapters=576
 compilation: enabled

Compilation events (10 events):
Event: 3723.691 Thread 0x000000001853f000 nmethod 3409 0x000000000370a0d0 code [0x000000000370a240, 0x000000000370a4f8]
Event: 3723.691 Thread 0x000000001853f000 3411       3       java.io.FilterInputStream::<init> (10 bytes)
Event: 3723.691 Thread 0x000000001853f000 nmethod 3411 0x000000000320d6d0 code [0x000000000320d840, 0x000000000320da90]
Event: 3723.691 Thread 0x000000001853f000 3410       1       org.eclipse.paho.client.mqttv3.internal.wire.MqttWireMessage::getToken (5 bytes)
Event: 3723.691 Thread 0x000000001853f000 nmethod 3410 0x00000000035ec450 code [0x00000000035ec5a0, 0x00000000035ec6b0]
Event: 3723.691 Thread 0x000000001853f000 3412       1       org.eclipse.paho.client.mqttv3.internal.Token::isComplete (5 bytes)
Event: 3723.691 Thread 0x000000001853f000 nmethod 3412 0x000000000366a990 code [0x000000000366aae0, 0x000000000366abf0]
Event: 3783.662 Thread 0x000000001853f000 3413       3       org.eclipse.paho.client.mqttv3.internal.CommsTokenStore::getToken (17 bytes)
Event: 3783.691 Thread 0x000000001853f000 nmethod 3413 0x00000000031832d0 code [0x0000000003183460, 0x0000000003183838]
Event: 3804.632 Thread 0x0000000018536800 3414       4       org.eclipse.jdt.launching.internal.org.objectweb.asm.ClassReader::readCode (5089 bytes)

GC Heap History (10 events):
Event: 2.244 GC heap before
{Heap before GC invocations=2 (full 0):
 PSYoungGen      total 28672K, used 26719K [0x00000000e0900000, 0x00000000e2900000, 0x0000000100000000)
  eden space 24576K, 100% used [0x00000000e0900000,0x00000000e2100000,0x00000000e2100000)
  from space 4096K, 52% used [0x00000000e2100000,0x00000000e2317f70,0x00000000e2500000)
  to   space 4096K, 0% used [0x00000000e2500000,0x00000000e2500000,0x00000000e2900000)
 ParOldGen       total 65536K, used 8K [0x00000000a1a00000, 0x00000000a5a00000, 0x00000000e0900000)
  object space 65536K, 0% used [0x00000000a1a00000,0x00000000a1a02000,0x00000000a5a00000)
 Metaspace       used 11252K, capacity 11636K, committed 11776K, reserved 1058816K
  class space    used 1329K, capacity 1463K, committed 1536K, reserved 1048576K
Event: 2.251 GC heap after
Heap after GC invocations=2 (full 0):
 PSYoungGen      total 28672K, used 2768K [0x00000000e0900000, 0x00000000e2900000, 0x0000000100000000)
  eden space 24576K, 0% used [0x00000000e0900000,0x00000000e0900000,0x00000000e2100000)
  from space 4096K, 67% used [0x00000000e2500000,0x00000000e27b4040,0x00000000e2900000)
  to   space 4096K, 0% used [0x00000000e2100000,0x00000000e2100000,0x00000000e2500000)
 ParOldGen       total 65536K, used 16K [0x00000000a1a00000, 0x00000000a5a00000, 0x00000000e0900000)
  object space 65536K, 0% used [0x00000000a1a00000,0x00000000a1a04000,0x00000000a5a00000)
 Metaspace       used 11252K, capacity 11636K, committed 11776K, reserved 1058816K
  class space    used 1329K, capacity 1463K, committed 1536K, reserved 1048576K
}
Event: 3.501 GC heap before
{Heap before GC invocations=3 (full 0):
 PSYoungGen      total 28672K, used 27344K [0x00000000e0900000, 0x00000000e2900000, 0x0000000100000000)
  eden space 24576K, 100% used [0x00000000e0900000,0x00000000e2100000,0x00000000e2100000)
  from space 4096K, 67% used [0x00000000e2500000,0x00000000e27b4040,0x00000000e2900000)
  to   space 4096K, 0% used [0x00000000e2100000,0x00000000e2100000,0x00000000e2500000)
 ParOldGen       total 65536K, used 16K [0x00000000a1a00000, 0x00000000a5a00000, 0x00000000e0900000)
  object space 65536K, 0% used [0x00000000a1a00000,0x00000000a1a04000,0x00000000a5a00000)
 Metaspace       used 14199K, capacity 14560K, committed 14720K, reserved 1062912K
  class space    used 1754K, capacity 1871K, committed 1920K, reserved 1048576K
Event: 3.511 GC heap after
Heap after GC invocations=3 (full 0):
 PSYoungGen      total 28672K, used 4080K [0x00000000e0900000, 0x00000000e2900000, 0x0000000100000000)
  eden space 24576K, 0% used [0x00000000e0900000,0x00000000e0900000,0x00000000e2100000)
  from space 4096K, 99% used [0x00000000e2100000,0x00000000e24fc050,0x00000000e2500000)
  to   space 4096K, 0% used [0x00000000e2500000,0x00000000e2500000,0x00000000e2900000)
 ParOldGen       total 65536K, used 621K [0x00000000a1a00000, 0x00000000a5a00000, 0x00000000e0900000)
  object space 65536K, 0% used [0x00000000a1a00000,0x00000000a1a9b4a0,0x00000000a5a00000)
 Metaspace       used 14199K, capacity 14560K, committed 14720K, reserved 1062912K
  class space    used 1754K, capacity 1871K, committed 1920K, reserved 1048576K
}
Event: 4.230 GC heap before
{Heap before GC invocations=4 (full 0):
 PSYoungGen      total 28672K, used 24570K [0x00000000e0900000, 0x00000000e2900000, 0x0000000100000000)
  eden space 24576K, 83% used [0x00000000e0900000,0x00000000e1d02a98,0x00000000e2100000)
  from space 4096K, 99% used [0x00000000e2100000,0x00000000e24fc050,0x00000000e2500000)
  to   space 4096K, 0% used [0x00000000e2500000,0x00000000e2500000,0x00000000e2900000)
 ParOldGen       total 65536K, used 621K [0x00000000a1a00000, 0x00000000a5a00000, 0x00000000e0900000)
  object space 65536K, 0% used [0x00000000a1a00000,0x00000000a1a9b4a0,0x00000000a5a00000)
 Metaspace       used 16403K, capacity 16948K, committed 17152K, reserved 1064960K
  class space    used 2124K, capacity 2293K, committed 2304K, reserved 1048576K
Event: 4.240 GC heap after
Heap after GC invocations=4 (full 0):
 PSYoungGen      total 28672K, used 4080K [0x00000000e0900000, 0x00000000e2900000, 0x0000000100000000)
  eden space 24576K, 0% used [0x00000000e0900000,0x00000000e0900000,0x00000000e2100000)
  from space 4096K, 99% used [0x00000000e2500000,0x00000000e28fc030,0x00000000e2900000)
  to   space 4096K, 0% used [0x00000000e2100000,0x00000000e2100000,0x00000000e2500000)
 ParOldGen       total 65536K, used 1077K [0x00000000a1a00000, 0x00000000a5a00000, 0x00000000e0900000)
  object space 65536K, 1% used [0x00000000a1a00000,0x00000000a1b0d4a0,0x00000000a5a00000)
 Metaspace       used 16403K, capacity 16948K, committed 17152K, reserved 1064960K
  class space    used 2124K, capacity 2293K, committed 2304K, reserved 1048576K
}
Event: 4.739 GC heap before
{Heap before GC invocations=5 (full 0):
 PSYoungGen      total 28672K, used 28656K [0x00000000e0900000, 0x00000000e2900000, 0x0000000100000000)
  eden space 24576K, 100% used [0x00000000e0900000,0x00000000e2100000,0x00000000e2100000)
  from space 4096K, 99% used [0x00000000e2500000,0x00000000e28fc030,0x00000000e2900000)
  to   space 4096K, 0% used [0x00000000e2100000,0x00000000e2100000,0x00000000e2500000)
 ParOldGen       total 65536K, used 1077K [0x00000000a1a00000, 0x00000000a5a00000, 0x00000000e0900000)
  object space 65536K, 1% used [0x00000000a1a00000,0x00000000a1b0d4a0,0x00000000a5a00000)
 Metaspace       used 17520K, capacity 18076K, committed 18176K, reserved 1064960K
  class space    used 2304K, capacity 2493K, committed 2560K, reserved 1048576K
Event: 4.776 GC heap after
Heap after GC invocations=5 (full 0):
 PSYoungGen      total 28672K, used 4079K [0x00000000e0900000, 0x00000000e5800000, 0x0000000100000000)
  eden space 24576K, 0% used [0x00000000e0900000,0x00000000e0900000,0x00000000e2100000)
  from space 4096K, 99% used [0x00000000e2100000,0x00000000e24fbce0,0x00000000e2500000)
  to   space 15872K, 0% used [0x00000000e4880000,0x00000000e4880000,0x00000000e5800000)
 ParOldGen       total 65536K, used 15498K [0x00000000a1a00000, 0x00000000a5a00000, 0x00000000e0900000)
  object space 65536K, 23% used [0x00000000a1a00000,0x00000000a2922860,0x00000000a5a00000)
 Metaspace       used 17520K, capacity 18076K, committed 18176K, reserved 1064960K
  class space    used 2304K, capacity 2493K, committed 2560K, reserved 1048576K
}
Event: 2931.990 GC heap before
{Heap before GC invocations=6 (full 0):
 PSYoungGen      total 28672K, used 28655K [0x00000000e0900000, 0x00000000e5800000, 0x0000000100000000)
  eden space 24576K, 100% used [0x00000000e0900000,0x00000000e2100000,0x00000000e2100000)
  from space 4096K, 99% used [0x00000000e2100000,0x00000000e24fbce0,0x00000000e2500000)
  to   space 15872K, 0% used [0x00000000e4880000,0x00000000e4880000,0x00000000e5800000)
 ParOldGen       total 65536K, used 15498K [0x00000000a1a00000, 0x00000000a5a00000, 0x00000000e0900000)
  object space 65536K, 23% used [0x00000000a1a00000,0x00000000a2922860,0x00000000a5a00000)
 Metaspace       used 19380K, capacity 19980K, committed 20352K, reserved 1067008K
  class space    used 2377K, capacity 2577K, committed 2688K, reserved 1048576K
Event: 2932.198 GC heap after
Heap after GC invocations=6 (full 0):
 PSYoungGen      total 61952K, used 6563K [0x00000000e0900000, 0x00000000e5500000, 0x0000000100000000)
  eden space 49152K, 0% used [0x00000000e0900000,0x00000000e0900000,0x00000000e3900000)
  from space 12800K, 51% used [0x00000000e4880000,0x00000000e4ee8d10,0x00000000e5500000)
  to   space 14336K, 0% used [0x00000000e3900000,0x00000000e3900000,0x00000000e4700000)
 ParOldGen       total 65536K, used 15506K [0x00000000a1a00000, 0x00000000a5a00000, 0x00000000e0900000)
  object space 65536K, 23% used [0x00000000a1a00000,0x00000000a2924860,0x00000000a5a00000)
 Metaspace       used 19380K, capacity 19980K, committed 20352K, reserved 1067008K
  class space    used 2377K, capacity 2577K, committed 2688K, reserved 1048576K
}

Deoptimization events (10 events):
Event: 16.690 Thread 0x0000000018ef9000 Uncommon trap: reason=unstable_if action=reinterpret pc=0x000000000377a268 method=com.sun.javafx.sg.prism.NGNode.getOpaqueRegion()Lcom/sun/javafx/geom/RectBounds; @ 4
Event: 22.578 Thread 0x0000000018ef9000 Uncommon trap: reason=unstable_if action=reinterpret pc=0x000000000383ed98 method=com.sun.javafx.sg.prism.NGNode.markCullRegions(Lcom/sun/javafx/geom/DirtyRegionContainer;ILcom/sun/javafx/geom/transform/BaseTransform;Lcom/sun/javafx/geom/transform/General
Event: 28.076 Thread 0x0000000018ef9000 Uncommon trap: reason=unstable_if action=reinterpret pc=0x0000000003ad7874 method=com.sun.prism.impl.ManagedResource.bumpAge(I)V @ 7
Event: 34.455 Thread 0x00000000194aa000 Uncommon trap: reason=unstable_if action=reinterpret pc=0x0000000003ad2f30 method=com.sun.javafx.sg.prism.NGNode.setTransformedBounds(Lcom/sun/javafx/geom/BaseBounds;Z)V @ 19
Event: 35.206 Thread 0x0000000018ef9000 Uncommon trap: reason=unstable_if action=reinterpret pc=0x0000000003b3b530 method=com.sun.prism.d3d.D3DContext.updateRenderTarget(Lcom/sun/prism/RenderTarget;Lcom/sun/javafx/sg/prism/NGCamera;Z)Lcom/sun/prism/impl/ps/BaseShaderContext$State; @ 144
Event: 45.152 Thread 0x00000000194aa000 Uncommon trap: reason=predicate action=maybe_recompile pc=0x0000000003ad1608 method=java.util.LinkedList.remove(Ljava/lang/Object;)Z @ 48
Event: 56.499 Thread 0x00000000194aa000 Uncommon trap: reason=unstable_if action=reinterpret pc=0x0000000003c1bde8 method=com.sun.javafx.tk.quantum.QuantumToolkit.runWithoutRenderLock(Ljava/util/function/Supplier;)Ljava/lang/Object; @ 8
Event: 56.550 Thread 0x00000000194aa000 Uncommon trap: reason=unstable_if action=reinterpret pc=0x00000000039cd354 method=java.util.concurrent.locks.ReentrantLock$Sync.nonfairTryAcquire(I)Z @ 34
Event: 56.550 Thread 0x00000000194aa000 Uncommon trap: reason=unstable_if action=reinterpret pc=0x0000000003a2a744 method=java.util.concurrent.locks.ReentrantLock$Sync.tryRelease(I)Z @ 28
Event: 56.550 Thread 0x0000000018ef9000 Uncommon trap: reason=unstable_if action=reinterpret pc=0x0000000003be2180 method=java.util.concurrent.locks.AbstractQueuedSynchronizer$ConditionObject.checkInterruptWhileWaiting(Ljava/util/concurrent/locks/AbstractQueuedSynchronizer$Node;)I @ 3

Classes redefined (10 events):
Event: 1898.581 Thread 0x00000000167b9000 redefined class name=application.Subscriber, count=1
Event: 1917.397 Thread 0x00000000167b9000 redefined class name=application.DocumentController, count=17
Event: 2351.505 Thread 0x00000000167b9000 redefined class name=application.DocumentController, count=18
Event: 2366.852 Thread 0x00000000167b9000 redefined class name=application.DocumentController, count=19
Event: 2388.680 Thread 0x00000000167b9000 redefined class name=application.DocumentController, count=20
Event: 2402.818 Thread 0x00000000167b9000 redefined class name=application.DocumentController, count=21
Event: 2492.150 Thread 0x00000000167b9000 redefined class name=application.DocumentController, count=22
Event: 2850.886 Thread 0x00000000167b9000 redefined class name=application.DocumentController, count=23
Event: 2867.063 Thread 0x00000000167b9000 redefined class name=application.DocumentController, count=24
Event: 2883.895 Thread 0x00000000167b9000 redefined class name=application.DocumentController, count=25

Internal exceptions (10 events):
Event: 3796.851 Thread 0x000000001935d000 Exception <a 'java/net/SocketTimeoutException': Read timed out> (0x00000000e0a7fea8) thrown at [C:\re\workspace\8-2-build-windows-amd64-cygwin\jdk8u191\11896\hotspot\src\share\vm\prims\jni.cpp, line 735]
Event: 3797.866 Thread 0x000000001935d000 Exception <a 'java/net/SocketTimeoutException': Read timed out> (0x00000000e0a80118) thrown at [C:\re\workspace\8-2-build-windows-amd64-cygwin\jdk8u191\11896\hotspot\src\share\vm\prims\jni.cpp, line 735]
Event: 3798.882 Thread 0x000000001935d000 Exception <a 'java/net/SocketTimeoutException': Read timed out> (0x00000000e0a80388) thrown at [C:\re\workspace\8-2-build-windows-amd64-cygwin\jdk8u191\11896\hotspot\src\share\vm\prims\jni.cpp, line 735]
Event: 3799.897 Thread 0x000000001935d000 Exception <a 'java/net/SocketTimeoutException': Read timed out> (0x00000000e0a805f8) thrown at [C:\re\workspace\8-2-build-windows-amd64-cygwin\jdk8u191\11896\hotspot\src\share\vm\prims\jni.cpp, line 735]
Event: 3800.901 Thread 0x000000001935d000 Exception <a 'java/net/SocketTimeoutException': Read timed out> (0x00000000e0a80868) thrown at [C:\re\workspace\8-2-build-windows-amd64-cygwin\jdk8u191\11896\hotspot\src\share\vm\prims\jni.cpp, line 735]
Event: 3801.916 Thread 0x000000001935d000 Exception <a 'java/net/SocketTimeoutException': Read timed out> (0x00000000e0a80ad8) thrown at [C:\re\workspace\8-2-build-windows-amd64-cygwin\jdk8u191\11896\hotspot\src\share\vm\prims\jni.cpp, line 735]
Event: 3802.932 Thread 0x000000001935d000 Exception <a 'java/net/SocketTimeoutException': Read timed out> (0x00000000e0a80d48) thrown at [C:\re\workspace\8-2-build-windows-amd64-cygwin\jdk8u191\11896\hotspot\src\share\vm\prims\jni.cpp, line 735]
Event: 3803.942 Thread 0x000000001935d000 Exception <a 'java/net/SocketTimeoutException': Read timed out> (0x00000000e0a80fb8) thrown at [C:\re\workspace\8-2-build-windows-amd64-cygwin\jdk8u191\11896\hotspot\src\share\vm\prims\jni.cpp, line 735]
Event: 3804.953 Thread 0x000000001935d000 Exception <a 'java/net/SocketTimeoutException': Read timed out> (0x00000000e0a81228) thrown at [C:\re\workspace\8-2-build-windows-amd64-cygwin\jdk8u191\11896\hotspot\src\share\vm\prims\jni.cpp, line 735]
Event: 3805.958 Thread 0x000000001935d000 Exception <a 'java/net/SocketTimeoutException': Read timed out> (0x00000000e0a81498) thrown at [C:\re\workspace\8-2-build-windows-amd64-cygwin\jdk8u191\11896\hotspot\src\share\vm\prims\jni.cpp, line 735]

Events (10 events):
Event: 3804.953 Thread 0x000000001935d000 DEOPT PACKING pc=0x0000000003301d1c sp=0x000000001f7cf510
Event: 3804.953 Thread 0x000000001935d000 DEOPT UNPACKING pc=0x0000000002fa7890 sp=0x000000001f7cf200 mode 1
Event: 3804.953 Thread 0x000000001935d000 DEOPT PACKING pc=0x00000000031b8f34 sp=0x000000001f7cf590
Event: 3804.953 Thread 0x000000001935d000 DEOPT UNPACKING pc=0x0000000002fa7890 sp=0x000000001f7cf370 mode 1
Event: 3805.958 Thread 0x000000001935d000 DEOPT PACKING pc=0x00000000030c62b4 sp=0x000000001f7cf400
Event: 3805.958 Thread 0x000000001935d000 DEOPT UNPACKING pc=0x0000000002fa7890 sp=0x000000001f7cf128 mode 1
Event: 3805.958 Thread 0x000000001935d000 DEOPT PACKING pc=0x0000000003301d1c sp=0x000000001f7cf510
Event: 3805.958 Thread 0x000000001935d000 DEOPT UNPACKING pc=0x0000000002fa7890 sp=0x000000001f7cf200 mode 1
Event: 3805.958 Thread 0x000000001935d000 DEOPT PACKING pc=0x00000000031b8f34 sp=0x000000001f7cf590
Event: 3805.958 Thread 0x000000001935d000 DEOPT UNPACKING pc=0x0000000002fa7890 sp=0x000000001f7cf370 mode 1


Dynamic libraries:
0x00007ff6bf170000 - 0x00007ff6bf1a7000 	C:\Program Files\Java\jre1.8.0_191\bin\javaw.exe
0x00007fff2f810000 - 0x00007fff2f9f1000 	C:\WINDOWS\SYSTEM32\ntdll.dll
0x00007fff2f250000 - 0x00007fff2f301000 	C:\WINDOWS\System32\KERNEL32.DLL
0x00007fff2c880000 - 0x00007fff2caf3000 	C:\WINDOWS\System32\KERNELBASE.dll
0x00007fff2e800000 - 0x00007fff2e8a1000 	C:\WINDOWS\System32\ADVAPI32.dll
0x00007fff2f1b0000 - 0x00007fff2f24e000 	C:\WINDOWS\System32\msvcrt.dll
0x00007fff2f590000 - 0x00007fff2f5eb000 	C:\WINDOWS\System32\sechost.dll
0x00007fff2d290000 - 0x00007fff2d3b4000 	C:\WINDOWS\System32\RPCRT4.dll
0x00007fff2f650000 - 0x00007fff2f7e0000 	C:\WINDOWS\System32\USER32.dll
0x00007fff2c690000 - 0x00007fff2c6b0000 	C:\WINDOWS\System32\win32u.dll
0x00007fff2eb50000 - 0x00007fff2eb78000 	C:\WINDOWS\System32\GDI32.dll
0x00007fff2cb00000 - 0x00007fff2cc92000 	C:\WINDOWS\System32\gdi32full.dll
0x00007fff2bbe0000 - 0x00007fff2bc7f000 	C:\WINDOWS\System32\msvcp_win.dll
0x00007fff2c780000 - 0x00007fff2c878000 	C:\WINDOWS\System32\ucrtbase.dll
0x00007fff1daa0000 - 0x00007fff1dd09000 	C:\WINDOWS\WinSxS\amd64_microsoft.windows.common-controls_6595b64144ccf1df_6.0.17134.706_none_fb43a2cb30647007\COMCTL32.dll
0x00007fff2cf60000 - 0x00007fff2d282000 	C:\WINDOWS\System32\combase.dll
0x00007fff2c6b0000 - 0x00007fff2c72a000 	C:\WINDOWS\System32\bcryptPrimitives.dll
0x00007fff2f560000 - 0x00007fff2f58d000 	C:\WINDOWS\System32\IMM32.DLL
0x000000006f4f0000 - 0x000000006f5c2000 	C:\Program Files\Java\jre1.8.0_191\bin\msvcr100.dll
0x000000006f610000 - 0x000000006feb4000 	C:\Program Files\Java\jre1.8.0_191\bin\server\jvm.dll
0x00007fff2f1a0000 - 0x00007fff2f1a8000 	C:\WINDOWS\System32\PSAPI.DLL
0x00007ffefc420000 - 0x00007ffefc429000 	C:\WINDOWS\SYSTEM32\WSOCK32.dll
0x00007fff2e8b0000 - 0x00007fff2e91c000 	C:\WINDOWS\System32\WS2_32.dll
0x00007fff298d0000 - 0x00007fff298f3000 	C:\WINDOWS\SYSTEM32\WINMM.dll
0x00007fff25230000 - 0x00007fff2523a000 	C:\WINDOWS\SYSTEM32\VERSION.dll
0x00007fff29470000 - 0x00007fff2949a000 	C:\WINDOWS\SYSTEM32\WINMMBASE.dll
0x00007fff2c730000 - 0x00007fff2c779000 	C:\WINDOWS\System32\cfgmgr32.dll
0x00000000702b0000 - 0x00000000702bf000 	C:\Program Files\Java\jre1.8.0_191\bin\verify.dll
0x0000000070280000 - 0x00000000702a9000 	C:\Program Files\Java\jre1.8.0_191\bin\java.dll
0x000000006f4b0000 - 0x000000006f4e5000 	C:\Program Files\Java\jre1.8.0_191\bin\jdwp.dll
0x000000006f4a0000 - 0x000000006f4a8000 	C:\Program Files\Java\jre1.8.0_191\bin\npt.dll
0x000000006f470000 - 0x000000006f493000 	C:\Program Files\Java\jre1.8.0_191\bin\instrument.dll
0x0000000070260000 - 0x0000000070276000 	C:\Program Files\Java\jre1.8.0_191\bin\zip.dll
0x00007fff2d3c0000 - 0x00007fff2e800000 	C:\WINDOWS\System32\SHELL32.dll
0x00007fff2cd30000 - 0x00007fff2cdd9000 	C:\WINDOWS\System32\shcore.dll
0x00007fff2bf80000 - 0x00007fff2c68d000 	C:\WINDOWS\System32\windows.storage.dll
0x00007fff2f140000 - 0x00007fff2f191000 	C:\WINDOWS\System32\shlwapi.dll
0x00007fff2bbc0000 - 0x00007fff2bbd1000 	C:\WINDOWS\System32\kernel.appcore.dll
0x00007fff2bba0000 - 0x00007fff2bbbf000 	C:\WINDOWS\System32\profapi.dll
0x00007fff2bb40000 - 0x00007fff2bb8c000 	C:\WINDOWS\System32\powrprof.dll
0x00007fff2bb90000 - 0x00007fff2bb9a000 	C:\WINDOWS\System32\FLTLIB.DLL
0x000000006f460000 - 0x000000006f469000 	C:\Program Files\Java\jre1.8.0_191\bin\dt_socket.dll
0x00007fff1a300000 - 0x00007fff1a316000 	C:\WINDOWS\system32\napinsp.dll
0x00007fff1bae0000 - 0x00007fff1bafa000 	C:\WINDOWS\system32\pnrpnsp.dll
0x00007fff273c0000 - 0x00007fff273d9000 	C:\WINDOWS\system32\NLAapi.dll
0x00007fff2b340000 - 0x00007fff2b3a6000 	C:\WINDOWS\System32\mswsock.dll
0x00007fff2b100000 - 0x00007fff2b1be000 	C:\WINDOWS\SYSTEM32\DNSAPI.dll
0x00007fff2f310000 - 0x00007fff2f318000 	C:\WINDOWS\System32\NSI.dll
0x00007fff2b0c0000 - 0x00007fff2b0f8000 	C:\WINDOWS\SYSTEM32\IPHLPAPI.DLL
0x00007fff24a10000 - 0x00007fff24a1e000 	C:\WINDOWS\System32\winrnr.dll
0x00007fff1bb00000 - 0x00007fff1bb15000 	C:\WINDOWS\System32\wshbth.dll
0x00007fff24f70000 - 0x00007fff24fe2000 	C:\WINDOWS\System32\fwpuclnt.dll
0x00007fff2b620000 - 0x00007fff2b645000 	C:\WINDOWS\SYSTEM32\bcrypt.dll
0x00007fff23a50000 - 0x00007fff23a5a000 	C:\Windows\System32\rasadhlp.dll
0x0000000002b00000 - 0x0000000002b03000 	C:\Program Files\Java\jre1.8.0_191\bin\api-ms-win-core-console-l1-1-0.dll
0x0000000002b10000 - 0x0000000002b13000 	C:\Program Files\Java\jre1.8.0_191\bin\api-ms-win-core-datetime-l1-1-0.dll
0x0000000002b20000 - 0x0000000002b23000 	C:\Program Files\Java\jre1.8.0_191\bin\api-ms-win-core-debug-l1-1-0.dll
0x0000000002b30000 - 0x0000000002b33000 	C:\Program Files\Java\jre1.8.0_191\bin\api-ms-win-core-errorhandling-l1-1-0.dll
0x0000000002b40000 - 0x0000000002b44000 	C:\Program Files\Java\jre1.8.0_191\bin\api-ms-win-core-file-l1-1-0.dll
0x0000000002d60000 - 0x0000000002d63000 	C:\Program Files\Java\jre1.8.0_191\bin\api-ms-win-core-file-l1-2-0.dll
0x0000000002d70000 - 0x0000000002d73000 	C:\Program Files\Java\jre1.8.0_191\bin\api-ms-win-core-file-l2-1-0.dll
0x0000000002d80000 - 0x0000000002d83000 	C:\Program Files\Java\jre1.8.0_191\bin\api-ms-win-core-handle-l1-1-0.dll
0x0000000002d90000 - 0x0000000002d93000 	C:\Program Files\Java\jre1.8.0_191\bin\api-ms-win-core-heap-l1-1-0.dll
0x0000000002da0000 - 0x0000000002da3000 	C:\Program Files\Java\jre1.8.0_191\bin\api-ms-win-core-interlocked-l1-1-0.dll
0x0000000002db0000 - 0x0000000002db3000 	C:\Program Files\Java\jre1.8.0_191\bin\api-ms-win-core-libraryloader-l1-1-0.dll
0x0000000002dc0000 - 0x0000000002dc3000 	C:\Program Files\Java\jre1.8.0_191\bin\api-ms-win-core-localization-l1-2-0.dll
0x0000000002dd0000 - 0x0000000002dd3000 	C:\Program Files\Java\jre1.8.0_191\bin\api-ms-win-core-memory-l1-1-0.dll
0x0000000002de0000 - 0x0000000002de3000 	C:\Program Files\Java\jre1.8.0_191\bin\api-ms-win-core-namedpipe-l1-1-0.dll
0x0000000002df0000 - 0x0000000002df3000 	C:\Program Files\Java\jre1.8.0_191\bin\api-ms-win-core-processenvironment-l1-1-0.dll
0x0000000002e00000 - 0x0000000002e03000 	C:\Program Files\Java\jre1.8.0_191\bin\api-ms-win-core-processthreads-l1-1-0.dll
0x0000000002e10000 - 0x0000000002e13000 	C:\Program Files\Java\jre1.8.0_191\bin\api-ms-win-core-processthreads-l1-1-1.dll
0x0000000002e20000 - 0x0000000002e23000 	C:\Program Files\Java\jre1.8.0_191\bin\api-ms-win-core-profile-l1-1-0.dll
0x0000000002e30000 - 0x0000000002e33000 	C:\Program Files\Java\jre1.8.0_191\bin\api-ms-win-core-rtlsupport-l1-1-0.dll
0x0000000002e40000 - 0x0000000002e43000 	C:\Program Files\Java\jre1.8.0_191\bin\api-ms-win-core-string-l1-1-0.dll
0x000000001a570000 - 0x000000001a573000 	C:\Program Files\Java\jre1.8.0_191\bin\api-ms-win-core-synch-l1-1-0.dll
0x000000001a580000 - 0x000000001a583000 	C:\Program Files\Java\jre1.8.0_191\bin\api-ms-win-core-synch-l1-2-0.dll
0x000000001a590000 - 0x000000001a593000 	C:\Program Files\Java\jre1.8.0_191\bin\api-ms-win-core-sysinfo-l1-1-0.dll
0x000000001a5a0000 - 0x000000001a5a3000 	C:\Program Files\Java\jre1.8.0_191\bin\api-ms-win-core-timezone-l1-1-0.dll
0x000000001a5b0000 - 0x000000001a5b3000 	C:\Program Files\Java\jre1.8.0_191\bin\api-ms-win-core-util-l1-1-0.dll
0x000000001a5c0000 - 0x000000001a5c3000 	C:\Program Files\Java\jre1.8.0_191\bin\api-ms-win-crt-conio-l1-1-0.dll
0x000000001a5d0000 - 0x000000001a5d4000 	C:\Program Files\Java\jre1.8.0_191\bin\api-ms-win-crt-convert-l1-1-0.dll
0x000000001a5e0000 - 0x000000001a5e3000 	C:\Program Files\Java\jre1.8.0_191\bin\api-ms-win-crt-environment-l1-1-0.dll
0x000000001a5f0000 - 0x000000001a5f3000 	C:\Program Files\Java\jre1.8.0_191\bin\api-ms-win-crt-filesystem-l1-1-0.dll
0x000000001a600000 - 0x000000001a603000 	C:\Program Files\Java\jre1.8.0_191\bin\api-ms-win-crt-heap-l1-1-0.dll
0x000000001a610000 - 0x000000001a613000 	C:\Program Files\Java\jre1.8.0_191\bin\api-ms-win-crt-locale-l1-1-0.dll
0x000000001a620000 - 0x000000001a625000 	C:\Program Files\Java\jre1.8.0_191\bin\api-ms-win-crt-math-l1-1-0.dll
0x000000001a630000 - 0x000000001a635000 	C:\Program Files\Java\jre1.8.0_191\bin\api-ms-win-crt-multibyte-l1-1-0.dll
0x000000001a640000 - 0x000000001a650000 	C:\Program Files\Java\jre1.8.0_191\bin\api-ms-win-crt-private-l1-1-0.dll
0x000000001a650000 - 0x000000001a653000 	C:\Program Files\Java\jre1.8.0_191\bin\api-ms-win-crt-process-l1-1-0.dll
0x000000001a660000 - 0x000000001a664000 	C:\Program Files\Java\jre1.8.0_191\bin\api-ms-win-crt-runtime-l1-1-0.dll
0x000000001a670000 - 0x000000001a674000 	C:\Program Files\Java\jre1.8.0_191\bin\api-ms-win-crt-stdio-l1-1-0.dll
0x000000001a680000 - 0x000000001a684000 	C:\Program Files\Java\jre1.8.0_191\bin\api-ms-win-crt-string-l1-1-0.dll
0x000000001a690000 - 0x000000001a693000 	C:\Program Files\Java\jre1.8.0_191\bin\api-ms-win-crt-time-l1-1-0.dll
0x000000001a6a0000 - 0x000000001a6a3000 	C:\Program Files\Java\jre1.8.0_191\bin\api-ms-win-crt-utility-l1-1-0.dll
0x00007fff088c0000 - 0x00007fff089b6000 	C:\Program Files\Java\jre1.8.0_191\bin\ucrtbase.dll
0x00007fff193f0000 - 0x00007fff19406000 	C:\Program Files\Java\jre1.8.0_191\bin\vcruntime140.dll
0x00007fff0d740000 - 0x00007fff0d7dc000 	C:\Program Files\Java\jre1.8.0_191\bin\msvcp140.dll
0x00007fff191a0000 - 0x00007fff191f1000 	C:\Program Files\Java\jre1.8.0_191\bin\concrt140.dll
0x000000006f430000 - 0x000000006f453000 	C:\Program Files\Java\jre1.8.0_191\bin\prism_d3d.dll
0x00007fff007a0000 - 0x00007fff00937000 	C:\WINDOWS\system32\d3d9.dll
0x00007fff2a220000 - 0x00007fff2a249000 	C:\WINDOWS\SYSTEM32\dwmapi.dll
0x00007fff29e60000 - 0x00007fff29ef8000 	C:\WINDOWS\system32\uxtheme.dll
0x000000006f3e0000 - 0x000000006f429000 	C:\Program Files\Java\jre1.8.0_191\bin\glass.dll
0x00007fff2eb80000 - 0x00007fff2ec6d000 	C:\WINDOWS\System32\COMDLG32.dll
0x00007fff2e920000 - 0x00007fff2ea71000 	C:\WINDOWS\System32\ole32.dll
0x00007fff2ea80000 - 0x00007fff2eb42000 	C:\WINDOWS\System32\OLEAUT32.dll
0x00007fff2cde0000 - 0x00007fff2cf53000 	C:\WINDOWS\System32\MSCTF.dll
0x000000006f3c0000 - 0x000000006f3d4000 	C:\Program Files\Java\jre1.8.0_191\bin\javafx_font.dll
0x0000000070240000 - 0x000000007025a000 	C:\Program Files\Java\jre1.8.0_191\bin\net.dll
0x00007fff236c0000 - 0x00007fff239dc000 	C:\WINDOWS\SYSTEM32\dwrite.dll
0x00007fff2f4c0000 - 0x00007fff2f560000 	C:\WINDOWS\System32\clbcatq.dll
0x00007fff24dc0000 - 0x00007fff24f6e000 	C:\WINDOWS\SYSTEM32\WindowsCodecs.dll
0x00007fff246b0000 - 0x00007fff24746000 	C:\WINDOWS\System32\TextInputFramework.dll
0x00007fff24220000 - 0x00007fff2453e000 	C:\WINDOWS\System32\CoreUIComponents.dll
0x00007fff29900000 - 0x00007fff299da000 	C:\WINDOWS\System32\CoreMessaging.dll
0x00007fff2abe0000 - 0x00007fff2ac11000 	C:\WINDOWS\SYSTEM32\ntmarta.dll
0x00007fff27d60000 - 0x00007fff27ead000 	C:\WINDOWS\SYSTEM32\wintypes.dll
0x000000006f390000 - 0x000000006f3b3000 	C:\Program Files\Java\jre1.8.0_191\bin\javafx_iio.dll
0x000000006f370000 - 0x000000006f382000 	C:\Program Files\Java\jre1.8.0_191\bin\prism_common.dll

VM Arguments:
jvm_args: -agentlib:jdwp=transport=dt_socket,suspend=y,address=localhost:20675 -javaagent:C:\Users\Admin\eclipse\java-2018-12\eclipse\configuration\org.eclipse.osgi\221\0\.cp\lib\javaagent-shaded.jar -Dfile.encoding=Cp1250 
java_command: application.Main
java_class_path (initial): C:\Users\Admin\eclipse-workspace\Project\bin;C:\Users\Admin\.p2\pool\plugins\org.eclipse.fx.ide.css.jfx8_3.4.1.201810030906.jar;C:\Users\Admin\Downloads\org.eclipse.paho.client.mqttv3-1.2.1.jar;C:\Users\Admin\eclipse\java-2018-12\eclipse\configuration\org.eclipse.osgi\221\0\.cp\lib\javaagent-shaded.jar
Launcher Type: SUN_STANDARD

Environment Variables:
JAVA_HOME=C:\Program Files (x86)\Java\jdk1.8.0_192
PATH=C:/Program Files/Java/jre1.8.0_191/bin/server;C:/Program Files/Java/jre1.8.0_191/bin;C:/Program Files/Java/jre1.8.0_191/lib/amd64;C:\Program Files (x86)\Common Files\Oracle\Java\javapath;C:\ProgramData\Oracle\Java\javapath;C:\Program Files (x86)\Intel\iCLS Client\;C:\Program Files\Intel\iCLS Client\;C:\Program Files (x86)\AMD APP\bin\x86_64;C:\Program Files (x86)\AMD APP\bin\x86;C:\WINDOWS\system32;C:\WINDOWS;C:\WINDOWS\System32\Wbem;C:\WINDOWS\System32\WindowsPowerShell\v1.0\;C:\Program Files (x86)\ATI Technologies\ATI.ACE\Core-Static;C:\Program Files\Intel\Intel(R) Management Engine Components\DAL;C:\Program Files\Intel\Intel(R) Management Engine Components\IPT;C:\Program Files (x86)\Intel\Intel(R) Management Engine Components\DAL;C:\Program Files (x86)\Intel\Intel(R) Management Engine Components\IPT;C:\Program Files (x86)\Windows Live\Shared;C:\Program Files (x86)\AMD\ATI.ACE\Core-Static;C:\Program Files\Microsoft\Web Platform Installer\;C:\Program Files (x86)\Microsoft ASP.NET\ASP.NET Web Pages\v1.0\;C:\Program Files\Microsoft SQL Server\110\Tools\Binn\;C:\WINDOWS\System32\OpenSSH\;C:\Program Files\dotnet\;C:\Program Files\Microsoft SQL Server\130\Tools\Binn\;E:\Programy\Visual Studio 2017\Common7\Tools\;E:\Programy\Visual Studio 2017\Python36_64\Scripts\;E:\Programy\Visual Studio 2017\Python36_64\Tools\;C:\Users\Admin\AppData\Local\Programs\Python\Python37-32\Scripts\;C:\Users\Admin\AppData\Local\Programs\Python\Python37-32\;E:\Programy\Visual Studio 2017\Python36_64\Tools\;E:\Programy\Visual Studio 2017\Python36_64\Scripts\;E:\Programy\Visual Studio 2017\Python36_64\;;C:\Users\Admin\Desktop;
USERNAME=Admin
OS=Windows_NT
PROCESSOR_IDENTIFIER=Intel64 Family 6 Model 58 Stepping 9, GenuineIntel



---------------  S Y S T E M  ---------------

OS: Windows 10.0 , 64 bit Build 17134 (10.0.17134.706)

CPU:total 4 (initial active 4) (2 cores per cpu, 2 threads per core) family 6 model 58 stepping 9, cmov, cx8, fxsr, mmx, sse, sse2, sse3, ssse3, sse4.1, sse4.2, popcnt, avx, aes, clmul, erms, ht, tsc, tscinvbit, tscinv

Memory: 4k page, physical 6180424k(971592k free), swap 16171556k(4780k free)

vm_info: Java HotSpot(TM) 64-Bit Server VM (25.191-b12) for windows-amd64 JRE (1.8.0_191-b12), built on Oct  6 2018 09:29:03 by "java_re" with MS VC++ 10.0 (VS2010)

time: Tue May 14 19:22:20 2019
elapsed time: 3806 seconds (0d 1h 3m 26s)

