#
# There is insufficient memory for the Java Runtime Environment to continue.
# Native memory allocation (malloc) failed to allocate 2011856 bytes for Chunk::new
# Possible reasons:
#   The system is out of physical RAM or swap space
#   In 32 bit mode, the process size limit was hit
# Possible solutions:
#   Reduce memory load on the system
#   Increase physical memory or swap space
#   Check if swap backing store is full
#   Use 64 bit Java on a 64 bit OS
#   Decrease Java heap size (-Xmx/-Xms)
#   Decrease number of Java threads
#   Decrease Java thread stack sizes (-Xss)
#   Set larger code cache with -XX:ReservedCodeCacheSize=
# This output file may be truncated or incomplete.
#
#  Out of Memory Error (allocation.cpp:390), pid=11832, tid=0x0000000000004f78
#
# JRE version: Java(TM) SE Runtime Environment (8.0_191-b12) (build 1.8.0_191-b12)
# Java VM: Java HotSpot(TM) 64-Bit Server VM (25.191-b12 mixed mode windows-amd64 compressed oops)
# Failed to write core dump. Minidumps are not enabled by default on client versions of Windows
#

---------------  T H R E A D  ---------------

Current thread (0x0000000017d1a800):  JavaThread "C2 CompilerThread1" daemon [_thread_in_native, id=20344, stack(0x0000000018180000,0x0000000018280000)]

Stack: [0x0000000018180000,0x0000000018280000]
[error occurred during error reporting (printing stack bounds), id 0xc0000005]

Native frames: (J=compiled Java code, j=interpreted, Vv=VM code, C=native code)


Current CompileTask:
C2:   3675 1197 %     4       org.eclipse.jdt.launching.internal.org.objectweb.asm.ClassReader::readCode @ 1718 (5089 bytes)


---------------  P R O C E S S  ---------------

Java Threads: ( => current thread )
  0x0000000019376800 JavaThread "MQTT Ping: paho1962153800805049" [_thread_blocked, id=16324, stack(0x0000000020280000,0x0000000020380000)]
  0x0000000019376000 JavaThread "MQTT Call: paho1962153800805049" [_thread_blocked, id=20200, stack(0x0000000020180000,0x0000000020280000)]
  0x0000000018e71800 JavaThread "MQTT Snd: paho1962153800805049" [_thread_blocked, id=17764, stack(0x0000000020080000,0x0000000020180000)]
  0x000000001d849800 JavaThread "MQTT Rec: paho1962153800805049" [_thread_in_native, id=17980, stack(0x000000001eed0000,0x000000001efd0000)]
  0x000000001907b800 JavaThread "JavaFX-Launcher" [_thread_blocked, id=11312, stack(0x000000001d2f0000,0x000000001d3f0000)]
  0x0000000018efe800 JavaThread "Thread-2" daemon [_thread_in_native, id=10428, stack(0x000000001c220000,0x000000001c320000)]
  0x000000001923f800 JavaThread "JavaFX Application Thread" [_thread_in_native, id=19496, stack(0x000000001a270000,0x000000001a370000)]
  0x00000000198c3800 JavaThread "Thread-1" daemon [_thread_blocked, id=15732, stack(0x000000001a170000,0x000000001a270000)]
  0x0000000018d4e000 JavaThread "QuantumRenderer-0" daemon [_thread_blocked, id=13988, stack(0x0000000019ee0000,0x0000000019fe0000)]
  0x0000000017d27000 JavaThread "Service Thread" daemon [_thread_blocked, id=19024, stack(0x0000000018380000,0x0000000018480000)]
  0x0000000017d1e800 JavaThread "C1 CompilerThread2" daemon [_thread_blocked, id=15528, stack(0x0000000018280000,0x0000000018380000)]
=>0x0000000017d1a800 JavaThread "C2 CompilerThread1" daemon [_thread_in_native, id=20344, stack(0x0000000018180000,0x0000000018280000)]
  0x0000000017d18000 JavaThread "C2 CompilerThread0" daemon [_thread_in_native, id=19548, stack(0x0000000018080000,0x0000000018180000)]
  0x0000000015ff9800 JavaThread "JDWP Command Reader" daemon [_thread_in_native, id=20188, stack(0x0000000017b80000,0x0000000017c80000)]
  0x0000000015ff8000 JavaThread "JDWP Event Helper Thread" daemon [_thread_blocked, id=13364, stack(0x0000000017a80000,0x0000000017b80000)]
  0x0000000015fe8000 JavaThread "JDWP Transport Listener: dt_socket" daemon [_thread_blocked, id=19940, stack(0x0000000017980000,0x0000000017a80000)]
  0x0000000015fe1800 JavaThread "Attach Listener" daemon [_thread_blocked, id=18232, stack(0x0000000017540000,0x0000000017640000)]
  0x0000000015fdf800 JavaThread "Signal Dispatcher" daemon [_thread_blocked, id=20300, stack(0x0000000017440000,0x0000000017540000)]
  0x000000000274d000 JavaThread "Finalizer" daemon [_thread_blocked, id=19756, stack(0x0000000017230000,0x0000000017330000)]
  0x0000000002742000 JavaThread "Reference Handler" daemon [_thread_blocked, id=20016, stack(0x0000000017130000,0x0000000017230000)]
  0x0000000002653800 JavaThread "main" [_thread_blocked, id=11760, stack(0x00000000023d0000,0x00000000024d0000)]

Other Threads:
  0x0000000015fa9000 VMThread [stack: 0x0000000017030000,0x0000000017130000] [id=20196]
  0x0000000017df3800 WatcherThread [stack: 0x0000000018480000,0x0000000018580000] [id=20348]

VM state:not at safepoint (normal execution)

VM Mutex/Monitor currently owned by a thread: None

Heap:
 PSYoungGen      total 28672K, used 15172K [0x00000000e0900000, 0x00000000e4100000, 0x0000000100000000)
  eden space 24576K, 45% used [0x00000000e0900000,0x00000000e13d5190,0x00000000e2100000)
  from space 4096K, 99% used [0x00000000e2100000,0x00000000e24fc050,0x00000000e2500000)
  to   space 4096K, 0% used [0x00000000e3d00000,0x00000000e3d00000,0x00000000e4100000)
 ParOldGen       total 65536K, used 591K [0x00000000a1a00000, 0x00000000a5a00000, 0x00000000e0900000)
  object space 65536K, 0% used [0x00000000a1a00000,0x00000000a1a93db8,0x00000000a5a00000)
 Metaspace       used 15214K, capacity 15632K, committed 15872K, reserved 1062912K
  class space    used 1932K, capacity 2037K, committed 2048K, reserved 1048576K

Card table byte_map: [0x0000000011b10000,0x0000000011e10000] byte_map_base: 0x0000000011603000

Marking Bits: (ParMarkBitMap*) 0x000000006fe33e30
 Begin Bits: [0x0000000012410000, 0x0000000013ba8000)
 End Bits:   [0x0000000013ba8000, 0x0000000015340000)

Polling page: 0x00000000021b0000

CodeCache: size=245760Kb used=6121Kb max_used=6135Kb free=239639Kb
 bounds [0x0000000002750000, 0x0000000002d60000, 0x0000000011750000]
 total_blobs=1784 nmethods=1264 adapters=440
 compilation: enabled

Compilation events (10 events):
Event: 3.620 Thread 0x0000000017d1e800 1272       3       java.util.zip.ZipFile$ZipEntryIterator::nextElement (5 bytes)
Event: 3.620 Thread 0x0000000017d1e800 nmethod 1272 0x0000000002d3c510 code [0x0000000002d3c680, 0x0000000002d3c888]
Event: 3.620 Thread 0x0000000017d1e800 1273       3       java.util.zip.ZipFile::access$500 (6 bytes)
Event: 3.620 Thread 0x0000000017d1e800 nmethod 1273 0x0000000002d3c190 code [0x0000000002d3c300, 0x0000000002d3c488]
Event: 3.632 Thread 0x0000000017d1e800 1275       3       java.util.zip.ZipFile::access$900 (7 bytes)
Event: 3.632 Thread 0x0000000017d1e800 nmethod 1275 0x0000000002d3ba50 code [0x0000000002d3bbc0, 0x0000000002d3bd48]
Event: 3.633 Thread 0x0000000017d1e800 1276   !   3       java.util.zip.ZipFile$ZipEntryIterator::hasNext (41 bytes)
Event: 3.634 Thread 0x0000000017d1e800 nmethod 1276 0x0000000002d3b250 code [0x0000000002d3b3e0, 0x0000000002d3b828]
Event: 3.634 Thread 0x0000000017d1e800 1277   !   3       java.util.zip.ZipFile$ZipEntryIterator::next (212 bytes)
Event: 3.639 Thread 0x0000000017d1e800 nmethod 1277 0x0000000002d37810 code [0x0000000002d37b80, 0x0000000002d39598]

GC Heap History (6 events):
Event: 1.430 GC heap before
{Heap before GC invocations=1 (full 0):
 PSYoungGen      total 28672K, used 24576K [0x00000000e0900000, 0x00000000e2900000, 0x0000000100000000)
  eden space 24576K, 100% used [0x00000000e0900000,0x00000000e2100000,0x00000000e2100000)
  from space 4096K, 0% used [0x00000000e2500000,0x00000000e2500000,0x00000000e2900000)
  to   space 4096K, 0% used [0x00000000e2100000,0x00000000e2100000,0x00000000e2500000)
 ParOldGen       total 65536K, used 0K [0x00000000a1a00000, 0x00000000a5a00000, 0x00000000e0900000)
  object space 65536K, 0% used [0x00000000a1a00000,0x00000000a1a00000,0x00000000a5a00000)
 Metaspace       used 7790K, capacity 8070K, committed 8192K, reserved 1056768K
  class space    used 850K, capacity 951K, committed 1024K, reserved 1048576K
Event: 1.439 GC heap after
Heap after GC invocations=1 (full 0):
 PSYoungGen      total 28672K, used 2145K [0x00000000e0900000, 0x00000000e2900000, 0x0000000100000000)
  eden space 24576K, 0% used [0x00000000e0900000,0x00000000e0900000,0x00000000e2100000)
  from space 4096K, 52% used [0x00000000e2100000,0x00000000e23186b0,0x00000000e2500000)
  to   space 4096K, 0% used [0x00000000e2500000,0x00000000e2500000,0x00000000e2900000)
 ParOldGen       total 65536K, used 8K [0x00000000a1a00000, 0x00000000a5a00000, 0x00000000e0900000)
  object space 65536K, 0% used [0x00000000a1a00000,0x00000000a1a02000,0x00000000a5a00000)
 Metaspace       used 7790K, capacity 8070K, committed 8192K, reserved 1056768K
  class space    used 850K, capacity 951K, committed 1024K, reserved 1048576K
}
Event: 2.023 GC heap before
{Heap before GC invocations=2 (full 0):
 PSYoungGen      total 28672K, used 26721K [0x00000000e0900000, 0x00000000e2900000, 0x0000000100000000)
  eden space 24576K, 100% used [0x00000000e0900000,0x00000000e2100000,0x00000000e2100000)
  from space 4096K, 52% used [0x00000000e2100000,0x00000000e23186b0,0x00000000e2500000)
  to   space 4096K, 0% used [0x00000000e2500000,0x00000000e2500000,0x00000000e2900000)
 ParOldGen       total 65536K, used 8K [0x00000000a1a00000, 0x00000000a5a00000, 0x00000000e0900000)
  object space 65536K, 0% used [0x00000000a1a00000,0x00000000a1a02000,0x00000000a5a00000)
 Metaspace       used 11271K, capacity 11610K, committed 11776K, reserved 1058816K
  class space    used 1323K, capacity 1459K, committed 1536K, reserved 1048576K
Event: 2.032 GC heap after
Heap after GC invocations=2 (full 0):
 PSYoungGen      total 28672K, used 2656K [0x00000000e0900000, 0x00000000e4100000, 0x0000000100000000)
  eden space 24576K, 0% used [0x00000000e0900000,0x00000000e0900000,0x00000000e2100000)
  from space 4096K, 64% used [0x00000000e2500000,0x00000000e2798050,0x00000000e2900000)
  to   space 4096K, 0% used [0x00000000e2100000,0x00000000e2100000,0x00000000e2500000)
 ParOldGen       total 65536K, used 16K [0x00000000a1a00000, 0x00000000a5a00000, 0x00000000e0900000)
  object space 65536K, 0% used [0x00000000a1a00000,0x00000000a1a04000,0x00000000a5a00000)
 Metaspace       used 11271K, capacity 11610K, committed 11776K, reserved 1058816K
  class space    used 1323K, capacity 1459K, committed 1536K, reserved 1048576K
}
Event: 3.381 GC heap before
{Heap before GC invocations=3 (full 0):
 PSYoungGen      total 28672K, used 27232K [0x00000000e0900000, 0x00000000e4100000, 0x0000000100000000)
  eden space 24576K, 100% used [0x00000000e0900000,0x00000000e2100000,0x00000000e2100000)
  from space 4096K, 64% used [0x00000000e2500000,0x00000000e2798050,0x00000000e2900000)
  to   space 4096K, 0% used [0x00000000e2100000,0x00000000e2100000,0x00000000e2500000)
 ParOldGen       total 65536K, used 16K [0x00000000a1a00000, 0x00000000a5a00000, 0x00000000e0900000)
  object space 65536K, 0% used [0x00000000a1a00000,0x00000000a1a04000,0x00000000a5a00000)
 Metaspace       used 14187K, capacity 14548K, committed 14720K, reserved 1062912K
  class space    used 1751K, capacity 1871K, committed 1920K, reserved 1048576K
Event: 3.398 GC heap after
Heap after GC invocations=3 (full 0):
 PSYoungGen      total 28672K, used 4080K [0x00000000e0900000, 0x00000000e4100000, 0x0000000100000000)
  eden space 24576K, 0% used [0x00000000e0900000,0x00000000e0900000,0x00000000e2100000)
  from space 4096K, 99% used [0x00000000e2100000,0x00000000e24fc050,0x00000000e2500000)
  to   space 4096K, 0% used [0x00000000e3d00000,0x00000000e3d00000,0x00000000e4100000)
 ParOldGen       total 65536K, used 591K [0x00000000a1a00000, 0x00000000a5a00000, 0x00000000e0900000)
  object space 65536K, 0% used [0x00000000a1a00000,0x00000000a1a93db8,0x00000000a5a00000)
 Metaspace       used 14187K, capacity 14548K, committed 14720K, reserved 1062912K
  class space    used 1751K, capacity 1871K, committed 1920K, reserved 1048576K
}

Deoptimization events (10 events):
Event: 1.052 Thread 0x0000000002653800 Uncommon trap: reason=unstable_if action=reinterpret pc=0x00000000029715c4 method=org.eclipse.jdt.launching.internal.org.objectweb.asm.ByteVector.putUTF8(Ljava/lang/String;)Lorg/eclipse/jdt/launching/internal/org/objectweb/asm/ByteVector; @ 100
Event: 1.052 Thread 0x0000000002653800 Uncommon trap: reason=unstable_if action=reinterpret pc=0x000000000292c8ac method=org.eclipse.jdt.launching.internal.org.objectweb.asm.ByteVector.putUTF8(Ljava/lang/String;)Lorg/eclipse/jdt/launching/internal/org/objectweb/asm/ByteVector; @ 100
Event: 2.219 Thread 0x000000001923f800 Uncommon trap: reason=unstable_if action=reinterpret pc=0x0000000002a2c44c method=org.eclipse.jdt.launching.internal.org.objectweb.asm.SymbolTable.addConstantUtf8Reference(ILjava/lang/String;)Lorg/eclipse/jdt/launching/internal/org/objectweb/asm/Symbol; @
Event: 2.219 Thread 0x000000001923f800 Uncommon trap: reason=unstable_if action=reinterpret pc=0x0000000002a1dd80 method=org.eclipse.jdt.launching.internal.org.objectweb.asm.SymbolTable.addConstantUtf8(Ljava/lang/String;)I @ 40
Event: 2.219 Thread 0x000000001923f800 Uncommon trap: reason=unstable_if action=reinterpret pc=0x0000000002a01a0c method=org.eclipse.jdt.launching.internal.org.objectweb.asm.ByteVector.putUTF8(Ljava/lang/String;)Lorg/eclipse/jdt/launching/internal/org/objectweb/asm/ByteVector; @ 93
Event: 2.219 Thread 0x000000001923f800 Uncommon trap: reason=unstable_if action=reinterpret pc=0x0000000002a9c3d0 method=org.eclipse.jdt.launching.internal.org.objectweb.asm.ByteVector.encodeUtf8(Ljava/lang/String;II)Lorg/eclipse/jdt/launching/internal/org/objectweb/asm/ByteVector; @ 30
Event: 2.405 Thread 0x000000001923f800 Uncommon trap: reason=unstable_if action=reinterpret pc=0x000000000291859c method=java.lang.String.indexOf([CII[CIII)I @ 3
Event: 2.625 Thread 0x000000001923f800 Uncommon trap: reason=unstable_if action=reinterpret pc=0x0000000002be132c method=org.eclipse.jdt.launching.internal.org.objectweb.asm.ClassReader.readCode(Lorg/eclipse/jdt/launching/internal/org/objectweb/asm/MethodVisitor;Lorg/eclipse/jdt/launching/inte
Event: 3.500 Thread 0x000000001923f800 Uncommon trap: reason=unstable_if action=reinterpret pc=0x0000000002b69778 method=java.util.HashMap.hash(Ljava/lang/Object;)I @ 1
Event: 3.500 Thread 0x000000001923f800 Uncommon trap: reason=unstable_if action=reinterpret pc=0x0000000002bc8ec4 method=java.util.HashMap.hash(Ljava/lang/Object;)I @ 1

Classes redefined (0 events):
No events

Internal exceptions (10 events):
Event: 1.908 Thread 0x000000001923f800 Exception <a 'java/lang/NullPointerException'> (0x00000000e1d02ee0) thrown at [C:\re\workspace\8-2-build-windows-amd64-cygwin\jdk8u191\11896\hotspot\src\share\vm\interpreter\linkResolver.cpp, line 1185]
Event: 1.908 Thread 0x000000001923f800 Exception <a 'java/lang/NullPointerException'> (0x00000000e1d02ee0) thrown at [C:\re\workspace\8-2-build-windows-amd64-cygwin\jdk8u191\11896\hotspot\src\share\vm\prims\jvm.cpp, line 1439]
Event: 2.088 Thread 0x000000001923f800 Exception <a 'java/lang/ArrayIndexOutOfBoundsException': 78> (0x00000000e0a20b98) thrown at [C:\re\workspace\8-2-build-windows-amd64-cygwin\jdk8u191\11896\hotspot\src\share\vm\interpreter\interpreterRuntime.cpp, line 366]
Event: 2.092 Thread 0x000000001923f800 Exception <a 'java/lang/ArrayIndexOutOfBoundsException': 18> (0x00000000e0a25510) thrown at [C:\re\workspace\8-2-build-windows-amd64-cygwin\jdk8u191\11896\hotspot\src\share\vm\interpreter\interpreterRuntime.cpp, line 366]
Event: 2.093 Thread 0x000000001923f800 Exception <a 'java/lang/ArrayIndexOutOfBoundsException'> (0x00000000e0a272a8) thrown at [C:\re\workspace\8-2-build-windows-amd64-cygwin\jdk8u191\11896\hotspot\src\share\vm\runtime\sharedRuntime.cpp, line 605]
Event: 2.110 Thread 0x000000001923f800 Exception <a 'java/lang/ArrayIndexOutOfBoundsException'> (0x00000000e0a6dd70) thrown at [C:\re\workspace\8-2-build-windows-amd64-cygwin\jdk8u191\11896\hotspot\src\share\vm\runtime\sharedRuntime.cpp, line 605]
Event: 2.461 Thread 0x000000001923f800 Exception <a 'java/lang/ArrayIndexOutOfBoundsException'> (0x00000000e15ac970) thrown at [C:\re\workspace\8-2-build-windows-amd64-cygwin\jdk8u191\11896\hotspot\src\share\vm\runtime\sharedRuntime.cpp, line 605]
Event: 2.462 Thread 0x000000001923f800 Exception <a 'java/lang/ArrayIndexOutOfBoundsException'> (0x00000000e15add58) thrown at [C:\re\workspace\8-2-build-windows-amd64-cygwin\jdk8u191\11896\hotspot\src\share\vm\runtime\sharedRuntime.cpp, line 605]
Event: 3.499 Thread 0x000000001923f800 Implicit null exception at 0x0000000002b69434 to 0x0000000002b69761
Event: 3.500 Thread 0x000000001923f800 Implicit null exception at 0x0000000002bc839e to 0x0000000002bc8ea9

Events (10 events):
Event: 3.633 Thread 0x000000001923f800 DEOPT PACKING pc=0x0000000002a3fe81 sp=0x000000001a36c790
Event: 3.633 Thread 0x000000001923f800 DEOPT UNPACKING pc=0x0000000002797890 sp=0x000000001a36c4e0 mode 1
Event: 3.633 Thread 0x000000001923f800 DEOPT PACKING pc=0x00000000028ccb1c sp=0x000000001a36c810
Event: 3.633 Thread 0x000000001923f800 DEOPT UNPACKING pc=0x0000000002797890 sp=0x000000001a36c630 mode 1
Event: 3.633 Thread 0x000000001923f800 DEOPT PACKING pc=0x00000000029fc7dc sp=0x000000001a36c9a0
Event: 3.633 Thread 0x000000001923f800 DEOPT UNPACKING pc=0x0000000002797890 sp=0x000000001a36c6e0 mode 1
Event: 3.635 loading class com/sun/javafx/tk/quantum/WindowStage$1
Event: 3.635 loading class com/sun/javafx/tk/quantum/WindowStage$1 done
Event: 3.635 loading class com/sun/javafx/tk/FocusCause
Event: 3.635 loading class com/sun/javafx/tk/FocusCause done


Dynamic libraries:
0x00007ff6bf170000 - 0x00007ff6bf1a7000 	C:\Program Files\Java\jre1.8.0_191\bin\javaw.exe
0x00007fff2f810000 - 0x00007fff2f9f1000 	C:\WINDOWS\SYSTEM32\ntdll.dll
0x00007fff2f250000 - 0x00007fff2f301000 	C:\WINDOWS\System32\KERNEL32.DLL
0x00007fff2c880000 - 0x00007fff2caf3000 	C:\WINDOWS\System32\KERNELBASE.dll
0x00007fff2e800000 - 0x00007fff2e8a1000 	C:\WINDOWS\System32\ADVAPI32.dll
0x00007fff2f1b0000 - 0x00007fff2f24e000 	C:\WINDOWS\System32\msvcrt.dll
0x00007fff2f590000 - 0x00007fff2f5eb000 	C:\WINDOWS\System32\sechost.dll
0x00007fff2d290000 - 0x00007fff2d3b4000 	C:\WINDOWS\System32\RPCRT4.dll
0x00007fff2f650000 - 0x00007fff2f7e0000 	C:\WINDOWS\System32\USER32.dll
0x00007fff2c690000 - 0x00007fff2c6b0000 	C:\WINDOWS\System32\win32u.dll
0x00007fff2eb50000 - 0x00007fff2eb78000 	C:\WINDOWS\System32\GDI32.dll
0x00007fff2cb00000 - 0x00007fff2cc92000 	C:\WINDOWS\System32\gdi32full.dll
0x00007fff2bbe0000 - 0x00007fff2bc7f000 	C:\WINDOWS\System32\msvcp_win.dll
0x00007fff2c780000 - 0x00007fff2c878000 	C:\WINDOWS\System32\ucrtbase.dll
0x00007fff1daa0000 - 0x00007fff1dd09000 	C:\WINDOWS\WinSxS\amd64_microsoft.windows.common-controls_6595b64144ccf1df_6.0.17134.706_none_fb43a2cb30647007\COMCTL32.dll
0x00007fff2cf60000 - 0x00007fff2d282000 	C:\WINDOWS\System32\combase.dll
0x00007fff2c6b0000 - 0x00007fff2c72a000 	C:\WINDOWS\System32\bcryptPrimitives.dll
0x00007fff2f560000 - 0x00007fff2f58d000 	C:\WINDOWS\System32\IMM32.DLL
0x000000006f4f0000 - 0x000000006f5c2000 	C:\Program Files\Java\jre1.8.0_191\bin\msvcr100.dll
0x000000006f610000 - 0x000000006feb4000 	C:\Program Files\Java\jre1.8.0_191\bin\server\jvm.dll
0x00007fff2f1a0000 - 0x00007fff2f1a8000 	C:\WINDOWS\System32\PSAPI.DLL
0x00007ffefc420000 - 0x00007ffefc429000 	C:\WINDOWS\SYSTEM32\WSOCK32.dll
0x00007fff298d0000 - 0x00007fff298f3000 	C:\WINDOWS\SYSTEM32\WINMM.dll
0x00007fff2e8b0000 - 0x00007fff2e91c000 	C:\WINDOWS\System32\WS2_32.dll
0x00007fff25230000 - 0x00007fff2523a000 	C:\WINDOWS\SYSTEM32\VERSION.dll
0x00007fff29470000 - 0x00007fff2949a000 	C:\WINDOWS\SYSTEM32\WINMMBASE.dll
0x00007fff2c730000 - 0x00007fff2c779000 	C:\WINDOWS\System32\cfgmgr32.dll
0x00000000702b0000 - 0x00000000702bf000 	C:\Program Files\Java\jre1.8.0_191\bin\verify.dll
0x0000000070280000 - 0x00000000702a9000 	C:\Program Files\Java\jre1.8.0_191\bin\java.dll
0x000000006f4b0000 - 0x000000006f4e5000 	C:\Program Files\Java\jre1.8.0_191\bin\jdwp.dll
0x000000006f4a0000 - 0x000000006f4a8000 	C:\Program Files\Java\jre1.8.0_191\bin\npt.dll
0x000000006f470000 - 0x000000006f493000 	C:\Program Files\Java\jre1.8.0_191\bin\instrument.dll
0x0000000070260000 - 0x0000000070276000 	C:\Program Files\Java\jre1.8.0_191\bin\zip.dll
0x00007fff2d3c0000 - 0x00007fff2e800000 	C:\WINDOWS\System32\SHELL32.dll
0x00007fff2cd30000 - 0x00007fff2cdd9000 	C:\WINDOWS\System32\shcore.dll
0x00007fff2bf80000 - 0x00007fff2c68d000 	C:\WINDOWS\System32\windows.storage.dll
0x00007fff2f140000 - 0x00007fff2f191000 	C:\WINDOWS\System32\shlwapi.dll
0x00007fff2bbc0000 - 0x00007fff2bbd1000 	C:\WINDOWS\System32\kernel.appcore.dll
0x00007fff2bba0000 - 0x00007fff2bbbf000 	C:\WINDOWS\System32\profapi.dll
0x00007fff2bb40000 - 0x00007fff2bb8c000 	C:\WINDOWS\System32\powrprof.dll
0x00007fff2bb90000 - 0x00007fff2bb9a000 	C:\WINDOWS\System32\FLTLIB.DLL
0x000000006f460000 - 0x000000006f469000 	C:\Program Files\Java\jre1.8.0_191\bin\dt_socket.dll
0x00007fff1a300000 - 0x00007fff1a316000 	C:\WINDOWS\system32\napinsp.dll
0x00007fff1bae0000 - 0x00007fff1bafa000 	C:\WINDOWS\system32\pnrpnsp.dll
0x00007fff273c0000 - 0x00007fff273d9000 	C:\WINDOWS\system32\NLAapi.dll
0x00007fff2b340000 - 0x00007fff2b3a6000 	C:\WINDOWS\System32\mswsock.dll
0x00007fff2b100000 - 0x00007fff2b1be000 	C:\WINDOWS\SYSTEM32\DNSAPI.dll
0x00007fff2f310000 - 0x00007fff2f318000 	C:\WINDOWS\System32\NSI.dll
0x00007fff2b0c0000 - 0x00007fff2b0f8000 	C:\WINDOWS\SYSTEM32\IPHLPAPI.DLL
0x00007fff24a10000 - 0x00007fff24a1e000 	C:\WINDOWS\System32\winrnr.dll
0x00007fff1bb00000 - 0x00007fff1bb15000 	C:\WINDOWS\System32\wshbth.dll
0x00007fff24f70000 - 0x00007fff24fe2000 	C:\WINDOWS\System32\fwpuclnt.dll
0x00007fff2b620000 - 0x00007fff2b645000 	C:\WINDOWS\SYSTEM32\bcrypt.dll
0x00007fff23a50000 - 0x00007fff23a5a000 	C:\Windows\System32\rasadhlp.dll
0x0000000002240000 - 0x0000000002243000 	C:\Program Files\Java\jre1.8.0_191\bin\api-ms-win-core-console-l1-1-0.dll
0x0000000002250000 - 0x0000000002253000 	C:\Program Files\Java\jre1.8.0_191\bin\api-ms-win-core-datetime-l1-1-0.dll
0x0000000002260000 - 0x0000000002263000 	C:\Program Files\Java\jre1.8.0_191\bin\api-ms-win-core-debug-l1-1-0.dll
0x0000000002270000 - 0x0000000002273000 	C:\Program Files\Java\jre1.8.0_191\bin\api-ms-win-core-errorhandling-l1-1-0.dll
0x0000000002280000 - 0x0000000002284000 	C:\Program Files\Java\jre1.8.0_191\bin\api-ms-win-core-file-l1-1-0.dll
0x0000000002290000 - 0x0000000002293000 	C:\Program Files\Java\jre1.8.0_191\bin\api-ms-win-core-file-l1-2-0.dll
0x00000000022a0000 - 0x00000000022a3000 	C:\Program Files\Java\jre1.8.0_191\bin\api-ms-win-core-file-l2-1-0.dll
0x00000000022b0000 - 0x00000000022b3000 	C:\Program Files\Java\jre1.8.0_191\bin\api-ms-win-core-handle-l1-1-0.dll
0x00000000025d0000 - 0x00000000025d3000 	C:\Program Files\Java\jre1.8.0_191\bin\api-ms-win-core-heap-l1-1-0.dll
0x00000000025e0000 - 0x00000000025e3000 	C:\Program Files\Java\jre1.8.0_191\bin\api-ms-win-core-interlocked-l1-1-0.dll
0x00000000025f0000 - 0x00000000025f3000 	C:\Program Files\Java\jre1.8.0_191\bin\api-ms-win-core-libraryloader-l1-1-0.dll
0x0000000002600000 - 0x0000000002603000 	C:\Program Files\Java\jre1.8.0_191\bin\api-ms-win-core-localization-l1-2-0.dll
0x0000000002610000 - 0x0000000002613000 	C:\Program Files\Java\jre1.8.0_191\bin\api-ms-win-core-memory-l1-1-0.dll
0x0000000002620000 - 0x0000000002623000 	C:\Program Files\Java\jre1.8.0_191\bin\api-ms-win-core-namedpipe-l1-1-0.dll
0x0000000002630000 - 0x0000000002633000 	C:\Program Files\Java\jre1.8.0_191\bin\api-ms-win-core-processenvironment-l1-1-0.dll
0x0000000019d50000 - 0x0000000019d53000 	C:\Program Files\Java\jre1.8.0_191\bin\api-ms-win-core-processthreads-l1-1-0.dll
0x0000000019d60000 - 0x0000000019d63000 	C:\Program Files\Java\jre1.8.0_191\bin\api-ms-win-core-processthreads-l1-1-1.dll
0x0000000019d70000 - 0x0000000019d73000 	C:\Program Files\Java\jre1.8.0_191\bin\api-ms-win-core-profile-l1-1-0.dll
0x0000000019d80000 - 0x0000000019d83000 	C:\Program Files\Java\jre1.8.0_191\bin\api-ms-win-core-rtlsupport-l1-1-0.dll
0x0000000019d90000 - 0x0000000019d93000 	C:\Program Files\Java\jre1.8.0_191\bin\api-ms-win-core-string-l1-1-0.dll
0x0000000019da0000 - 0x0000000019da3000 	C:\Program Files\Java\jre1.8.0_191\bin\api-ms-win-core-synch-l1-1-0.dll
0x0000000019db0000 - 0x0000000019db3000 	C:\Program Files\Java\jre1.8.0_191\bin\api-ms-win-core-synch-l1-2-0.dll
0x0000000019dc0000 - 0x0000000019dc3000 	C:\Program Files\Java\jre1.8.0_191\bin\api-ms-win-core-sysinfo-l1-1-0.dll
0x0000000019dd0000 - 0x0000000019dd3000 	C:\Program Files\Java\jre1.8.0_191\bin\api-ms-win-core-timezone-l1-1-0.dll
0x0000000019de0000 - 0x0000000019de3000 	C:\Program Files\Java\jre1.8.0_191\bin\api-ms-win-core-util-l1-1-0.dll
0x0000000019df0000 - 0x0000000019df3000 	C:\Program Files\Java\jre1.8.0_191\bin\api-ms-win-crt-conio-l1-1-0.dll
0x0000000019e00000 - 0x0000000019e04000 	C:\Program Files\Java\jre1.8.0_191\bin\api-ms-win-crt-convert-l1-1-0.dll
0x0000000019e10000 - 0x0000000019e13000 	C:\Program Files\Java\jre1.8.0_191\bin\api-ms-win-crt-environment-l1-1-0.dll
0x0000000019e20000 - 0x0000000019e23000 	C:\Program Files\Java\jre1.8.0_191\bin\api-ms-win-crt-filesystem-l1-1-0.dll
0x0000000019e30000 - 0x0000000019e33000 	C:\Program Files\Java\jre1.8.0_191\bin\api-ms-win-crt-heap-l1-1-0.dll
0x0000000019e40000 - 0x0000000019e43000 	C:\Program Files\Java\jre1.8.0_191\bin\api-ms-win-crt-locale-l1-1-0.dll
0x0000000019e50000 - 0x0000000019e55000 	C:\Program Files\Java\jre1.8.0_191\bin\api-ms-win-crt-math-l1-1-0.dll
0x0000000019e60000 - 0x0000000019e65000 	C:\Program Files\Java\jre1.8.0_191\bin\api-ms-win-crt-multibyte-l1-1-0.dll
0x0000000019e70000 - 0x0000000019e80000 	C:\Program Files\Java\jre1.8.0_191\bin\api-ms-win-crt-private-l1-1-0.dll
0x0000000019e80000 - 0x0000000019e83000 	C:\Program Files\Java\jre1.8.0_191\bin\api-ms-win-crt-process-l1-1-0.dll
0x0000000019e90000 - 0x0000000019e94000 	C:\Program Files\Java\jre1.8.0_191\bin\api-ms-win-crt-runtime-l1-1-0.dll
0x0000000019ea0000 - 0x0000000019ea4000 	C:\Program Files\Java\jre1.8.0_191\bin\api-ms-win-crt-stdio-l1-1-0.dll
0x0000000019eb0000 - 0x0000000019eb4000 	C:\Program Files\Java\jre1.8.0_191\bin\api-ms-win-crt-string-l1-1-0.dll
0x0000000019ec0000 - 0x0000000019ec3000 	C:\Program Files\Java\jre1.8.0_191\bin\api-ms-win-crt-time-l1-1-0.dll
0x0000000019ed0000 - 0x0000000019ed3000 	C:\Program Files\Java\jre1.8.0_191\bin\api-ms-win-crt-utility-l1-1-0.dll
0x00007fff088c0000 - 0x00007fff089b6000 	C:\Program Files\Java\jre1.8.0_191\bin\ucrtbase.dll
0x00007fff193f0000 - 0x00007fff19406000 	C:\Program Files\Java\jre1.8.0_191\bin\vcruntime140.dll
0x00007fff0d740000 - 0x00007fff0d7dc000 	C:\Program Files\Java\jre1.8.0_191\bin\msvcp140.dll
0x00007fff191a0000 - 0x00007fff191f1000 	C:\Program Files\Java\jre1.8.0_191\bin\concrt140.dll
0x000000006f430000 - 0x000000006f453000 	C:\Program Files\Java\jre1.8.0_191\bin\prism_d3d.dll
0x00007fff007a0000 - 0x00007fff00937000 	C:\WINDOWS\system32\d3d9.dll
0x00007fff2a220000 - 0x00007fff2a249000 	C:\WINDOWS\SYSTEM32\dwmapi.dll
0x00007fff29e60000 - 0x00007fff29ef8000 	C:\WINDOWS\system32\uxtheme.dll
0x00007ffeda530000 - 0x00007ffedaf9e000 	C:\WINDOWS\SYSTEM32\igdumdim64.dll
0x00007fff200e0000 - 0x00007fff20544000 	C:\WINDOWS\SYSTEM32\igdusc64.dll
0x000000006f3e0000 - 0x000000006f429000 	C:\Program Files\Java\jre1.8.0_191\bin\glass.dll
0x00007fff2eb80000 - 0x00007fff2ec6d000 	C:\WINDOWS\System32\COMDLG32.dll
0x00007fff2e920000 - 0x00007fff2ea71000 	C:\WINDOWS\System32\ole32.dll
0x00007fff2ea80000 - 0x00007fff2eb42000 	C:\WINDOWS\System32\OLEAUT32.dll
0x00007fff2cde0000 - 0x00007fff2cf53000 	C:\WINDOWS\System32\MSCTF.dll
0x000000006f3c0000 - 0x000000006f3d4000 	C:\Program Files\Java\jre1.8.0_191\bin\javafx_font.dll
0x0000000070240000 - 0x000000007025a000 	C:\Program Files\Java\jre1.8.0_191\bin\net.dll
0x00007fff236c0000 - 0x00007fff239dc000 	C:\WINDOWS\SYSTEM32\dwrite.dll
0x00007fff2f4c0000 - 0x00007fff2f560000 	C:\WINDOWS\System32\clbcatq.dll
0x00007fff24dc0000 - 0x00007fff24f6e000 	C:\WINDOWS\SYSTEM32\WindowsCodecs.dll
0x00007fff24c30000 - 0x00007fff24c88000 	C:\WINDOWS\system32\dataexchange.dll
0x00007fff28b90000 - 0x00007fff28e9b000 	C:\WINDOWS\system32\d3d11.dll
0x00007fff292d0000 - 0x00007fff2946c000 	C:\WINDOWS\system32\dcomp.dll
0x00007fff2a870000 - 0x00007fff2a92b000 	C:\WINDOWS\system32\dxgi.dll
0x00007fff2a060000 - 0x00007fff2a218000 	C:\WINDOWS\system32\twinapi.appcore.dll
0x00007fff2a030000 - 0x00007fff2a059000 	C:\WINDOWS\system32\RMCLIENT.dll
0x00007fff1a770000 - 0x00007fff1a7a4000 	C:\Program Files\Common Files\Microsoft Shared\Ink\rtscom.dll

VM Arguments:
jvm_args: -agentlib:jdwp=transport=dt_socket,suspend=y,address=localhost:21811 -javaagent:C:\Users\Admin\eclipse\java-2018-12\eclipse\configuration\org.eclipse.osgi\221\0\.cp\lib\javaagent-shaded.jar -Dfile.encoding=Cp1250 
java_command: application.Main
java_class_path (initial): C:\Users\Admin\eclipse-workspace\Project\bin;C:\Users\Admin\.p2\pool\plugins\org.eclipse.fx.ide.css.jfx8_3.4.1.201810030906.jar;C:\Users\Admin\Downloads\org.eclipse.paho.client.mqttv3-1.2.1.jar;C:\Users\Admin\eclipse\java-2018-12\eclipse\configuration\org.eclipse.osgi\221\0\.cp\lib\javaagent-shaded.jar
Launcher Type: SUN_STANDARD

Environment Variables:
JAVA_HOME=C:\Program Files (x86)\Java\jdk1.8.0_192
PATH=C:/Program Files/Java/jre1.8.0_191/bin/server;C:/Program Files/Java/jre1.8.0_191/bin;C:/Program Files/Java/jre1.8.0_191/lib/amd64;C:\Program Files (x86)\Common Files\Oracle\Java\javapath;C:\ProgramData\Oracle\Java\javapath;C:\Program Files (x86)\Intel\iCLS Client\;C:\Program Files\Intel\iCLS Client\;C:\Program Files (x86)\AMD APP\bin\x86_64;C:\Program Files (x86)\AMD APP\bin\x86;C:\WINDOWS\system32;C:\WINDOWS;C:\WINDOWS\System32\Wbem;C:\WINDOWS\System32\WindowsPowerShell\v1.0\;C:\Program Files (x86)\ATI Technologies\ATI.ACE\Core-Static;C:\Program Files\Intel\Intel(R) Management Engine Components\DAL;C:\Program Files\Intel\Intel(R) Management Engine Components\IPT;C:\Program Files (x86)\Intel\Intel(R) Management Engine Components\DAL;C:\Program Files (x86)\Intel\Intel(R) Management Engine Components\IPT;C:\Program Files (x86)\Windows Live\Shared;C:\Program Files (x86)\AMD\ATI.ACE\Core-Static;C:\Program Files\Microsoft\Web Platform Installer\;C:\Program Files (x86)\Microsoft ASP.NET\ASP.NET Web Pages\v1.0\;C:\Program Files\Microsoft SQL Server\110\Tools\Binn\;C:\WINDOWS\System32\OpenSSH\;C:\Program Files\dotnet\;C:\Program Files\Microsoft SQL Server\130\Tools\Binn\;E:\Programy\Visual Studio 2017\Common7\Tools\;E:\Programy\Visual Studio 2017\Python36_64\Scripts\;E:\Programy\Visual Studio 2017\Python36_64\Tools\;C:\Users\Admin\AppData\Local\Programs\Python\Python37-32\Scripts\;C:\Users\Admin\AppData\Local\Programs\Python\Python37-32\;E:\Programy\Visual Studio 2017\Python36_64\Tools\;E:\Programy\Visual Studio 2017\Python36_64\Scripts\;E:\Programy\Visual Studio 2017\Python36_64\;;C:\Users\Admin\Desktop;
USERNAME=Admin
OS=Windows_NT
PROCESSOR_IDENTIFIER=Intel64 Family 6 Model 58 Stepping 9, GenuineIntel



---------------  S Y S T E M  ---------------

OS: Windows 10.0 , 64 bit Build 17134 (10.0.17134.706)

CPU:total 4 (initial active 4) (2 cores per cpu, 2 threads per core) family 6 model 58 stepping 9, cmov, cx8, fxsr, mmx, sse, sse2, sse3, ssse3, sse4.1, sse4.2, popcnt, avx, aes, clmul, erms, ht, tsc, tscinvbit, tscinv

Memory: 4k page, physical 6180424k(609876k free), swap 16171556k(4696k free)

vm_info: Java HotSpot(TM) 64-Bit Server VM (25.191-b12) for windows-amd64 JRE (1.8.0_191-b12), built on Oct  6 2018 09:29:03 by "java_re" with MS VC++ 10.0 (VS2010)

time: Tue May 14 19:17:21 2019
elapsed time: 3 seconds (0d 0h 0m 3s)

