#
# There is insufficient memory for the Java Runtime Environment to continue.
# Native memory allocation (malloc) failed to allocate 265120 bytes for Chunk::new
# Possible reasons:
#   The system is out of physical RAM or swap space
#   In 32 bit mode, the process size limit was hit
# Possible solutions:
#   Reduce memory load on the system
#   Increase physical memory or swap space
#   Check if swap backing store is full
#   Use 64 bit Java on a 64 bit OS
#   Decrease Java heap size (-Xmx/-Xms)
#   Decrease number of Java threads
#   Decrease Java thread stack sizes (-Xss)
#   Set larger code cache with -XX:ReservedCodeCacheSize=
# This output file may be truncated or incomplete.
#
#  Out of Memory Error (allocation.cpp:390), pid=1512, tid=0x0000000000002414
#
# JRE version: Java(TM) SE Runtime Environment (8.0_191-b12) (build 1.8.0_191-b12)
# Java VM: Java HotSpot(TM) 64-Bit Server VM (25.191-b12 mixed mode windows-amd64 compressed oops)
# Failed to write core dump. Minidumps are not enabled by default on client versions of Windows
#

---------------  T H R E A D  ---------------

Current thread (0x0000000017a3e800):  JavaThread "C2 CompilerThread0" daemon [_thread_in_native, id=9236, stack(0x0000000017da0000,0x0000000017ea0000)]

Stack: [0x0000000017da0000,0x0000000017ea0000]
[error occurred during error reporting (printing stack bounds), id 0xc0000005]

Native frames: (J=compiled Java code, j=interpreted, Vv=VM code, C=native code)


Current CompileTask:
C2:3134809 1968 %     4       org.eclipse.jdt.launching.internal.org.objectweb.asm.ClassReader::readCode @ 71 (5089 bytes)


---------------  P R O C E S S  ---------------

Java Threads: ( => current thread )
  0x000000001f342000 JavaThread "DestroyJavaVM" [_thread_blocked, id=15372, stack(0x0000000002050000,0x0000000002150000)]
  0x000000001f343800 JavaThread "Prism Font Disposer" daemon [_thread_blocked, id=9708, stack(0x0000000020280000,0x0000000020380000)]
  0x000000001f345000 JavaThread "MQTT Ping: paho1959041573516703" [_thread_blocked, id=16212, stack(0x000000001fc80000,0x000000001fd80000)]
  0x000000001914d000 JavaThread "MQTT Call: paho1959041573516703" [_thread_blocked, id=17140, stack(0x000000001db20000,0x000000001dc20000)]
  0x000000001914c800 JavaThread "MQTT Snd: paho1959041573516703" [_thread_blocked, id=12904, stack(0x000000001da20000,0x000000001db20000)]
  0x000000001914b800 JavaThread "MQTT Rec: paho1959041573516703" [_thread_in_native, id=8248, stack(0x000000001d920000,0x000000001da20000)]
  0x000000001a947000 JavaThread "Thread-2" daemon [_thread_in_native, id=8896, stack(0x000000001d320000,0x000000001d420000)]
  0x00000000188fd000 JavaThread "Thread-1" daemon [_thread_blocked, id=5092, stack(0x0000000019f80000,0x000000001a080000)]
  0x0000000017a4e000 JavaThread "Service Thread" daemon [_thread_blocked, id=6328, stack(0x00000000180a0000,0x00000000181a0000)]
  0x0000000017a45800 JavaThread "C1 CompilerThread2" daemon [_thread_blocked, id=11340, stack(0x0000000017fa0000,0x00000000180a0000)]
  0x0000000017a41000 JavaThread "C2 CompilerThread1" daemon [_thread_blocked, id=9428, stack(0x0000000017ea0000,0x0000000017fa0000)]
=>0x0000000017a3e800 JavaThread "C2 CompilerThread0" daemon [_thread_in_native, id=9236, stack(0x0000000017da0000,0x0000000017ea0000)]
  0x0000000015d01000 JavaThread "JDWP Command Reader" daemon [_thread_in_native, id=2280, stack(0x00000000178a0000,0x00000000179a0000)]
  0x0000000015cff800 JavaThread "JDWP Event Helper Thread" daemon [_thread_blocked, id=14036, stack(0x00000000177a0000,0x00000000178a0000)]
  0x0000000015ce5800 JavaThread "JDWP Transport Listener: dt_socket" daemon [_thread_blocked, id=16736, stack(0x00000000176a0000,0x00000000177a0000)]
  0x0000000015ce0800 JavaThread "Attach Listener" daemon [_thread_blocked, id=8816, stack(0x0000000017260000,0x0000000017360000)]
  0x0000000015cdf000 JavaThread "Signal Dispatcher" daemon [_thread_blocked, id=17228, stack(0x0000000017160000,0x0000000017260000)]
  0x000000000244d000 JavaThread "Finalizer" daemon [_thread_blocked, id=16956, stack(0x0000000016f50000,0x0000000017050000)]
  0x0000000002442000 JavaThread "Reference Handler" daemon [_thread_blocked, id=14576, stack(0x0000000016e50000,0x0000000016f50000)]

Other Threads:
  0x0000000015ca9000 VMThread [stack: 0x0000000016d50000,0x0000000016e50000] [id=1260]
  0x0000000017b02800 WatcherThread [stack: 0x00000000181a0000,0x00000000182a0000] [id=16812]

VM state:not at safepoint (normal execution)

VM Mutex/Monitor currently owned by a thread: None

Heap:
 PSYoungGen      total 28672K, used 13704K [0x00000000e0900000, 0x00000000e5800000, 0x0000000100000000)
  eden space 24576K, 39% used [0x00000000e0900000,0x00000000e12679c0,0x00000000e2100000)
  from space 4096K, 99% used [0x00000000e2100000,0x00000000e24fa680,0x00000000e2500000)
  to   space 15872K, 0% used [0x00000000e4880000,0x00000000e4880000,0x00000000e5800000)
 ParOldGen       total 65536K, used 15522K [0x00000000a1a00000, 0x00000000a5a00000, 0x00000000e0900000)
  object space 65536K, 23% used [0x00000000a1a00000,0x00000000a2928910,0x00000000a5a00000)
 Metaspace       used 18458K, capacity 19130K, committed 19328K, reserved 1067008K
  class space    used 2384K, capacity 2576K, committed 2688K, reserved 1048576K

Card table byte_map: [0x0000000011810000,0x0000000011b10000] byte_map_base: 0x0000000011303000

Marking Bits: (ParMarkBitMap*) 0x000000006fe33e30
 Begin Bits: [0x0000000012110000, 0x00000000138a8000)
 End Bits:   [0x00000000138a8000, 0x0000000015040000)

Polling page: 0x0000000000580000

CodeCache: size=245760Kb used=8033Kb max_used=8238Kb free=237727Kb
 bounds [0x0000000002450000, 0x0000000002c70000, 0x0000000011450000]
 total_blobs=2575 nmethods=1918 adapters=577
 compilation: enabled

Compilation events (10 events):
Event: 2947.525 Thread 0x0000000017a45800 nmethod 1963 0x000000000256dbd0 code [0x000000000256dd60, 0x000000000256e228]
Event: 2951.097 Thread 0x0000000017a45800 1964       3       org.eclipse.paho.client.mqttv3.internal.wire.CountingInputStream::read (25 bytes)
Event: 2951.097 Thread 0x0000000017a45800 nmethod 1964 0x00000000025b4690 code [0x00000000025b4800, 0x00000000025b4a68]
Event: 2951.102 Thread 0x0000000017a45800 1965       3       java.util.regex.Pattern$Single::isSatisfiedBy (14 bytes)
Event: 2951.102 Thread 0x0000000017a45800 nmethod 1965 0x0000000002598b10 code [0x0000000002598c60, 0x0000000002598e10]
Event: 3004.632 Thread 0x0000000017a45800 1966       1       org.eclipse.paho.client.mqttv3.internal.wire.CountingInputStream::getCounter (5 bytes)
Event: 3004.632 Thread 0x0000000017a45800 nmethod 1966 0x000000000266ee50 code [0x000000000266efa0, 0x000000000266f0b0]
Event: 3011.827 Thread 0x0000000017a45800 1967       3       org.eclipse.jdt.launching.internal.org.objectweb.asm.FieldWriter::visitAnnotation (73 bytes)
Event: 3011.829 Thread 0x0000000017a45800 nmethod 1967 0x00000000025d03d0 code [0x00000000025d05a0, 0x00000000025d0d08]
Event: 3130.911 Thread 0x0000000017a3e800 1968 %     4       org.eclipse.jdt.launching.internal.org.objectweb.asm.ClassReader::readCode @ 71 (5089 bytes)

GC Heap History (10 events):
Event: 2.300 GC heap before
{Heap before GC invocations=1 (full 0):
 PSYoungGen      total 28672K, used 24576K [0x00000000e0900000, 0x00000000e2900000, 0x0000000100000000)
  eden space 24576K, 100% used [0x00000000e0900000,0x00000000e2100000,0x00000000e2100000)
  from space 4096K, 0% used [0x00000000e2500000,0x00000000e2500000,0x00000000e2900000)
  to   space 4096K, 0% used [0x00000000e2100000,0x00000000e2100000,0x00000000e2500000)
 ParOldGen       total 65536K, used 0K [0x00000000a1a00000, 0x00000000a5a00000, 0x00000000e0900000)
  object space 65536K, 0% used [0x00000000a1a00000,0x00000000a1a00000,0x00000000a5a00000)
 Metaspace       used 7801K, capacity 8082K, committed 8192K, reserved 1056768K
  class space    used 850K, capacity 951K, committed 1024K, reserved 1048576K
Event: 2.317 GC heap after
Heap after GC invocations=1 (full 0):
 PSYoungGen      total 28672K, used 2132K [0x00000000e0900000, 0x00000000e2900000, 0x0000000100000000)
  eden space 24576K, 0% used [0x00000000e0900000,0x00000000e0900000,0x00000000e2100000)
  from space 4096K, 52% used [0x00000000e2100000,0x00000000e2315098,0x00000000e2500000)
  to   space 4096K, 0% used [0x00000000e2500000,0x00000000e2500000,0x00000000e2900000)
 ParOldGen       total 65536K, used 0K [0x00000000a1a00000, 0x00000000a5a00000, 0x00000000e0900000)
  object space 65536K, 0% used [0x00000000a1a00000,0x00000000a1a00000,0x00000000a5a00000)
 Metaspace       used 7801K, capacity 8082K, committed 8192K, reserved 1056768K
  class space    used 850K, capacity 951K, committed 1024K, reserved 1048576K
}
Event: 3.184 GC heap before
{Heap before GC invocations=2 (full 0):
 PSYoungGen      total 28672K, used 26708K [0x00000000e0900000, 0x00000000e2900000, 0x0000000100000000)
  eden space 24576K, 100% used [0x00000000e0900000,0x00000000e2100000,0x00000000e2100000)
  from space 4096K, 52% used [0x00000000e2100000,0x00000000e2315098,0x00000000e2500000)
  to   space 4096K, 0% used [0x00000000e2500000,0x00000000e2500000,0x00000000e2900000)
 ParOldGen       total 65536K, used 0K [0x00000000a1a00000, 0x00000000a5a00000, 0x00000000e0900000)
  object space 65536K, 0% used [0x00000000a1a00000,0x00000000a1a00000,0x00000000a5a00000)
 Metaspace       used 11280K, capacity 11700K, committed 12032K, reserved 1060864K
  class space    used 1325K, capacity 1463K, committed 1536K, reserved 1048576K
Event: 3.195 GC heap after
Heap after GC invocations=2 (full 0):
 PSYoungGen      total 28672K, used 2736K [0x00000000e0900000, 0x00000000e2900000, 0x0000000100000000)
  eden space 24576K, 0% used [0x00000000e0900000,0x00000000e0900000,0x00000000e2100000)
  from space 4096K, 66% used [0x00000000e2500000,0x00000000e27ac060,0x00000000e2900000)
  to   space 4096K, 0% used [0x00000000e2100000,0x00000000e2100000,0x00000000e2500000)
 ParOldGen       total 65536K, used 16K [0x00000000a1a00000, 0x00000000a5a00000, 0x00000000e0900000)
  object space 65536K, 0% used [0x00000000a1a00000,0x00000000a1a04000,0x00000000a5a00000)
 Metaspace       used 11280K, capacity 11700K, committed 12032K, reserved 1060864K
  class space    used 1325K, capacity 1463K, committed 1536K, reserved 1048576K
}
Event: 4.401 GC heap before
{Heap before GC invocations=3 (full 0):
 PSYoungGen      total 28672K, used 27312K [0x00000000e0900000, 0x00000000e2900000, 0x0000000100000000)
  eden space 24576K, 100% used [0x00000000e0900000,0x00000000e2100000,0x00000000e2100000)
  from space 4096K, 66% used [0x00000000e2500000,0x00000000e27ac060,0x00000000e2900000)
  to   space 4096K, 0% used [0x00000000e2100000,0x00000000e2100000,0x00000000e2500000)
 ParOldGen       total 65536K, used 16K [0x00000000a1a00000, 0x00000000a5a00000, 0x00000000e0900000)
  object space 65536K, 0% used [0x00000000a1a00000,0x00000000a1a04000,0x00000000a5a00000)
 Metaspace       used 14207K, capacity 14616K, committed 14976K, reserved 1062912K
  class space    used 1750K, capacity 1871K, committed 1920K, reserved 1048576K
Event: 4.411 GC heap after
Heap after GC invocations=3 (full 0):
 PSYoungGen      total 28672K, used 4080K [0x00000000e0900000, 0x00000000e2900000, 0x0000000100000000)
  eden space 24576K, 0% used [0x00000000e0900000,0x00000000e0900000,0x00000000e2100000)
  from space 4096K, 99% used [0x00000000e2100000,0x00000000e24fc030,0x00000000e2500000)
  to   space 4096K, 0% used [0x00000000e2500000,0x00000000e2500000,0x00000000e2900000)
 ParOldGen       total 65536K, used 623K [0x00000000a1a00000, 0x00000000a5a00000, 0x00000000e0900000)
  object space 65536K, 0% used [0x00000000a1a00000,0x00000000a1a9bec0,0x00000000a5a00000)
 Metaspace       used 14207K, capacity 14616K, committed 14976K, reserved 1062912K
  class space    used 1750K, capacity 1871K, committed 1920K, reserved 1048576K
}
Event: 5.067 GC heap before
{Heap before GC invocations=4 (full 0):
 PSYoungGen      total 28672K, used 25144K [0x00000000e0900000, 0x00000000e2900000, 0x0000000100000000)
  eden space 24576K, 85% used [0x00000000e0900000,0x00000000e1d920d0,0x00000000e2100000)
  from space 4096K, 99% used [0x00000000e2100000,0x00000000e24fc030,0x00000000e2500000)
  to   space 4096K, 0% used [0x00000000e2500000,0x00000000e2500000,0x00000000e2900000)
 ParOldGen       total 65536K, used 623K [0x00000000a1a00000, 0x00000000a5a00000, 0x00000000e0900000)
  object space 65536K, 0% used [0x00000000a1a00000,0x00000000a1a9bec0,0x00000000a5a00000)
 Metaspace       used 16433K, capacity 16884K, committed 17152K, reserved 1064960K
  class space    used 2133K, capacity 2293K, committed 2304K, reserved 1048576K
Event: 5.081 GC heap after
Heap after GC invocations=4 (full 0):
 PSYoungGen      total 28672K, used 4080K [0x00000000e0900000, 0x00000000e4100000, 0x0000000100000000)
  eden space 24576K, 0% used [0x00000000e0900000,0x00000000e0900000,0x00000000e2100000)
  from space 4096K, 99% used [0x00000000e2500000,0x00000000e28fc050,0x00000000e2900000)
  to   space 4096K, 0% used [0x00000000e2100000,0x00000000e2100000,0x00000000e2500000)
 ParOldGen       total 65536K, used 1071K [0x00000000a1a00000, 0x00000000a5a00000, 0x00000000e0900000)
  object space 65536K, 1% used [0x00000000a1a00000,0x00000000a1b0bec0,0x00000000a5a00000)
 Metaspace       used 16433K, capacity 16884K, committed 17152K, reserved 1064960K
  class space    used 2133K, capacity 2293K, committed 2304K, reserved 1048576K
}
Event: 5.708 GC heap before
{Heap before GC invocations=5 (full 0):
 PSYoungGen      total 28672K, used 28656K [0x00000000e0900000, 0x00000000e4100000, 0x0000000100000000)
  eden space 24576K, 100% used [0x00000000e0900000,0x00000000e2100000,0x00000000e2100000)
  from space 4096K, 99% used [0x00000000e2500000,0x00000000e28fc050,0x00000000e2900000)
  to   space 4096K, 0% used [0x00000000e2100000,0x00000000e2100000,0x00000000e2500000)
 ParOldGen       total 65536K, used 1071K [0x00000000a1a00000, 0x00000000a5a00000, 0x00000000e0900000)
  object space 65536K, 1% used [0x00000000a1a00000,0x00000000a1b0bec0,0x00000000a5a00000)
 Metaspace       used 17537K, capacity 18080K, committed 18176K, reserved 1064960K
  class space    used 2310K, capacity 2493K, committed 2560K, reserved 1048576K
Event: 5.725 GC heap after
Heap after GC invocations=5 (full 0):
 PSYoungGen      total 28672K, used 4073K [0x00000000e0900000, 0x00000000e5800000, 0x0000000100000000)
  eden space 24576K, 0% used [0x00000000e0900000,0x00000000e0900000,0x00000000e2100000)
  from space 4096K, 99% used [0x00000000e2100000,0x00000000e24fa680,0x00000000e2500000)
  to   space 15872K, 0% used [0x00000000e4880000,0x00000000e4880000,0x00000000e5800000)
 ParOldGen       total 65536K, used 15522K [0x00000000a1a00000, 0x00000000a5a00000, 0x00000000e0900000)
  object space 65536K, 23% used [0x00000000a1a00000,0x00000000a2928910,0x00000000a5a00000)
 Metaspace       used 17537K, capacity 18080K, committed 18176K, reserved 1064960K
  class space    used 2310K, capacity 2493K, committed 2560K, reserved 1048576K
}

Deoptimization events (10 events):
Event: 5.010 Thread 0x0000000019270800 Uncommon trap: reason=class_check action=maybe_recompile pc=0x00000000028cee5c method=java.io.DataInputStream.readShort()S @ 4
Event: 5.010 Thread 0x0000000019270800 Uncommon trap: reason=class_check action=maybe_recompile pc=0x00000000028cee5c method=java.io.DataInputStream.readShort()S @ 4
Event: 5.026 Thread 0x0000000019270800 Uncommon trap: reason=class_check action=maybe_recompile pc=0x00000000025a595c method=java.lang.String.equals(Ljava/lang/Object;)Z @ 8
Event: 5.026 Thread 0x0000000019270800 Uncommon trap: reason=class_check action=maybe_recompile pc=0x00000000025a595c method=java.lang.String.equals(Ljava/lang/Object;)Z @ 8
Event: 5.026 Thread 0x0000000019270800 Uncommon trap: reason=class_check action=maybe_recompile pc=0x00000000025a595c method=java.lang.String.equals(Ljava/lang/Object;)Z @ 8
Event: 5.027 Thread 0x0000000019270800 Uncommon trap: reason=class_check action=maybe_recompile pc=0x00000000025a595c method=java.lang.String.equals(Ljava/lang/Object;)Z @ 8
Event: 5.207 Thread 0x0000000019270800 Uncommon trap: reason=unstable_if action=reinterpret pc=0x0000000002a3f468 method=java.lang.String.regionMatches(ZILjava/lang/String;II)Z @ 123
Event: 5.242 Thread 0x0000000019270800 Uncommon trap: reason=unstable_if action=reinterpret pc=0x0000000002a16060 method=javafx.beans.property.ObjectPropertyBase.get()Ljava/lang/Object; @ 9
Event: 5.244 Thread 0x0000000019270800 Uncommon trap: reason=null_check action=make_not_entrant pc=0x0000000002a144a8 method=javafx.scene.Node.getParent()Ljavafx/scene/Parent; @ 18
Event: 5.481 Thread 0x0000000019270800 Uncommon trap: reason=unstable_if action=reinterpret pc=0x0000000002a75bd0 method=org.eclipse.jdt.launching.internal.org.objectweb.asm.ClassWriter.toByteArray()[B @ 271

Classes redefined (10 events):
Event: 1508.156 Thread 0x0000000015ca9000 redefined class name=application.Subscriber, count=1
Event: 1526.874 Thread 0x0000000015ca9000 redefined class name=application.DocumentController, count=12
Event: 1960.949 Thread 0x0000000015ca9000 redefined class name=application.DocumentController, count=13
Event: 1976.359 Thread 0x0000000015ca9000 redefined class name=application.DocumentController, count=14
Event: 1998.134 Thread 0x0000000015ca9000 redefined class name=application.DocumentController, count=15
Event: 2012.292 Thread 0x0000000015ca9000 redefined class name=application.DocumentController, count=16
Event: 2101.557 Thread 0x0000000015ca9000 redefined class name=application.DocumentController, count=17
Event: 2460.380 Thread 0x0000000015ca9000 redefined class name=application.DocumentController, count=18
Event: 2476.603 Thread 0x0000000015ca9000 redefined class name=application.DocumentController, count=19
Event: 2493.320 Thread 0x0000000015ca9000 redefined class name=application.DocumentController, count=20

Internal exceptions (10 events):
Event: 3123.326 Thread 0x000000001914b800 Exception <a 'java/net/SocketTimeoutException': Read timed out> (0x00000000e1265e08) thrown at [C:\re\workspace\8-2-build-windows-amd64-cygwin\jdk8u191\11896\hotspot\src\share\vm\prims\jni.cpp, line 735]
Event: 3124.342 Thread 0x000000001914b800 Exception <a 'java/net/SocketTimeoutException': Read timed out> (0x00000000e1266078) thrown at [C:\re\workspace\8-2-build-windows-amd64-cygwin\jdk8u191\11896\hotspot\src\share\vm\prims\jni.cpp, line 735]
Event: 3125.654 Thread 0x000000001914b800 Exception <a 'java/net/SocketTimeoutException': Read timed out> (0x00000000e1266670) thrown at [C:\re\workspace\8-2-build-windows-amd64-cygwin\jdk8u191\11896\hotspot\src\share\vm\prims\jni.cpp, line 735]
Event: 3126.670 Thread 0x000000001914b800 Exception <a 'java/net/SocketTimeoutException': Read timed out> (0x00000000e12668e0) thrown at [C:\re\workspace\8-2-build-windows-amd64-cygwin\jdk8u191\11896\hotspot\src\share\vm\prims\jni.cpp, line 735]
Event: 3127.685 Thread 0x000000001914b800 Exception <a 'java/net/SocketTimeoutException': Read timed out> (0x00000000e1266b50) thrown at [C:\re\workspace\8-2-build-windows-amd64-cygwin\jdk8u191\11896\hotspot\src\share\vm\prims\jni.cpp, line 735]
Event: 3128.701 Thread 0x000000001914b800 Exception <a 'java/net/SocketTimeoutException': Read timed out> (0x00000000e1266dc0) thrown at [C:\re\workspace\8-2-build-windows-amd64-cygwin\jdk8u191\11896\hotspot\src\share\vm\prims\jni.cpp, line 735]
Event: 3129.717 Thread 0x000000001914b800 Exception <a 'java/net/SocketTimeoutException': Read timed out> (0x00000000e1267030) thrown at [C:\re\workspace\8-2-build-windows-amd64-cygwin\jdk8u191\11896\hotspot\src\share\vm\prims\jni.cpp, line 735]
Event: 3130.732 Thread 0x000000001914b800 Exception <a 'java/net/SocketTimeoutException': Read timed out> (0x00000000e12672a0) thrown at [C:\re\workspace\8-2-build-windows-amd64-cygwin\jdk8u191\11896\hotspot\src\share\vm\prims\jni.cpp, line 735]
Event: 3131.748 Thread 0x000000001914b800 Exception <a 'java/net/SocketTimeoutException': Read timed out> (0x00000000e1267510) thrown at [C:\re\workspace\8-2-build-windows-amd64-cygwin\jdk8u191\11896\hotspot\src\share\vm\prims\jni.cpp, line 735]
Event: 3132.764 Thread 0x000000001914b800 Exception <a 'java/net/SocketTimeoutException': Read timed out> (0x00000000e1267780) thrown at [C:\re\workspace\8-2-build-windows-amd64-cygwin\jdk8u191\11896\hotspot\src\share\vm\prims\jni.cpp, line 735]

Events (10 events):
Event: 3131.748 Thread 0x000000001914b800 DEOPT PACKING pc=0x0000000002bfd41c sp=0x000000001da1ed70
Event: 3131.748 Thread 0x000000001914b800 DEOPT UNPACKING pc=0x0000000002497890 sp=0x000000001da1ea60 mode 1
Event: 3131.748 Thread 0x000000001914b800 DEOPT PACKING pc=0x0000000002c03774 sp=0x000000001da1edf0
Event: 3131.748 Thread 0x000000001914b800 DEOPT UNPACKING pc=0x0000000002497890 sp=0x000000001da1ebd0 mode 1
Event: 3132.764 Thread 0x000000001914b800 DEOPT PACKING pc=0x0000000002bf98f4 sp=0x000000001da1ec60
Event: 3132.764 Thread 0x000000001914b800 DEOPT UNPACKING pc=0x0000000002497890 sp=0x000000001da1e988 mode 1
Event: 3132.764 Thread 0x000000001914b800 DEOPT PACKING pc=0x0000000002bfd41c sp=0x000000001da1ed70
Event: 3132.764 Thread 0x000000001914b800 DEOPT UNPACKING pc=0x0000000002497890 sp=0x000000001da1ea60 mode 1
Event: 3132.764 Thread 0x000000001914b800 DEOPT PACKING pc=0x0000000002c03774 sp=0x000000001da1edf0
Event: 3132.764 Thread 0x000000001914b800 DEOPT UNPACKING pc=0x0000000002497890 sp=0x000000001da1ebd0 mode 1


Dynamic libraries:
0x00007ff6bf170000 - 0x00007ff6bf1a7000 	C:\Program Files\Java\jre1.8.0_191\bin\javaw.exe
0x00007fff2f810000 - 0x00007fff2f9f1000 	C:\WINDOWS\SYSTEM32\ntdll.dll
0x00007fff2f250000 - 0x00007fff2f301000 	C:\WINDOWS\System32\KERNEL32.DLL
0x00007fff2c880000 - 0x00007fff2caf3000 	C:\WINDOWS\System32\KERNELBASE.dll
0x00007fff2e800000 - 0x00007fff2e8a1000 	C:\WINDOWS\System32\ADVAPI32.dll
0x00007fff2f1b0000 - 0x00007fff2f24e000 	C:\WINDOWS\System32\msvcrt.dll
0x00007fff2f590000 - 0x00007fff2f5eb000 	C:\WINDOWS\System32\sechost.dll
0x00007fff2d290000 - 0x00007fff2d3b4000 	C:\WINDOWS\System32\RPCRT4.dll
0x00007fff2f650000 - 0x00007fff2f7e0000 	C:\WINDOWS\System32\USER32.dll
0x00007fff2c690000 - 0x00007fff2c6b0000 	C:\WINDOWS\System32\win32u.dll
0x00007fff2eb50000 - 0x00007fff2eb78000 	C:\WINDOWS\System32\GDI32.dll
0x00007fff2cb00000 - 0x00007fff2cc92000 	C:\WINDOWS\System32\gdi32full.dll
0x00007fff2bbe0000 - 0x00007fff2bc7f000 	C:\WINDOWS\System32\msvcp_win.dll
0x00007fff2c780000 - 0x00007fff2c878000 	C:\WINDOWS\System32\ucrtbase.dll
0x00007fff1daa0000 - 0x00007fff1dd09000 	C:\WINDOWS\WinSxS\amd64_microsoft.windows.common-controls_6595b64144ccf1df_6.0.17134.706_none_fb43a2cb30647007\COMCTL32.dll
0x00007fff2cf60000 - 0x00007fff2d282000 	C:\WINDOWS\System32\combase.dll
0x00007fff2c6b0000 - 0x00007fff2c72a000 	C:\WINDOWS\System32\bcryptPrimitives.dll
0x00007fff2f560000 - 0x00007fff2f58d000 	C:\WINDOWS\System32\IMM32.DLL
0x000000006f4f0000 - 0x000000006f5c2000 	C:\Program Files\Java\jre1.8.0_191\bin\msvcr100.dll
0x000000006f610000 - 0x000000006feb4000 	C:\Program Files\Java\jre1.8.0_191\bin\server\jvm.dll
0x00007fff2f1a0000 - 0x00007fff2f1a8000 	C:\WINDOWS\System32\PSAPI.DLL
0x00007ffefc420000 - 0x00007ffefc429000 	C:\WINDOWS\SYSTEM32\WSOCK32.dll
0x00007fff2e8b0000 - 0x00007fff2e91c000 	C:\WINDOWS\System32\WS2_32.dll
0x00007fff298d0000 - 0x00007fff298f3000 	C:\WINDOWS\SYSTEM32\WINMM.dll
0x00007fff25230000 - 0x00007fff2523a000 	C:\WINDOWS\SYSTEM32\VERSION.dll
0x00007fff29470000 - 0x00007fff2949a000 	C:\WINDOWS\SYSTEM32\WINMMBASE.dll
0x00007fff2c730000 - 0x00007fff2c779000 	C:\WINDOWS\System32\cfgmgr32.dll
0x00000000702b0000 - 0x00000000702bf000 	C:\Program Files\Java\jre1.8.0_191\bin\verify.dll
0x0000000070280000 - 0x00000000702a9000 	C:\Program Files\Java\jre1.8.0_191\bin\java.dll
0x000000006f4b0000 - 0x000000006f4e5000 	C:\Program Files\Java\jre1.8.0_191\bin\jdwp.dll
0x000000006f4a0000 - 0x000000006f4a8000 	C:\Program Files\Java\jre1.8.0_191\bin\npt.dll
0x000000006f470000 - 0x000000006f493000 	C:\Program Files\Java\jre1.8.0_191\bin\instrument.dll
0x0000000070260000 - 0x0000000070276000 	C:\Program Files\Java\jre1.8.0_191\bin\zip.dll
0x00007fff2d3c0000 - 0x00007fff2e800000 	C:\WINDOWS\System32\SHELL32.dll
0x00007fff2cd30000 - 0x00007fff2cdd9000 	C:\WINDOWS\System32\shcore.dll
0x00007fff2bf80000 - 0x00007fff2c68d000 	C:\WINDOWS\System32\windows.storage.dll
0x00007fff2f140000 - 0x00007fff2f191000 	C:\WINDOWS\System32\shlwapi.dll
0x00007fff2bbc0000 - 0x00007fff2bbd1000 	C:\WINDOWS\System32\kernel.appcore.dll
0x00007fff2bba0000 - 0x00007fff2bbbf000 	C:\WINDOWS\System32\profapi.dll
0x00007fff2bb40000 - 0x00007fff2bb8c000 	C:\WINDOWS\System32\powrprof.dll
0x00007fff2bb90000 - 0x00007fff2bb9a000 	C:\WINDOWS\System32\FLTLIB.DLL
0x000000006f460000 - 0x000000006f469000 	C:\Program Files\Java\jre1.8.0_191\bin\dt_socket.dll
0x00007fff1a300000 - 0x00007fff1a316000 	C:\WINDOWS\system32\napinsp.dll
0x00007fff1bae0000 - 0x00007fff1bafa000 	C:\WINDOWS\system32\pnrpnsp.dll
0x00007fff273c0000 - 0x00007fff273d9000 	C:\WINDOWS\system32\NLAapi.dll
0x00007fff2b340000 - 0x00007fff2b3a6000 	C:\WINDOWS\System32\mswsock.dll
0x00007fff2b100000 - 0x00007fff2b1be000 	C:\WINDOWS\SYSTEM32\DNSAPI.dll
0x00007fff2f310000 - 0x00007fff2f318000 	C:\WINDOWS\System32\NSI.dll
0x00007fff2b0c0000 - 0x00007fff2b0f8000 	C:\WINDOWS\SYSTEM32\IPHLPAPI.DLL
0x00007fff24a10000 - 0x00007fff24a1e000 	C:\WINDOWS\System32\winrnr.dll
0x00007fff1bb00000 - 0x00007fff1bb15000 	C:\WINDOWS\System32\wshbth.dll
0x00007fff24f70000 - 0x00007fff24fe2000 	C:\WINDOWS\System32\fwpuclnt.dll
0x00007fff2b620000 - 0x00007fff2b645000 	C:\WINDOWS\SYSTEM32\bcrypt.dll
0x00007fff23a50000 - 0x00007fff23a5a000 	C:\Windows\System32\rasadhlp.dll
0x00000000021d0000 - 0x00000000021d3000 	C:\Program Files\Java\jre1.8.0_191\bin\api-ms-win-core-console-l1-1-0.dll
0x00000000021e0000 - 0x00000000021e3000 	C:\Program Files\Java\jre1.8.0_191\bin\api-ms-win-core-datetime-l1-1-0.dll
0x00000000021f0000 - 0x00000000021f3000 	C:\Program Files\Java\jre1.8.0_191\bin\api-ms-win-core-debug-l1-1-0.dll
0x0000000002200000 - 0x0000000002203000 	C:\Program Files\Java\jre1.8.0_191\bin\api-ms-win-core-errorhandling-l1-1-0.dll
0x0000000002210000 - 0x0000000002214000 	C:\Program Files\Java\jre1.8.0_191\bin\api-ms-win-core-file-l1-1-0.dll
0x0000000002220000 - 0x0000000002223000 	C:\Program Files\Java\jre1.8.0_191\bin\api-ms-win-core-file-l1-2-0.dll
0x0000000002230000 - 0x0000000002233000 	C:\Program Files\Java\jre1.8.0_191\bin\api-ms-win-core-file-l2-1-0.dll
0x0000000018aa0000 - 0x0000000018aa3000 	C:\Program Files\Java\jre1.8.0_191\bin\api-ms-win-core-handle-l1-1-0.dll
0x0000000018ab0000 - 0x0000000018ab3000 	C:\Program Files\Java\jre1.8.0_191\bin\api-ms-win-core-heap-l1-1-0.dll
0x0000000018ac0000 - 0x0000000018ac3000 	C:\Program Files\Java\jre1.8.0_191\bin\api-ms-win-core-interlocked-l1-1-0.dll
0x0000000018ad0000 - 0x0000000018ad3000 	C:\Program Files\Java\jre1.8.0_191\bin\api-ms-win-core-libraryloader-l1-1-0.dll
0x0000000018ae0000 - 0x0000000018ae3000 	C:\Program Files\Java\jre1.8.0_191\bin\api-ms-win-core-localization-l1-2-0.dll
0x0000000018af0000 - 0x0000000018af3000 	C:\Program Files\Java\jre1.8.0_191\bin\api-ms-win-core-memory-l1-1-0.dll
0x0000000018b00000 - 0x0000000018b03000 	C:\Program Files\Java\jre1.8.0_191\bin\api-ms-win-core-namedpipe-l1-1-0.dll
0x0000000018b10000 - 0x0000000018b13000 	C:\Program Files\Java\jre1.8.0_191\bin\api-ms-win-core-processenvironment-l1-1-0.dll
0x0000000018b20000 - 0x0000000018b23000 	C:\Program Files\Java\jre1.8.0_191\bin\api-ms-win-core-processthreads-l1-1-0.dll
0x0000000018b30000 - 0x0000000018b33000 	C:\Program Files\Java\jre1.8.0_191\bin\api-ms-win-core-processthreads-l1-1-1.dll
0x0000000018b40000 - 0x0000000018b43000 	C:\Program Files\Java\jre1.8.0_191\bin\api-ms-win-core-profile-l1-1-0.dll
0x0000000018b50000 - 0x0000000018b53000 	C:\Program Files\Java\jre1.8.0_191\bin\api-ms-win-core-rtlsupport-l1-1-0.dll
0x0000000018b60000 - 0x0000000018b63000 	C:\Program Files\Java\jre1.8.0_191\bin\api-ms-win-core-string-l1-1-0.dll
0x0000000018b70000 - 0x0000000018b73000 	C:\Program Files\Java\jre1.8.0_191\bin\api-ms-win-core-synch-l1-1-0.dll
0x0000000018b80000 - 0x0000000018b83000 	C:\Program Files\Java\jre1.8.0_191\bin\api-ms-win-core-synch-l1-2-0.dll
0x0000000018b90000 - 0x0000000018b93000 	C:\Program Files\Java\jre1.8.0_191\bin\api-ms-win-core-sysinfo-l1-1-0.dll
0x0000000018ba0000 - 0x0000000018ba3000 	C:\Program Files\Java\jre1.8.0_191\bin\api-ms-win-core-timezone-l1-1-0.dll
0x0000000018bb0000 - 0x0000000018bb3000 	C:\Program Files\Java\jre1.8.0_191\bin\api-ms-win-core-util-l1-1-0.dll
0x0000000018bc0000 - 0x0000000018bc3000 	C:\Program Files\Java\jre1.8.0_191\bin\api-ms-win-crt-conio-l1-1-0.dll
0x0000000018bd0000 - 0x0000000018bd4000 	C:\Program Files\Java\jre1.8.0_191\bin\api-ms-win-crt-convert-l1-1-0.dll
0x0000000018be0000 - 0x0000000018be3000 	C:\Program Files\Java\jre1.8.0_191\bin\api-ms-win-crt-environment-l1-1-0.dll
0x0000000018bf0000 - 0x0000000018bf3000 	C:\Program Files\Java\jre1.8.0_191\bin\api-ms-win-crt-filesystem-l1-1-0.dll
0x0000000018c00000 - 0x0000000018c03000 	C:\Program Files\Java\jre1.8.0_191\bin\api-ms-win-crt-heap-l1-1-0.dll
0x0000000018c10000 - 0x0000000018c13000 	C:\Program Files\Java\jre1.8.0_191\bin\api-ms-win-crt-locale-l1-1-0.dll
0x0000000018c20000 - 0x0000000018c25000 	C:\Program Files\Java\jre1.8.0_191\bin\api-ms-win-crt-math-l1-1-0.dll
0x0000000018c30000 - 0x0000000018c35000 	C:\Program Files\Java\jre1.8.0_191\bin\api-ms-win-crt-multibyte-l1-1-0.dll
0x0000000018c40000 - 0x0000000018c50000 	C:\Program Files\Java\jre1.8.0_191\bin\api-ms-win-crt-private-l1-1-0.dll
0x0000000018c50000 - 0x0000000018c53000 	C:\Program Files\Java\jre1.8.0_191\bin\api-ms-win-crt-process-l1-1-0.dll
0x0000000018c60000 - 0x0000000018c64000 	C:\Program Files\Java\jre1.8.0_191\bin\api-ms-win-crt-runtime-l1-1-0.dll
0x0000000018c70000 - 0x0000000018c74000 	C:\Program Files\Java\jre1.8.0_191\bin\api-ms-win-crt-stdio-l1-1-0.dll
0x0000000018c80000 - 0x0000000018c84000 	C:\Program Files\Java\jre1.8.0_191\bin\api-ms-win-crt-string-l1-1-0.dll
0x0000000018c90000 - 0x0000000018c93000 	C:\Program Files\Java\jre1.8.0_191\bin\api-ms-win-crt-time-l1-1-0.dll
0x0000000018ca0000 - 0x0000000018ca3000 	C:\Program Files\Java\jre1.8.0_191\bin\api-ms-win-crt-utility-l1-1-0.dll
0x00007fff088c0000 - 0x00007fff089b6000 	C:\Program Files\Java\jre1.8.0_191\bin\ucrtbase.dll
0x00007fff193f0000 - 0x00007fff19406000 	C:\Program Files\Java\jre1.8.0_191\bin\vcruntime140.dll
0x00007fff0d740000 - 0x00007fff0d7dc000 	C:\Program Files\Java\jre1.8.0_191\bin\msvcp140.dll
0x00007fff191a0000 - 0x00007fff191f1000 	C:\Program Files\Java\jre1.8.0_191\bin\concrt140.dll
0x000000006f430000 - 0x000000006f453000 	C:\Program Files\Java\jre1.8.0_191\bin\prism_d3d.dll
0x00007fff007a0000 - 0x00007fff00937000 	C:\WINDOWS\system32\d3d9.dll
0x00007fff2a220000 - 0x00007fff2a249000 	C:\WINDOWS\SYSTEM32\dwmapi.dll
0x00007fff29e60000 - 0x00007fff29ef8000 	C:\WINDOWS\system32\uxtheme.dll
0x000000006f3e0000 - 0x000000006f429000 	C:\Program Files\Java\jre1.8.0_191\bin\glass.dll
0x00007fff2eb80000 - 0x00007fff2ec6d000 	C:\WINDOWS\System32\COMDLG32.dll
0x00007fff2e920000 - 0x00007fff2ea71000 	C:\WINDOWS\System32\ole32.dll
0x00007fff2ea80000 - 0x00007fff2eb42000 	C:\WINDOWS\System32\OLEAUT32.dll
0x00007fff2cde0000 - 0x00007fff2cf53000 	C:\WINDOWS\System32\MSCTF.dll
0x000000006f3c0000 - 0x000000006f3d4000 	C:\Program Files\Java\jre1.8.0_191\bin\javafx_font.dll
0x0000000070240000 - 0x000000007025a000 	C:\Program Files\Java\jre1.8.0_191\bin\net.dll
0x00007fff236c0000 - 0x00007fff239dc000 	C:\WINDOWS\SYSTEM32\dwrite.dll
0x00007fff2f4c0000 - 0x00007fff2f560000 	C:\WINDOWS\System32\clbcatq.dll
0x00007fff24dc0000 - 0x00007fff24f6e000 	C:\WINDOWS\SYSTEM32\WindowsCodecs.dll
0x00007fff246b0000 - 0x00007fff24746000 	C:\WINDOWS\System32\TextInputFramework.dll
0x00007fff24220000 - 0x00007fff2453e000 	C:\WINDOWS\System32\CoreUIComponents.dll
0x00007fff29900000 - 0x00007fff299da000 	C:\WINDOWS\System32\CoreMessaging.dll
0x00007fff2abe0000 - 0x00007fff2ac11000 	C:\WINDOWS\SYSTEM32\ntmarta.dll
0x00007fff27d60000 - 0x00007fff27ead000 	C:\WINDOWS\SYSTEM32\wintypes.dll
0x000000006f390000 - 0x000000006f3b3000 	C:\Program Files\Java\jre1.8.0_191\bin\javafx_iio.dll
0x000000006f370000 - 0x000000006f382000 	C:\Program Files\Java\jre1.8.0_191\bin\prism_common.dll

VM Arguments:
jvm_args: -agentlib:jdwp=transport=dt_socket,suspend=y,address=localhost:20794 -javaagent:C:\Users\Admin\eclipse\java-2018-12\eclipse\configuration\org.eclipse.osgi\221\0\.cp\lib\javaagent-shaded.jar -Dfile.encoding=Cp1250 
java_command: application.Main
java_class_path (initial): C:\Users\Admin\eclipse-workspace\Project\bin;C:\Users\Admin\.p2\pool\plugins\org.eclipse.fx.ide.css.jfx8_3.4.1.201810030906.jar;C:\Users\Admin\Downloads\org.eclipse.paho.client.mqttv3-1.2.1.jar;C:\Users\Admin\eclipse\java-2018-12\eclipse\configuration\org.eclipse.osgi\221\0\.cp\lib\javaagent-shaded.jar
Launcher Type: SUN_STANDARD

Environment Variables:
JAVA_HOME=C:\Program Files (x86)\Java\jdk1.8.0_192
PATH=C:/Program Files/Java/jre1.8.0_191/bin/server;C:/Program Files/Java/jre1.8.0_191/bin;C:/Program Files/Java/jre1.8.0_191/lib/amd64;C:\Program Files (x86)\Common Files\Oracle\Java\javapath;C:\ProgramData\Oracle\Java\javapath;C:\Program Files (x86)\Intel\iCLS Client\;C:\Program Files\Intel\iCLS Client\;C:\Program Files (x86)\AMD APP\bin\x86_64;C:\Program Files (x86)\AMD APP\bin\x86;C:\WINDOWS\system32;C:\WINDOWS;C:\WINDOWS\System32\Wbem;C:\WINDOWS\System32\WindowsPowerShell\v1.0\;C:\Program Files (x86)\ATI Technologies\ATI.ACE\Core-Static;C:\Program Files\Intel\Intel(R) Management Engine Components\DAL;C:\Program Files\Intel\Intel(R) Management Engine Components\IPT;C:\Program Files (x86)\Intel\Intel(R) Management Engine Components\DAL;C:\Program Files (x86)\Intel\Intel(R) Management Engine Components\IPT;C:\Program Files (x86)\Windows Live\Shared;C:\Program Files (x86)\AMD\ATI.ACE\Core-Static;C:\Program Files\Microsoft\Web Platform Installer\;C:\Program Files (x86)\Microsoft ASP.NET\ASP.NET Web Pages\v1.0\;C:\Program Files\Microsoft SQL Server\110\Tools\Binn\;C:\WINDOWS\System32\OpenSSH\;C:\Program Files\dotnet\;C:\Program Files\Microsoft SQL Server\130\Tools\Binn\;E:\Programy\Visual Studio 2017\Common7\Tools\;E:\Programy\Visual Studio 2017\Python36_64\Scripts\;E:\Programy\Visual Studio 2017\Python36_64\Tools\;C:\Users\Admin\AppData\Local\Programs\Python\Python37-32\Scripts\;C:\Users\Admin\AppData\Local\Programs\Python\Python37-32\;E:\Programy\Visual Studio 2017\Python36_64\Tools\;E:\Programy\Visual Studio 2017\Python36_64\Scripts\;E:\Programy\Visual Studio 2017\Python36_64\;;C:\Users\Admin\Desktop;
USERNAME=Admin
OS=Windows_NT
PROCESSOR_IDENTIFIER=Intel64 Family 6 Model 58 Stepping 9, GenuineIntel



---------------  S Y S T E M  ---------------

OS: Windows 10.0 , 64 bit Build 17134 (10.0.17134.706)

CPU:total 4 (initial active 4) (2 cores per cpu, 2 threads per core) family 6 model 58 stepping 9, cmov, cx8, fxsr, mmx, sse, sse2, sse3, ssse3, sse4.1, sse4.2, popcnt, avx, aes, clmul, erms, ht, tsc, tscinvbit, tscinv

Memory: 4k page, physical 6180424k(721924k free), swap 16171556k(296688k free)

vm_info: Java HotSpot(TM) 64-Bit Server VM (25.191-b12) for windows-amd64 JRE (1.8.0_191-b12), built on Oct  6 2018 09:29:03 by "java_re" with MS VC++ 10.0 (VS2010)

time: Tue May 14 19:17:39 2019
elapsed time: 3134 seconds (0d 0h 52m 14s)

