#
# There is insufficient memory for the Java Runtime Environment to continue.
# Native memory allocation (malloc) failed to allocate 1679856 bytes for Chunk::new
# Possible reasons:
#   The system is out of physical RAM or swap space
#   In 32 bit mode, the process size limit was hit
# Possible solutions:
#   Reduce memory load on the system
#   Increase physical memory or swap space
#   Check if swap backing store is full
#   Use 64 bit Java on a 64 bit OS
#   Decrease Java heap size (-Xmx/-Xms)
#   Decrease number of Java threads
#   Decrease Java thread stack sizes (-Xss)
#   Set larger code cache with -XX:ReservedCodeCacheSize=
# This output file may be truncated or incomplete.
#
#  Out of Memory Error (allocation.cpp:390), pid=19976, tid=0x0000000000003ac0
#
# JRE version: Java(TM) SE Runtime Environment (8.0_191-b12) (build 1.8.0_191-b12)
# Java VM: Java HotSpot(TM) 64-Bit Server VM (25.191-b12 mixed mode windows-amd64 compressed oops)
# Failed to write core dump. Minidumps are not enabled by default on client versions of Windows
#

---------------  T H R E A D  ---------------

Current thread (0x00000000188c4000):  JavaThread "C2 CompilerThread0" daemon [_thread_in_native, id=15040, stack(0x0000000018c30000,0x0000000018d30000)]

Stack: [0x0000000018c30000,0x0000000018d30000]
[error occurred during error reporting (printing stack bounds), id 0xc0000005]

Native frames: (J=compiled Java code, j=interpreted, Vv=VM code, C=native code)


Current CompileTask:
C2:   4614 1361       4       org.eclipse.jdt.launching.internal.org.objectweb.asm.ClassReader::accept (1250 bytes)


---------------  P R O C E S S  ---------------

Java Threads: ( => current thread )
  0x00000000188d4000 JavaThread "Prism Font Disposer" daemon [_thread_blocked, id=7568, stack(0x0000000022020000,0x0000000022120000)]
  0x00000000188d2000 JavaThread "MQTT Ping: paho1962070148114743" [_thread_blocked, id=18904, stack(0x000000001f890000,0x000000001f990000)]
  0x000000001b8d5800 JavaThread "MQTT Call: paho1962070148114743" [_thread_blocked, id=18292, stack(0x000000001f790000,0x000000001f890000)]
  0x0000000019f43800 JavaThread "MQTT Snd: paho1962070148114743" [_thread_blocked, id=19512, stack(0x000000001f690000,0x000000001f790000)]
  0x000000001ea2e000 JavaThread "MQTT Rec: paho1962070148114743" [_thread_in_native, id=8736, stack(0x000000001f590000,0x000000001f690000)]
  0x0000000019d02800 JavaThread "Thread-3" daemon [_thread_in_native, id=18080, stack(0x000000001dda0000,0x000000001dea0000)]
  0x0000000019d06800 JavaThread "JavaFX-Launcher" [_thread_blocked, id=8272, stack(0x000000001dea0000,0x000000001dfa0000)]
  0x0000000019f76000 JavaThread "JavaFX Application Thread" [_thread_in_native, id=20208, stack(0x000000001bda0000,0x000000001bea0000)]
  0x0000000019f7f000 JavaThread "Thread-1" daemon [_thread_blocked, id=4120, stack(0x000000001bca0000,0x000000001bda0000)]
  0x0000000019be3800 JavaThread "QuantumRenderer-0" daemon [_thread_blocked, id=6716, stack(0x000000001aac0000,0x000000001abc0000)]
  0x0000000018950800 JavaThread "Service Thread" daemon [_thread_blocked, id=7848, stack(0x0000000018f30000,0x0000000019030000)]
  0x00000000188d5000 JavaThread "C1 CompilerThread2" daemon [_thread_blocked, id=19500, stack(0x0000000018e30000,0x0000000018f30000)]
  0x00000000188cc800 JavaThread "C2 CompilerThread1" daemon [_thread_in_native, id=19684, stack(0x0000000018d30000,0x0000000018e30000)]
=>0x00000000188c4000 JavaThread "C2 CompilerThread0" daemon [_thread_in_native, id=15040, stack(0x0000000018c30000,0x0000000018d30000)]
  0x0000000016ba3800 JavaThread "JDWP Command Reader" daemon [_thread_in_native, id=4212, stack(0x0000000018730000,0x0000000018830000)]
  0x0000000016b98800 JavaThread "JDWP Event Helper Thread" daemon [_thread_blocked, id=2348, stack(0x0000000018630000,0x0000000018730000)]
  0x0000000016b93800 JavaThread "JDWP Transport Listener: dt_socket" daemon [_thread_blocked, id=18944, stack(0x0000000018530000,0x0000000018630000)]
  0x0000000016b81000 JavaThread "Attach Listener" daemon [_thread_blocked, id=18488, stack(0x00000000180f0000,0x00000000181f0000)]
  0x0000000016b7f000 JavaThread "Signal Dispatcher" daemon [_thread_blocked, id=18896, stack(0x0000000017ff0000,0x00000000180f0000)]
  0x00000000032ed000 JavaThread "Finalizer" daemon [_thread_blocked, id=19792, stack(0x0000000017de0000,0x0000000017ee0000)]
  0x00000000032e2000 JavaThread "Reference Handler" daemon [_thread_blocked, id=18364, stack(0x0000000017ce0000,0x0000000017de0000)]
  0x00000000031f3800 JavaThread "main" [_thread_blocked, id=19932, stack(0x0000000002ea0000,0x0000000002fa0000)]

Other Threads:
  0x0000000016b49000 VMThread [stack: 0x0000000017be0000,0x0000000017ce0000] [id=19788]
  0x00000000189dd000 WatcherThread [stack: 0x0000000019030000,0x0000000019130000] [id=20460]

VM state:not at safepoint (normal execution)

VM Mutex/Monitor currently owned by a thread: None

Heap:
 PSYoungGen      total 28672K, used 23093K [0x00000000e0900000, 0x00000000e2900000, 0x0000000100000000)
  eden space 24576K, 77% used [0x00000000e0900000,0x00000000e1b95408,0x00000000e2100000)
  from space 4096K, 99% used [0x00000000e2500000,0x00000000e28f8020,0x00000000e2900000)
  to   space 4096K, 0% used [0x00000000e2100000,0x00000000e2100000,0x00000000e2500000)
 ParOldGen       total 65536K, used 1045K [0x00000000a1a00000, 0x00000000a5a00000, 0x00000000e0900000)
  object space 65536K, 1% used [0x00000000a1a00000,0x00000000a1b054a0,0x00000000a5a00000)
 Metaspace       used 17362K, capacity 18000K, committed 18176K, reserved 1064960K
  class space    used 2275K, capacity 2463K, committed 2560K, reserved 1048576K

Card table byte_map: [0x00000000126b0000,0x00000000129b0000] byte_map_base: 0x00000000121a3000

Marking Bits: (ParMarkBitMap*) 0x000000006fe33e30
 Begin Bits: [0x0000000012fb0000, 0x0000000014748000)
 End Bits:   [0x0000000014748000, 0x0000000015ee0000)

Polling page: 0x0000000002e80000

CodeCache: size=245760Kb used=6790Kb max_used=6790Kb free=238969Kb
 bounds [0x00000000032f0000, 0x00000000039a0000, 0x00000000122f0000]
 total_blobs=2106 nmethods=1491 adapters=535
 compilation: enabled

Compilation events (10 events):
Event: 4.541 Thread 0x00000000188d5000 1507       3       sun.nio.cs.SingleByte$Encoder::encodeArrayLoop (236 bytes)
Event: 4.550 Thread 0x00000000188d5000 nmethod 1507 0x000000000398b890 code [0x000000000398bda0, 0x000000000398e9e8]
Event: 4.550 Thread 0x00000000188d5000 1506       3       java.io.BufferedWriter::ensureOpen (18 bytes)
Event: 4.551 Thread 0x00000000188d5000 nmethod 1506 0x0000000003990d90 code [0x0000000003990f00, 0x0000000003991168]
Event: 4.551 Thread 0x00000000188d5000 1508       1       sun.nio.cs.StreamEncoder::isOpen (5 bytes)
Event: 4.552 Thread 0x00000000188d5000 nmethod 1508 0x0000000003991250 code [0x00000000039913a0, 0x00000000039914b0]
Event: 4.560 Thread 0x00000000188d5000 1509   !   3       java.lang.ClassLoader::findNative (86 bytes)
Event: 4.562 Thread 0x00000000188d5000 nmethod 1509 0x0000000003991b50 code [0x0000000003991d00, 0x00000000039925f8]
Event: 4.569 Thread 0x00000000188d5000 1510       1       java.util.concurrent.locks.AbstractQueuedSynchronizer::getState (5 bytes)
Event: 4.569 Thread 0x00000000188d5000 nmethod 1510 0x00000000039929d0 code [0x0000000003992b20, 0x0000000003992c30]

GC Heap History (8 events):
Event: 1.748 GC heap before
{Heap before GC invocations=1 (full 0):
 PSYoungGen      total 28672K, used 24576K [0x00000000e0900000, 0x00000000e2900000, 0x0000000100000000)
  eden space 24576K, 100% used [0x00000000e0900000,0x00000000e2100000,0x00000000e2100000)
  from space 4096K, 0% used [0x00000000e2500000,0x00000000e2500000,0x00000000e2900000)
  to   space 4096K, 0% used [0x00000000e2100000,0x00000000e2100000,0x00000000e2500000)
 ParOldGen       total 65536K, used 0K [0x00000000a1a00000, 0x00000000a5a00000, 0x00000000e0900000)
  object space 65536K, 0% used [0x00000000a1a00000,0x00000000a1a00000,0x00000000a5a00000)
 Metaspace       used 7778K, capacity 8082K, committed 8192K, reserved 1056768K
  class space    used 850K, capacity 951K, committed 1024K, reserved 1048576K
Event: 1.753 GC heap after
Heap after GC invocations=1 (full 0):
 PSYoungGen      total 28672K, used 2143K [0x00000000e0900000, 0x00000000e2900000, 0x0000000100000000)
  eden space 24576K, 0% used [0x00000000e0900000,0x00000000e0900000,0x00000000e2100000)
  from space 4096K, 52% used [0x00000000e2100000,0x00000000e2317f70,0x00000000e2500000)
  to   space 4096K, 0% used [0x00000000e2500000,0x00000000e2500000,0x00000000e2900000)
 ParOldGen       total 65536K, used 8K [0x00000000a1a00000, 0x00000000a5a00000, 0x00000000e0900000)
  object space 65536K, 0% used [0x00000000a1a00000,0x00000000a1a02000,0x00000000a5a00000)
 Metaspace       used 7778K, capacity 8082K, committed 8192K, reserved 1056768K
  class space    used 850K, capacity 951K, committed 1024K, reserved 1048576K
}
Event: 2.301 GC heap before
{Heap before GC invocations=2 (full 0):
 PSYoungGen      total 28672K, used 26719K [0x00000000e0900000, 0x00000000e2900000, 0x0000000100000000)
  eden space 24576K, 100% used [0x00000000e0900000,0x00000000e2100000,0x00000000e2100000)
  from space 4096K, 52% used [0x00000000e2100000,0x00000000e2317f70,0x00000000e2500000)
  to   space 4096K, 0% used [0x00000000e2500000,0x00000000e2500000,0x00000000e2900000)
 ParOldGen       total 65536K, used 8K [0x00000000a1a00000, 0x00000000a5a00000, 0x00000000e0900000)
  object space 65536K, 0% used [0x00000000a1a00000,0x00000000a1a02000,0x00000000a5a00000)
 Metaspace       used 11237K, capacity 11558K, committed 11776K, reserved 1058816K
  class space    used 1322K, capacity 1459K, committed 1536K, reserved 1048576K
Event: 2.316 GC heap after
Heap after GC invocations=2 (full 0):
 PSYoungGen      total 28672K, used 2640K [0x00000000e0900000, 0x00000000e2900000, 0x0000000100000000)
  eden space 24576K, 0% used [0x00000000e0900000,0x00000000e0900000,0x00000000e2100000)
  from space 4096K, 64% used [0x00000000e2500000,0x00000000e2794060,0x00000000e2900000)
  to   space 4096K, 0% used [0x00000000e2100000,0x00000000e2100000,0x00000000e2500000)
 ParOldGen       total 65536K, used 16K [0x00000000a1a00000, 0x00000000a5a00000, 0x00000000e0900000)
  object space 65536K, 0% used [0x00000000a1a00000,0x00000000a1a04000,0x00000000a5a00000)
 Metaspace       used 11237K, capacity 11558K, committed 11776K, reserved 1058816K
  class space    used 1322K, capacity 1459K, committed 1536K, reserved 1048576K
}
Event: 3.495 GC heap before
{Heap before GC invocations=3 (full 0):
 PSYoungGen      total 28672K, used 27216K [0x00000000e0900000, 0x00000000e2900000, 0x0000000100000000)
  eden space 24576K, 100% used [0x00000000e0900000,0x00000000e2100000,0x00000000e2100000)
  from space 4096K, 64% used [0x00000000e2500000,0x00000000e2794060,0x00000000e2900000)
  to   space 4096K, 0% used [0x00000000e2100000,0x00000000e2100000,0x00000000e2500000)
 ParOldGen       total 65536K, used 16K [0x00000000a1a00000, 0x00000000a5a00000, 0x00000000e0900000)
  object space 65536K, 0% used [0x00000000a1a00000,0x00000000a1a04000,0x00000000a5a00000)
 Metaspace       used 14154K, capacity 14552K, committed 14720K, reserved 1062912K
  class space    used 1749K, capacity 1871K, committed 1920K, reserved 1048576K
Event: 3.508 GC heap after
Heap after GC invocations=3 (full 0):
 PSYoungGen      total 28672K, used 4080K [0x00000000e0900000, 0x00000000e2900000, 0x0000000100000000)
  eden space 24576K, 0% used [0x00000000e0900000,0x00000000e0900000,0x00000000e2100000)
  from space 4096K, 99% used [0x00000000e2100000,0x00000000e24fc030,0x00000000e2500000)
  to   space 4096K, 0% used [0x00000000e2500000,0x00000000e2500000,0x00000000e2900000)
 ParOldGen       total 65536K, used 605K [0x00000000a1a00000, 0x00000000a5a00000, 0x00000000e0900000)
  object space 65536K, 0% used [0x00000000a1a00000,0x00000000a1a974a0,0x00000000a5a00000)
 Metaspace       used 14154K, capacity 14552K, committed 14720K, reserved 1062912K
  class space    used 1749K, capacity 1871K, committed 1920K, reserved 1048576K
}
Event: 4.124 GC heap before
{Heap before GC invocations=4 (full 0):
 PSYoungGen      total 28672K, used 24023K [0x00000000e0900000, 0x00000000e2900000, 0x0000000100000000)
  eden space 24576K, 81% used [0x00000000e0900000,0x00000000e1c79fb8,0x00000000e2100000)
  from space 4096K, 99% used [0x00000000e2100000,0x00000000e24fc030,0x00000000e2500000)
  to   space 4096K, 0% used [0x00000000e2500000,0x00000000e2500000,0x00000000e2900000)
 ParOldGen       total 65536K, used 605K [0x00000000a1a00000, 0x00000000a5a00000, 0x00000000e0900000)
  object space 65536K, 0% used [0x00000000a1a00000,0x00000000a1a974a0,0x00000000a5a00000)
 Metaspace       used 16300K, capacity 16788K, committed 16896K, reserved 1064960K
  class space    used 2111K, capacity 2261K, committed 2304K, reserved 1048576K
Event: 4.137 GC heap after
Heap after GC invocations=4 (full 0):
 PSYoungGen      total 28672K, used 4064K [0x00000000e0900000, 0x00000000e2900000, 0x0000000100000000)
  eden space 24576K, 0% used [0x00000000e0900000,0x00000000e0900000,0x00000000e2100000)
  from space 4096K, 99% used [0x00000000e2500000,0x00000000e28f8020,0x00000000e2900000)
  to   space 4096K, 0% used [0x00000000e2100000,0x00000000e2100000,0x00000000e2500000)
 ParOldGen       total 65536K, used 1045K [0x00000000a1a00000, 0x00000000a5a00000, 0x00000000e0900000)
  object space 65536K, 1% used [0x00000000a1a00000,0x00000000a1b054a0,0x00000000a5a00000)
 Metaspace       used 16300K, capacity 16788K, committed 16896K, reserved 1064960K
  class space    used 2111K, capacity 2261K, committed 2304K, reserved 1048576K
}

Deoptimization events (10 events):
Event: 2.510 Thread 0x0000000019f76000 Uncommon trap: reason=unstable_if action=reinterpret pc=0x000000000360cecc method=org.eclipse.jdt.launching.internal.org.objectweb.asm.ByteVector.encodeUtf8(Ljava/lang/String;II)Lorg/eclipse/jdt/launching/internal/org/objectweb/asm/ByteVector; @ 30
Event: 2.685 Thread 0x0000000019f76000 Uncommon trap: reason=unstable_if action=reinterpret pc=0x00000000034bbadc method=java.lang.String.indexOf([CII[CIII)I @ 3
Event: 2.839 Thread 0x0000000019f76000 Uncommon trap: reason=unstable_if action=reinterpret pc=0x000000000377dc54 method=java.lang.Class.privateGetDeclaredMethods(Z)[Ljava/lang/reflect/Method; @ 29
Event: 2.898 Thread 0x0000000019f76000 Uncommon trap: reason=unstable_if action=reinterpret pc=0x00000000037a55b0 method=org.eclipse.jdt.launching.internal.org.objectweb.asm.ClassReader.readCode(Lorg/eclipse/jdt/launching/internal/org/objectweb/asm/MethodVisitor;Lorg/eclipse/jdt/launching/inte
Event: 3.637 Thread 0x0000000019f76000 Uncommon trap: reason=unstable_if action=reinterpret pc=0x0000000003742eb8 method=java.util.HashMap.hash(Ljava/lang/Object;)I @ 1
Event: 4.055 Thread 0x0000000019f76000 Uncommon trap: reason=class_check action=maybe_recompile pc=0x0000000003785720 method=java.util.HashMap.putVal(ILjava/lang/Object;Ljava/lang/Object;ZZ)Ljava/lang/Object; @ 203
Event: 4.090 Thread 0x0000000019f76000 Uncommon trap: reason=class_check action=maybe_recompile pc=0x00000000034449ec method=java.lang.String.equals(Ljava/lang/Object;)Z @ 8
Event: 4.090 Thread 0x0000000019f76000 Uncommon trap: reason=class_check action=maybe_recompile pc=0x00000000034449ec method=java.lang.String.equals(Ljava/lang/Object;)Z @ 8
Event: 4.090 Thread 0x0000000019f76000 Uncommon trap: reason=class_check action=maybe_recompile pc=0x00000000034449ec method=java.lang.String.equals(Ljava/lang/Object;)Z @ 8
Event: 4.091 Thread 0x0000000019f76000 Uncommon trap: reason=class_check action=maybe_recompile pc=0x00000000034449ec method=java.lang.String.equals(Ljava/lang/Object;)Z @ 8

Classes redefined (0 events):
No events

Internal exceptions (10 events):
Event: 2.173 Thread 0x0000000019f76000 Exception <a 'java/lang/NullPointerException'> (0x00000000e1cffa30) thrown at [C:\re\workspace\8-2-build-windows-amd64-cygwin\jdk8u191\11896\hotspot\src\share\vm\prims\jvm.cpp, line 1439]
Event: 2.365 Thread 0x0000000019f76000 Exception <a 'java/lang/ArrayIndexOutOfBoundsException': 78> (0x00000000e0a1f700) thrown at [C:\re\workspace\8-2-build-windows-amd64-cygwin\jdk8u191\11896\hotspot\src\share\vm\interpreter\interpreterRuntime.cpp, line 366]
Event: 2.369 Thread 0x0000000019f76000 Exception <a 'java/lang/ArrayIndexOutOfBoundsException': 18> (0x00000000e0a24130) thrown at [C:\re\workspace\8-2-build-windows-amd64-cygwin\jdk8u191\11896\hotspot\src\share\vm\interpreter\interpreterRuntime.cpp, line 366]
Event: 2.371 Thread 0x0000000019f76000 Exception <a 'java/lang/ArrayIndexOutOfBoundsException'> (0x00000000e0a25ec8) thrown at [C:\re\workspace\8-2-build-windows-amd64-cygwin\jdk8u191\11896\hotspot\src\share\vm\runtime\sharedRuntime.cpp, line 605]
Event: 2.387 Thread 0x0000000019f76000 Exception <a 'java/lang/ArrayIndexOutOfBoundsException'> (0x00000000e0a6c990) thrown at [C:\re\workspace\8-2-build-windows-amd64-cygwin\jdk8u191\11896\hotspot\src\share\vm\runtime\sharedRuntime.cpp, line 605]
Event: 2.739 Thread 0x0000000019f76000 Exception <a 'java/lang/ArrayIndexOutOfBoundsException'> (0x00000000e15a9768) thrown at [C:\re\workspace\8-2-build-windows-amd64-cygwin\jdk8u191\11896\hotspot\src\share\vm\runtime\sharedRuntime.cpp, line 605]
Event: 2.739 Thread 0x0000000019f76000 Exception <a 'java/lang/ArrayIndexOutOfBoundsException'> (0x00000000e15aab50) thrown at [C:\re\workspace\8-2-build-windows-amd64-cygwin\jdk8u191\11896\hotspot\src\share\vm\runtime\sharedRuntime.cpp, line 605]
Event: 3.637 Thread 0x0000000019f76000 Implicit null exception at 0x0000000003742b74 to 0x0000000003742ea1
Event: 3.986 Thread 0x0000000019f76000 Exception <a 'java/io/FileNotFoundException'> (0x00000000e180cf80) thrown at [C:\re\workspace\8-2-build-windows-amd64-cygwin\jdk8u191\11896\hotspot\src\share\vm\prims\jni.cpp, line 709]
Event: 4.476 Thread 0x000000001ea2e000 Exception <a 'java/net/SocketTimeoutException': Read timed out> (0x00000000e1a204f0) thrown at [C:\re\workspace\8-2-build-windows-amd64-cygwin\jdk8u191\11896\hotspot\src\share\vm\prims\jni.cpp, line 735]

Events (10 events):
Event: 4.554 loading class javafx/event/Event
Event: 4.554 loading class javafx/event/Event done
Event: 4.554 loading class javafx/scene/Node
Event: 4.554 loading class javafx/scene/Node done
Event: 4.557 loading class com/sun/javafx/tk/quantum/CursorUtils
Event: 4.557 loading class com/sun/javafx/tk/quantum/CursorUtils done
Event: 4.558 loading class com/sun/javafx/tk/quantum/CursorUtils$1
Event: 4.558 loading class com/sun/javafx/tk/quantum/CursorUtils$1 done
Event: 4.560 loading class com/sun/glass/ui/Size
Event: 4.560 loading class com/sun/glass/ui/Size done


Dynamic libraries:
0x00007ff6bf170000 - 0x00007ff6bf1a7000 	C:\Program Files\Java\jre1.8.0_191\bin\javaw.exe
0x00007fff2f810000 - 0x00007fff2f9f1000 	C:\WINDOWS\SYSTEM32\ntdll.dll
0x00007fff2f250000 - 0x00007fff2f301000 	C:\WINDOWS\System32\KERNEL32.DLL
0x00007fff2c880000 - 0x00007fff2caf3000 	C:\WINDOWS\System32\KERNELBASE.dll
0x00007fff2e800000 - 0x00007fff2e8a1000 	C:\WINDOWS\System32\ADVAPI32.dll
0x00007fff2f1b0000 - 0x00007fff2f24e000 	C:\WINDOWS\System32\msvcrt.dll
0x00007fff2f590000 - 0x00007fff2f5eb000 	C:\WINDOWS\System32\sechost.dll
0x00007fff2d290000 - 0x00007fff2d3b4000 	C:\WINDOWS\System32\RPCRT4.dll
0x00007fff2f650000 - 0x00007fff2f7e0000 	C:\WINDOWS\System32\USER32.dll
0x00007fff2c690000 - 0x00007fff2c6b0000 	C:\WINDOWS\System32\win32u.dll
0x00007fff2eb50000 - 0x00007fff2eb78000 	C:\WINDOWS\System32\GDI32.dll
0x00007fff2cb00000 - 0x00007fff2cc92000 	C:\WINDOWS\System32\gdi32full.dll
0x00007fff2bbe0000 - 0x00007fff2bc7f000 	C:\WINDOWS\System32\msvcp_win.dll
0x00007fff2c780000 - 0x00007fff2c878000 	C:\WINDOWS\System32\ucrtbase.dll
0x00007fff1daa0000 - 0x00007fff1dd09000 	C:\WINDOWS\WinSxS\amd64_microsoft.windows.common-controls_6595b64144ccf1df_6.0.17134.706_none_fb43a2cb30647007\COMCTL32.dll
0x00007fff2cf60000 - 0x00007fff2d282000 	C:\WINDOWS\System32\combase.dll
0x00007fff2c6b0000 - 0x00007fff2c72a000 	C:\WINDOWS\System32\bcryptPrimitives.dll
0x00007fff2f560000 - 0x00007fff2f58d000 	C:\WINDOWS\System32\IMM32.DLL
0x000000006f4f0000 - 0x000000006f5c2000 	C:\Program Files\Java\jre1.8.0_191\bin\msvcr100.dll
0x000000006f610000 - 0x000000006feb4000 	C:\Program Files\Java\jre1.8.0_191\bin\server\jvm.dll
0x00007fff2f1a0000 - 0x00007fff2f1a8000 	C:\WINDOWS\System32\PSAPI.DLL
0x00007ffefc420000 - 0x00007ffefc429000 	C:\WINDOWS\SYSTEM32\WSOCK32.dll
0x00007fff298d0000 - 0x00007fff298f3000 	C:\WINDOWS\SYSTEM32\WINMM.dll
0x00007fff2e8b0000 - 0x00007fff2e91c000 	C:\WINDOWS\System32\WS2_32.dll
0x00007fff25230000 - 0x00007fff2523a000 	C:\WINDOWS\SYSTEM32\VERSION.dll
0x00007fff29470000 - 0x00007fff2949a000 	C:\WINDOWS\SYSTEM32\winmmbase.dll
0x00007fff2c730000 - 0x00007fff2c779000 	C:\WINDOWS\System32\cfgmgr32.dll
0x00000000702b0000 - 0x00000000702bf000 	C:\Program Files\Java\jre1.8.0_191\bin\verify.dll
0x0000000070280000 - 0x00000000702a9000 	C:\Program Files\Java\jre1.8.0_191\bin\java.dll
0x000000006f4b0000 - 0x000000006f4e5000 	C:\Program Files\Java\jre1.8.0_191\bin\jdwp.dll
0x000000006f4a0000 - 0x000000006f4a8000 	C:\Program Files\Java\jre1.8.0_191\bin\npt.dll
0x000000006f470000 - 0x000000006f493000 	C:\Program Files\Java\jre1.8.0_191\bin\instrument.dll
0x0000000070260000 - 0x0000000070276000 	C:\Program Files\Java\jre1.8.0_191\bin\zip.dll
0x00007fff2d3c0000 - 0x00007fff2e800000 	C:\WINDOWS\System32\SHELL32.dll
0x00007fff2cd30000 - 0x00007fff2cdd9000 	C:\WINDOWS\System32\shcore.dll
0x00007fff2bf80000 - 0x00007fff2c68d000 	C:\WINDOWS\System32\windows.storage.dll
0x00007fff2f140000 - 0x00007fff2f191000 	C:\WINDOWS\System32\shlwapi.dll
0x00007fff2bbc0000 - 0x00007fff2bbd1000 	C:\WINDOWS\System32\kernel.appcore.dll
0x00007fff2bba0000 - 0x00007fff2bbbf000 	C:\WINDOWS\System32\profapi.dll
0x00007fff2bb40000 - 0x00007fff2bb8c000 	C:\WINDOWS\System32\powrprof.dll
0x00007fff2bb90000 - 0x00007fff2bb9a000 	C:\WINDOWS\System32\FLTLIB.DLL
0x000000006f460000 - 0x000000006f469000 	C:\Program Files\Java\jre1.8.0_191\bin\dt_socket.dll
0x00007fff1a300000 - 0x00007fff1a316000 	C:\WINDOWS\system32\napinsp.dll
0x00007fff1bae0000 - 0x00007fff1bafa000 	C:\WINDOWS\system32\pnrpnsp.dll
0x00007fff273c0000 - 0x00007fff273d9000 	C:\WINDOWS\system32\NLAapi.dll
0x00007fff2b340000 - 0x00007fff2b3a6000 	C:\WINDOWS\System32\mswsock.dll
0x00007fff2b100000 - 0x00007fff2b1be000 	C:\WINDOWS\SYSTEM32\DNSAPI.dll
0x00007fff2f310000 - 0x00007fff2f318000 	C:\WINDOWS\System32\NSI.dll
0x00007fff2b0c0000 - 0x00007fff2b0f8000 	C:\WINDOWS\SYSTEM32\IPHLPAPI.DLL
0x00007fff24a10000 - 0x00007fff24a1e000 	C:\WINDOWS\System32\winrnr.dll
0x00007fff1bb00000 - 0x00007fff1bb15000 	C:\WINDOWS\System32\wshbth.dll
0x00007fff24f70000 - 0x00007fff24fe2000 	C:\WINDOWS\System32\fwpuclnt.dll
0x00007fff2b620000 - 0x00007fff2b645000 	C:\WINDOWS\SYSTEM32\bcrypt.dll
0x00007fff23a50000 - 0x00007fff23a5a000 	C:\Windows\System32\rasadhlp.dll
0x0000000003010000 - 0x0000000003013000 	C:\Program Files\Java\jre1.8.0_191\bin\api-ms-win-core-console-l1-1-0.dll
0x0000000003020000 - 0x0000000003023000 	C:\Program Files\Java\jre1.8.0_191\bin\api-ms-win-core-datetime-l1-1-0.dll
0x0000000003030000 - 0x0000000003033000 	C:\Program Files\Java\jre1.8.0_191\bin\api-ms-win-core-debug-l1-1-0.dll
0x0000000003150000 - 0x0000000003153000 	C:\Program Files\Java\jre1.8.0_191\bin\api-ms-win-core-errorhandling-l1-1-0.dll
0x0000000003160000 - 0x0000000003164000 	C:\Program Files\Java\jre1.8.0_191\bin\api-ms-win-core-file-l1-1-0.dll
0x0000000003170000 - 0x0000000003173000 	C:\Program Files\Java\jre1.8.0_191\bin\api-ms-win-core-file-l1-2-0.dll
0x0000000003180000 - 0x0000000003183000 	C:\Program Files\Java\jre1.8.0_191\bin\api-ms-win-core-file-l2-1-0.dll
0x0000000003190000 - 0x0000000003193000 	C:\Program Files\Java\jre1.8.0_191\bin\api-ms-win-core-handle-l1-1-0.dll
0x00000000031a0000 - 0x00000000031a3000 	C:\Program Files\Java\jre1.8.0_191\bin\api-ms-win-core-heap-l1-1-0.dll
0x00000000031b0000 - 0x00000000031b3000 	C:\Program Files\Java\jre1.8.0_191\bin\api-ms-win-core-interlocked-l1-1-0.dll
0x00000000031c0000 - 0x00000000031c3000 	C:\Program Files\Java\jre1.8.0_191\bin\api-ms-win-core-libraryloader-l1-1-0.dll
0x00000000031d0000 - 0x00000000031d3000 	C:\Program Files\Java\jre1.8.0_191\bin\api-ms-win-core-localization-l1-2-0.dll
0x000000001a900000 - 0x000000001a903000 	C:\Program Files\Java\jre1.8.0_191\bin\api-ms-win-core-memory-l1-1-0.dll
0x000000001a910000 - 0x000000001a913000 	C:\Program Files\Java\jre1.8.0_191\bin\api-ms-win-core-namedpipe-l1-1-0.dll
0x000000001a920000 - 0x000000001a923000 	C:\Program Files\Java\jre1.8.0_191\bin\api-ms-win-core-processenvironment-l1-1-0.dll
0x000000001a930000 - 0x000000001a933000 	C:\Program Files\Java\jre1.8.0_191\bin\api-ms-win-core-processthreads-l1-1-0.dll
0x000000001a940000 - 0x000000001a943000 	C:\Program Files\Java\jre1.8.0_191\bin\api-ms-win-core-processthreads-l1-1-1.dll
0x000000001a950000 - 0x000000001a953000 	C:\Program Files\Java\jre1.8.0_191\bin\api-ms-win-core-profile-l1-1-0.dll
0x000000001a960000 - 0x000000001a963000 	C:\Program Files\Java\jre1.8.0_191\bin\api-ms-win-core-rtlsupport-l1-1-0.dll
0x000000001a970000 - 0x000000001a973000 	C:\Program Files\Java\jre1.8.0_191\bin\api-ms-win-core-string-l1-1-0.dll
0x000000001a980000 - 0x000000001a983000 	C:\Program Files\Java\jre1.8.0_191\bin\api-ms-win-core-synch-l1-1-0.dll
0x000000001a990000 - 0x000000001a993000 	C:\Program Files\Java\jre1.8.0_191\bin\api-ms-win-core-synch-l1-2-0.dll
0x000000001a9a0000 - 0x000000001a9a3000 	C:\Program Files\Java\jre1.8.0_191\bin\api-ms-win-core-sysinfo-l1-1-0.dll
0x000000001a9b0000 - 0x000000001a9b3000 	C:\Program Files\Java\jre1.8.0_191\bin\api-ms-win-core-timezone-l1-1-0.dll
0x000000001a9c0000 - 0x000000001a9c3000 	C:\Program Files\Java\jre1.8.0_191\bin\api-ms-win-core-util-l1-1-0.dll
0x000000001a9d0000 - 0x000000001a9d3000 	C:\Program Files\Java\jre1.8.0_191\bin\api-ms-win-crt-conio-l1-1-0.dll
0x000000001a9e0000 - 0x000000001a9e4000 	C:\Program Files\Java\jre1.8.0_191\bin\api-ms-win-crt-convert-l1-1-0.dll
0x000000001a9f0000 - 0x000000001a9f3000 	C:\Program Files\Java\jre1.8.0_191\bin\api-ms-win-crt-environment-l1-1-0.dll
0x000000001aa00000 - 0x000000001aa03000 	C:\Program Files\Java\jre1.8.0_191\bin\api-ms-win-crt-filesystem-l1-1-0.dll
0x000000001aa10000 - 0x000000001aa13000 	C:\Program Files\Java\jre1.8.0_191\bin\api-ms-win-crt-heap-l1-1-0.dll
0x000000001aa20000 - 0x000000001aa23000 	C:\Program Files\Java\jre1.8.0_191\bin\api-ms-win-crt-locale-l1-1-0.dll
0x000000001aa30000 - 0x000000001aa35000 	C:\Program Files\Java\jre1.8.0_191\bin\api-ms-win-crt-math-l1-1-0.dll
0x000000001aa40000 - 0x000000001aa45000 	C:\Program Files\Java\jre1.8.0_191\bin\api-ms-win-crt-multibyte-l1-1-0.dll
0x000000001aa50000 - 0x000000001aa60000 	C:\Program Files\Java\jre1.8.0_191\bin\api-ms-win-crt-private-l1-1-0.dll
0x000000001aa60000 - 0x000000001aa63000 	C:\Program Files\Java\jre1.8.0_191\bin\api-ms-win-crt-process-l1-1-0.dll
0x000000001aa70000 - 0x000000001aa74000 	C:\Program Files\Java\jre1.8.0_191\bin\api-ms-win-crt-runtime-l1-1-0.dll
0x000000001aa80000 - 0x000000001aa84000 	C:\Program Files\Java\jre1.8.0_191\bin\api-ms-win-crt-stdio-l1-1-0.dll
0x000000001aa90000 - 0x000000001aa94000 	C:\Program Files\Java\jre1.8.0_191\bin\api-ms-win-crt-string-l1-1-0.dll
0x000000001aaa0000 - 0x000000001aaa3000 	C:\Program Files\Java\jre1.8.0_191\bin\api-ms-win-crt-time-l1-1-0.dll
0x000000001aab0000 - 0x000000001aab3000 	C:\Program Files\Java\jre1.8.0_191\bin\api-ms-win-crt-utility-l1-1-0.dll
0x00007fff088c0000 - 0x00007fff089b6000 	C:\Program Files\Java\jre1.8.0_191\bin\ucrtbase.dll
0x00007fff193f0000 - 0x00007fff19406000 	C:\Program Files\Java\jre1.8.0_191\bin\vcruntime140.dll
0x00007fff0d740000 - 0x00007fff0d7dc000 	C:\Program Files\Java\jre1.8.0_191\bin\msvcp140.dll
0x00007fff191a0000 - 0x00007fff191f1000 	C:\Program Files\Java\jre1.8.0_191\bin\concrt140.dll
0x000000006f430000 - 0x000000006f453000 	C:\Program Files\Java\jre1.8.0_191\bin\prism_d3d.dll
0x00007fff007a0000 - 0x00007fff00937000 	C:\WINDOWS\system32\d3d9.dll
0x00007fff2a220000 - 0x00007fff2a249000 	C:\WINDOWS\SYSTEM32\dwmapi.dll
0x00007fff29e60000 - 0x00007fff29ef8000 	C:\WINDOWS\system32\uxtheme.dll
0x00007ffeda530000 - 0x00007ffedaf9e000 	C:\WINDOWS\SYSTEM32\igdumdim64.dll
0x00007fff200e0000 - 0x00007fff20544000 	C:\WINDOWS\SYSTEM32\igdusc64.dll
0x000000006f3e0000 - 0x000000006f429000 	C:\Program Files\Java\jre1.8.0_191\bin\glass.dll
0x00007fff2eb80000 - 0x00007fff2ec6d000 	C:\WINDOWS\System32\COMDLG32.dll
0x00007fff2e920000 - 0x00007fff2ea71000 	C:\WINDOWS\System32\ole32.dll
0x00007fff2ea80000 - 0x00007fff2eb42000 	C:\WINDOWS\System32\OLEAUT32.dll
0x00007fff2cde0000 - 0x00007fff2cf53000 	C:\WINDOWS\System32\MSCTF.dll
0x000000006f3c0000 - 0x000000006f3d4000 	C:\Program Files\Java\jre1.8.0_191\bin\javafx_font.dll
0x0000000070240000 - 0x000000007025a000 	C:\Program Files\Java\jre1.8.0_191\bin\net.dll
0x00007fff236c0000 - 0x00007fff239dc000 	C:\WINDOWS\SYSTEM32\dwrite.dll
0x00007fff2f4c0000 - 0x00007fff2f560000 	C:\WINDOWS\System32\clbcatq.dll
0x00007fff24dc0000 - 0x00007fff24f6e000 	C:\WINDOWS\SYSTEM32\WindowsCodecs.dll
0x00007fff24c30000 - 0x00007fff24c88000 	C:\WINDOWS\system32\dataexchange.dll
0x00007fff28b90000 - 0x00007fff28e9b000 	C:\WINDOWS\system32\d3d11.dll
0x00007fff292d0000 - 0x00007fff2946c000 	C:\WINDOWS\system32\dcomp.dll
0x00007fff2a870000 - 0x00007fff2a92b000 	C:\WINDOWS\system32\dxgi.dll
0x00007fff2a060000 - 0x00007fff2a218000 	C:\WINDOWS\system32\twinapi.appcore.dll
0x00007fff2a030000 - 0x00007fff2a059000 	C:\WINDOWS\system32\RMCLIENT.dll
0x00007fff1a770000 - 0x00007fff1a7a4000 	C:\Program Files\Common Files\Microsoft Shared\Ink\rtscom.dll
0x00007fff246b0000 - 0x00007fff24746000 	C:\WINDOWS\System32\TextInputFramework.dll
0x00007fff24220000 - 0x00007fff2453e000 	C:\WINDOWS\System32\CoreUIComponents.dll
0x00007fff29900000 - 0x00007fff299da000 	C:\WINDOWS\System32\CoreMessaging.dll
0x00007fff27d60000 - 0x00007fff27ead000 	C:\WINDOWS\SYSTEM32\wintypes.dll
0x00007fff2abe0000 - 0x00007fff2ac11000 	C:\WINDOWS\SYSTEM32\ntmarta.dll
0x000000006f390000 - 0x000000006f3b3000 	C:\Program Files\Java\jre1.8.0_191\bin\javafx_iio.dll

VM Arguments:
jvm_args: -agentlib:jdwp=transport=dt_socket,suspend=y,address=localhost:21783 -javaagent:C:\Users\Admin\eclipse\java-2018-12\eclipse\configuration\org.eclipse.osgi\221\0\.cp\lib\javaagent-shaded.jar -Dfile.encoding=Cp1250 
java_command: application.Main
java_class_path (initial): C:\Users\Admin\eclipse-workspace\Project\bin;C:\Users\Admin\.p2\pool\plugins\org.eclipse.fx.ide.css.jfx8_3.4.1.201810030906.jar;C:\Users\Admin\Downloads\org.eclipse.paho.client.mqttv3-1.2.1.jar;C:\Users\Admin\eclipse\java-2018-12\eclipse\configuration\org.eclipse.osgi\221\0\.cp\lib\javaagent-shaded.jar
Launcher Type: SUN_STANDARD

Environment Variables:
JAVA_HOME=C:\Program Files (x86)\Java\jdk1.8.0_192
PATH=C:/Program Files/Java/jre1.8.0_191/bin/server;C:/Program Files/Java/jre1.8.0_191/bin;C:/Program Files/Java/jre1.8.0_191/lib/amd64;C:\Program Files (x86)\Common Files\Oracle\Java\javapath;C:\ProgramData\Oracle\Java\javapath;C:\Program Files (x86)\Intel\iCLS Client\;C:\Program Files\Intel\iCLS Client\;C:\Program Files (x86)\AMD APP\bin\x86_64;C:\Program Files (x86)\AMD APP\bin\x86;C:\WINDOWS\system32;C:\WINDOWS;C:\WINDOWS\System32\Wbem;C:\WINDOWS\System32\WindowsPowerShell\v1.0\;C:\Program Files (x86)\ATI Technologies\ATI.ACE\Core-Static;C:\Program Files\Intel\Intel(R) Management Engine Components\DAL;C:\Program Files\Intel\Intel(R) Management Engine Components\IPT;C:\Program Files (x86)\Intel\Intel(R) Management Engine Components\DAL;C:\Program Files (x86)\Intel\Intel(R) Management Engine Components\IPT;C:\Program Files (x86)\Windows Live\Shared;C:\Program Files (x86)\AMD\ATI.ACE\Core-Static;C:\Program Files\Microsoft\Web Platform Installer\;C:\Program Files (x86)\Microsoft ASP.NET\ASP.NET Web Pages\v1.0\;C:\Program Files\Microsoft SQL Server\110\Tools\Binn\;C:\WINDOWS\System32\OpenSSH\;C:\Program Files\dotnet\;C:\Program Files\Microsoft SQL Server\130\Tools\Binn\;E:\Programy\Visual Studio 2017\Common7\Tools\;E:\Programy\Visual Studio 2017\Python36_64\Scripts\;E:\Programy\Visual Studio 2017\Python36_64\Tools\;C:\Users\Admin\AppData\Local\Programs\Python\Python37-32\Scripts\;C:\Users\Admin\AppData\Local\Programs\Python\Python37-32\;E:\Programy\Visual Studio 2017\Python36_64\Tools\;E:\Programy\Visual Studio 2017\Python36_64\Scripts\;E:\Programy\Visual Studio 2017\Python36_64\;;C:\Users\Admin\Desktop;
USERNAME=Admin
OS=Windows_NT
PROCESSOR_IDENTIFIER=Intel64 Family 6 Model 58 Stepping 9, GenuineIntel



---------------  S Y S T E M  ---------------

OS: Windows 10.0 , 64 bit Build 17134 (10.0.17134.706)

CPU:total 4 (initial active 4) (2 cores per cpu, 2 threads per core) family 6 model 58 stepping 9, cmov, cx8, fxsr, mmx, sse, sse2, sse3, ssse3, sse4.1, sse4.2, popcnt, avx, aes, clmul, erms, ht, tsc, tscinvbit, tscinv

Memory: 4k page, physical 6180424k(697684k free), swap 16171556k(4216k free)

vm_info: Java HotSpot(TM) 64-Bit Server VM (25.191-b12) for windows-amd64 JRE (1.8.0_191-b12), built on Oct  6 2018 09:29:03 by "java_re" with MS VC++ 10.0 (VS2010)

time: Tue May 14 19:15:59 2019
elapsed time: 4 seconds (0d 0h 0m 4s)

