#
# There is insufficient memory for the Java Runtime Environment to continue.
# Native memory allocation (malloc) failed to allocate 32744 bytes for ChunkPool::allocate
# Possible reasons:
#   The system is out of physical RAM or swap space
#   In 32 bit mode, the process size limit was hit
# Possible solutions:
#   Reduce memory load on the system
#   Increase physical memory or swap space
#   Check if swap backing store is full
#   Use 64 bit Java on a 64 bit OS
#   Decrease Java heap size (-Xmx/-Xms)
#   Decrease number of Java threads
#   Decrease Java thread stack sizes (-Xss)
#   Set larger code cache with -XX:ReservedCodeCacheSize=
# This output file may be truncated or incomplete.
#
#  Out of Memory Error (allocation.cpp:273), pid=17984, tid=0x0000000000004960
#
# JRE version: Java(TM) SE Runtime Environment (8.0_191-b12) (build 1.8.0_191-b12)
# Java VM: Java HotSpot(TM) 64-Bit Server VM (25.191-b12 mixed mode windows-amd64 compressed oops)
# Failed to write core dump. Minidumps are not enabled by default on client versions of Windows
#

---------------  T H R E A D  ---------------

Current thread (0x0000000018087000):  JavaThread "C2 CompilerThread0" daemon [_thread_in_native, id=18784, stack(0x00000000183f0000,0x00000000184f0000)]

Stack: [0x00000000183f0000,0x00000000184f0000]
[error occurred during error reporting (printing stack bounds), id 0xc0000005]

Native frames: (J=compiled Java code, j=interpreted, Vv=VM code, C=native code)


Current CompileTask:
C2: 657962 1780 %     4       org.eclipse.jdt.launching.internal.org.objectweb.asm.ClassReader::readCode @ 2165 (5089 bytes)


---------------  P R O C E S S  ---------------

Java Threads: ( => current thread )
  0x0000000019840000 JavaThread "DestroyJavaVM" [_thread_blocked, id=15432, stack(0x00000000026e0000,0x00000000027e0000)]
  0x000000001983d000 JavaThread "Prism Font Disposer" daemon [_thread_blocked, id=15308, stack(0x0000000021e70000,0x0000000021f70000)]
  0x0000000020680000 JavaThread "MQTT Ping: paho1961517523106481" [_thread_blocked, id=19296, stack(0x0000000021580000,0x0000000021680000)]
  0x000000001d395000 JavaThread "MQTT Call: paho1961517523106481" [_thread_blocked, id=18104, stack(0x0000000021480000,0x0000000021580000)]
  0x000000002017e000 JavaThread "MQTT Snd: paho1961517523106481" [_thread_blocked, id=18564, stack(0x000000001f390000,0x000000001f490000)]
  0x0000000019788000 JavaThread "MQTT Rec: paho1961517523106481" [_thread_in_native, id=18692, stack(0x000000001f050000,0x000000001f150000)]
  0x0000000019705000 JavaThread "Thread-3" daemon [_thread_in_native, id=5580, stack(0x000000001d510000,0x000000001d610000)]
  0x0000000019896000 JavaThread "Thread-1" daemon [_thread_blocked, id=13068, stack(0x000000001a430000,0x000000001a530000)]
  0x00000000180ec800 JavaThread "Service Thread" daemon [_thread_blocked, id=5992, stack(0x00000000186f0000,0x00000000187f0000)]
  0x00000000180e3800 JavaThread "C1 CompilerThread2" daemon [_thread_blocked, id=13592, stack(0x00000000185f0000,0x00000000186f0000)]
  0x00000000180e3000 JavaThread "C2 CompilerThread1" daemon [_thread_blocked, id=18952, stack(0x00000000184f0000,0x00000000185f0000)]
=>0x0000000018087000 JavaThread "C2 CompilerThread0" daemon [_thread_in_native, id=18784, stack(0x00000000183f0000,0x00000000184f0000)]
  0x000000001636a000 JavaThread "JDWP Command Reader" daemon [_thread_in_native, id=16788, stack(0x0000000017ef0000,0x0000000017ff0000)]
  0x0000000016368800 JavaThread "JDWP Event Helper Thread" daemon [_thread_blocked, id=18092, stack(0x0000000017df0000,0x0000000017ef0000)]
  0x0000000016363000 JavaThread "JDWP Transport Listener: dt_socket" daemon [_thread_blocked, id=11084, stack(0x0000000017cf0000,0x0000000017df0000)]
  0x0000000016350800 JavaThread "Attach Listener" daemon [_thread_blocked, id=18744, stack(0x00000000178b0000,0x00000000179b0000)]
  0x000000001634f000 JavaThread "Signal Dispatcher" daemon [_thread_blocked, id=13080, stack(0x00000000177b0000,0x00000000178b0000)]
  0x0000000002abd000 JavaThread "Finalizer" daemon [_thread_blocked, id=5356, stack(0x00000000175a0000,0x00000000176a0000)]
  0x0000000002ab2000 JavaThread "Reference Handler" daemon [_thread_blocked, id=9240, stack(0x00000000174a0000,0x00000000175a0000)]

Other Threads:
  0x0000000016319000 VMThread [stack: 0x00000000173a0000,0x00000000174a0000] [id=6676]
  0x000000001815a800 WatcherThread [stack: 0x00000000187f0000,0x00000000188f0000] [id=18620]

VM state:not at safepoint (normal execution)

VM Mutex/Monitor currently owned by a thread: None

Heap:
 PSYoungGen      total 28160K, used 5179K [0x00000000e0900000, 0x00000000e3d80000, 0x0000000100000000)
  eden space 24064K, 4% used [0x00000000e0900000,0x00000000e0a13c50,0x00000000e2080000)
  from space 4096K, 99% used [0x00000000e2100000,0x00000000e24fb050,0x00000000e2500000)
  to   space 14848K, 0% used [0x00000000e2f00000,0x00000000e2f00000,0x00000000e3d80000)
 ParOldGen       total 65536K, used 14249K [0x00000000a1a00000, 0x00000000a5a00000, 0x00000000e0900000)
  object space 65536K, 21% used [0x00000000a1a00000,0x00000000a27ea6f8,0x00000000a5a00000)
 Metaspace       used 17955K, capacity 18590K, committed 18688K, reserved 1064960K
  class space    used 2346K, capacity 2544K, committed 2560K, reserved 1048576K

Card table byte_map: [0x0000000011e80000,0x0000000012180000] byte_map_base: 0x0000000011973000

Marking Bits: (ParMarkBitMap*) 0x000000006fe33e30
 Begin Bits: [0x0000000012780000, 0x0000000013f18000)
 End Bits:   [0x0000000013f18000, 0x00000000156b0000)

Polling page: 0x0000000000fc0000

CodeCache: size=245760Kb used=7403Kb max_used=7403Kb free=238356Kb
 bounds [0x0000000002ac0000, 0x0000000003200000, 0x0000000011ac0000]
 total_blobs=2421 nmethods=1769 adapters=572
 compilation: enabled

Compilation events (10 events):
Event: 384.992 Thread 0x00000000180e3800 nmethod 1773 0x00000000031f79d0 code [0x00000000031f7b40, 0x00000000031f7cf8]
Event: 385.067 Thread 0x00000000180e3800 1775   !   3       java.net.AbstractPlainSocketImpl::isConnectionResetPending (31 bytes)
Event: 385.067 Thread 0x00000000180e3800 nmethod 1775 0x00000000031f7090 code [0x00000000031f7200, 0x00000000031f7550]
Event: 385.067 Thread 0x00000000180e3800 1776   !   3       org.eclipse.paho.client.mqttv3.internal.wire.MqttInputStream::readMqttWireMessage (199 bytes)
Event: 385.069 Thread 0x00000000180e3800 nmethod 1776 0x00000000031f9510 code [0x00000000031f9880, 0x00000000031fb7c8]
Event: 475.118 Thread 0x00000000180e3800 1778       3       java.util.regex.Pattern$Single::isSatisfiedBy (14 bytes)
Event: 475.118 Thread 0x00000000180e3800 nmethod 1778 0x00000000031f6990 code [0x00000000031f6ae0, 0x00000000031f6c90]
Event: 604.430 Thread 0x00000000180e3800 1779       3       org.eclipse.paho.client.mqttv3.logging.JSR47Logger::fine (12 bytes)
Event: 604.430 Thread 0x00000000180e3800 nmethod 1779 0x00000000031fcad0 code [0x00000000031fcc40, 0x00000000031fce08]
Event: 655.365 Thread 0x0000000018087000 1780 %     4       org.eclipse.jdt.launching.internal.org.objectweb.asm.ClassReader::readCode @ 2165 (5089 bytes)

GC Heap History (10 events):
Event: 2.692 GC heap before
{Heap before GC invocations=1 (full 0):
 PSYoungGen      total 28672K, used 24576K [0x00000000e0900000, 0x00000000e2900000, 0x0000000100000000)
  eden space 24576K, 100% used [0x00000000e0900000,0x00000000e2100000,0x00000000e2100000)
  from space 4096K, 0% used [0x00000000e2500000,0x00000000e2500000,0x00000000e2900000)
  to   space 4096K, 0% used [0x00000000e2100000,0x00000000e2100000,0x00000000e2500000)
 ParOldGen       total 65536K, used 0K [0x00000000a1a00000, 0x00000000a5a00000, 0x00000000e0900000)
  object space 65536K, 0% used [0x00000000a1a00000,0x00000000a1a00000,0x00000000a5a00000)
 Metaspace       used 7789K, capacity 8082K, committed 8192K, reserved 1056768K
  class space    used 849K, capacity 951K, committed 1024K, reserved 1048576K
Event: 2.698 GC heap after
Heap after GC invocations=1 (full 0):
 PSYoungGen      total 28672K, used 2133K [0x00000000e0900000, 0x00000000e2900000, 0x0000000100000000)
  eden space 24576K, 0% used [0x00000000e0900000,0x00000000e0900000,0x00000000e2100000)
  from space 4096K, 52% used [0x00000000e2100000,0x00000000e23157b8,0x00000000e2500000)
  to   space 4096K, 0% used [0x00000000e2500000,0x00000000e2500000,0x00000000e2900000)
 ParOldGen       total 65536K, used 8K [0x00000000a1a00000, 0x00000000a5a00000, 0x00000000e0900000)
  object space 65536K, 0% used [0x00000000a1a00000,0x00000000a1a02000,0x00000000a5a00000)
 Metaspace       used 7789K, capacity 8082K, committed 8192K, reserved 1056768K
  class space    used 849K, capacity 951K, committed 1024K, reserved 1048576K
}
Event: 3.208 GC heap before
{Heap before GC invocations=2 (full 0):
 PSYoungGen      total 28672K, used 26695K [0x00000000e0900000, 0x00000000e2900000, 0x0000000100000000)
  eden space 24576K, 99% used [0x00000000e0900000,0x00000000e20fc6c0,0x00000000e2100000)
  from space 4096K, 52% used [0x00000000e2100000,0x00000000e23157b8,0x00000000e2500000)
  to   space 4096K, 0% used [0x00000000e2500000,0x00000000e2500000,0x00000000e2900000)
 ParOldGen       total 65536K, used 8K [0x00000000a1a00000, 0x00000000a5a00000, 0x00000000e0900000)
  object space 65536K, 0% used [0x00000000a1a00000,0x00000000a1a02000,0x00000000a5a00000)
 Metaspace       used 11261K, capacity 11622K, committed 11776K, reserved 1058816K
  class space    used 1322K, capacity 1459K, committed 1536K, reserved 1048576K
Event: 3.215 GC heap after
Heap after GC invocations=2 (full 0):
 PSYoungGen      total 28672K, used 2656K [0x00000000e0900000, 0x00000000e2900000, 0x0000000100000000)
  eden space 24576K, 0% used [0x00000000e0900000,0x00000000e0900000,0x00000000e2100000)
  from space 4096K, 64% used [0x00000000e2500000,0x00000000e2798050,0x00000000e2900000)
  to   space 4096K, 0% used [0x00000000e2100000,0x00000000e2100000,0x00000000e2500000)
 ParOldGen       total 65536K, used 16K [0x00000000a1a00000, 0x00000000a5a00000, 0x00000000e0900000)
  object space 65536K, 0% used [0x00000000a1a00000,0x00000000a1a04000,0x00000000a5a00000)
 Metaspace       used 11261K, capacity 11622K, committed 11776K, reserved 1058816K
  class space    used 1322K, capacity 1459K, committed 1536K, reserved 1048576K
}
Event: 4.408 GC heap before
{Heap before GC invocations=3 (full 0):
 PSYoungGen      total 28672K, used 27232K [0x00000000e0900000, 0x00000000e2900000, 0x0000000100000000)
  eden space 24576K, 100% used [0x00000000e0900000,0x00000000e2100000,0x00000000e2100000)
  from space 4096K, 64% used [0x00000000e2500000,0x00000000e2798050,0x00000000e2900000)
  to   space 4096K, 0% used [0x00000000e2100000,0x00000000e2100000,0x00000000e2500000)
 ParOldGen       total 65536K, used 16K [0x00000000a1a00000, 0x00000000a5a00000, 0x00000000e0900000)
  object space 65536K, 0% used [0x00000000a1a00000,0x00000000a1a04000,0x00000000a5a00000)
 Metaspace       used 14194K, capacity 14620K, committed 14976K, reserved 1062912K
  class space    used 1747K, capacity 1871K, committed 1920K, reserved 1048576K
Event: 4.422 GC heap after
Heap after GC invocations=3 (full 0):
 PSYoungGen      total 28672K, used 4064K [0x00000000e0900000, 0x00000000e2900000, 0x0000000100000000)
  eden space 24576K, 0% used [0x00000000e0900000,0x00000000e0900000,0x00000000e2100000)
  from space 4096K, 99% used [0x00000000e2100000,0x00000000e24f8040,0x00000000e2500000)
  to   space 4096K, 0% used [0x00000000e2500000,0x00000000e2500000,0x00000000e2900000)
 ParOldGen       total 65536K, used 655K [0x00000000a1a00000, 0x00000000a5a00000, 0x00000000e0900000)
  object space 65536K, 0% used [0x00000000a1a00000,0x00000000a1aa3c68,0x00000000a5a00000)
 Metaspace       used 14194K, capacity 14620K, committed 14976K, reserved 1062912K
  class space    used 1747K, capacity 1871K, committed 1920K, reserved 1048576K
}
Event: 5.003 GC heap before
{Heap before GC invocations=4 (full 0):
 PSYoungGen      total 28672K, used 24785K [0x00000000e0900000, 0x00000000e2900000, 0x0000000100000000)
  eden space 24576K, 84% used [0x00000000e0900000,0x00000000e1d3c750,0x00000000e2100000)
  from space 4096K, 99% used [0x00000000e2100000,0x00000000e24f8040,0x00000000e2500000)
  to   space 4096K, 0% used [0x00000000e2500000,0x00000000e2500000,0x00000000e2900000)
 ParOldGen       total 65536K, used 655K [0x00000000a1a00000, 0x00000000a5a00000, 0x00000000e0900000)
  object space 65536K, 0% used [0x00000000a1a00000,0x00000000a1aa3c68,0x00000000a5a00000)
 Metaspace       used 16404K, capacity 16884K, committed 17152K, reserved 1064960K
  class space    used 2130K, capacity 2293K, committed 2304K, reserved 1048576K
Event: 5.020 GC heap after
Heap after GC invocations=4 (full 0):
 PSYoungGen      total 28672K, used 4080K [0x00000000e0900000, 0x00000000e4100000, 0x0000000100000000)
  eden space 24576K, 0% used [0x00000000e0900000,0x00000000e0900000,0x00000000e2100000)
  from space 4096K, 99% used [0x00000000e2500000,0x00000000e28fc030,0x00000000e2900000)
  to   space 4096K, 0% used [0x00000000e2100000,0x00000000e2100000,0x00000000e2500000)
 ParOldGen       total 65536K, used 1063K [0x00000000a1a00000, 0x00000000a5a00000, 0x00000000e0900000)
  object space 65536K, 1% used [0x00000000a1a00000,0x00000000a1b09c68,0x00000000a5a00000)
 Metaspace       used 16404K, capacity 16884K, committed 17152K, reserved 1064960K
  class space    used 2130K, capacity 2293K, committed 2304K, reserved 1048576K
}
Event: 64.368 GC heap before
{Heap before GC invocations=5 (full 0):
 PSYoungGen      total 28672K, used 28656K [0x00000000e0900000, 0x00000000e4100000, 0x0000000100000000)
  eden space 24576K, 100% used [0x00000000e0900000,0x00000000e2100000,0x00000000e2100000)
  from space 4096K, 99% used [0x00000000e2500000,0x00000000e28fc030,0x00000000e2900000)
  to   space 4096K, 0% used [0x00000000e2100000,0x00000000e2100000,0x00000000e2500000)
 ParOldGen       total 65536K, used 1063K [0x00000000a1a00000, 0x00000000a5a00000, 0x00000000e0900000)
  object space 65536K, 1% used [0x00000000a1a00000,0x00000000a1b09c68,0x00000000a5a00000)
 Metaspace       used 17891K, capacity 18494K, committed 18688K, reserved 1064960K
  class space    used 2341K, capacity 2512K, committed 2560K, reserved 1048576K
Event: 64.386 GC heap after
Heap after GC invocations=5 (full 0):
 PSYoungGen      total 28160K, used 4076K [0x00000000e0900000, 0x00000000e3d80000, 0x0000000100000000)
  eden space 24064K, 0% used [0x00000000e0900000,0x00000000e0900000,0x00000000e2080000)
  from space 4096K, 99% used [0x00000000e2100000,0x00000000e24fb050,0x00000000e2500000)
  to   space 14848K, 0% used [0x00000000e2f00000,0x00000000e2f00000,0x00000000e3d80000)
 ParOldGen       total 65536K, used 14249K [0x00000000a1a00000, 0x00000000a5a00000, 0x00000000e0900000)
  object space 65536K, 21% used [0x00000000a1a00000,0x00000000a27ea6f8,0x00000000a5a00000)
 Metaspace       used 17891K, capacity 18494K, committed 18688K, reserved 1064960K
  class space    used 2341K, capacity 2512K, committed 2560K, reserved 1048576K
}

Deoptimization events (10 events):
Event: 3.366 Thread 0x000000001961d000 Uncommon trap: reason=unstable_if action=reinterpret pc=0x0000000002d9be08 method=org.eclipse.jdt.launching.internal.org.objectweb.asm.SymbolTable.addConstantUtf8(Ljava/lang/String;)I @ 40
Event: 3.366 Thread 0x000000001961d000 Uncommon trap: reason=unstable_if action=reinterpret pc=0x0000000002d69db0 method=org.eclipse.jdt.launching.internal.org.objectweb.asm.ByteVector.putUTF8(Ljava/lang/String;)Lorg/eclipse/jdt/launching/internal/org/objectweb/asm/ByteVector; @ 93
Event: 3.366 Thread 0x000000001961d000 Uncommon trap: reason=unstable_if action=reinterpret pc=0x0000000002dfb74c method=org.eclipse.jdt.launching.internal.org.objectweb.asm.ByteVector.encodeUtf8(Ljava/lang/String;II)Lorg/eclipse/jdt/launching/internal/org/objectweb/asm/ByteVector; @ 30
Event: 3.548 Thread 0x000000001961d000 Uncommon trap: reason=unstable_if action=reinterpret pc=0x0000000002c9d5dc method=java.lang.String.indexOf([CII[CIII)I @ 3
Event: 3.868 Thread 0x000000001961d000 Uncommon trap: reason=unstable_if action=reinterpret pc=0x0000000002f7251c method=org.eclipse.jdt.launching.internal.org.objectweb.asm.ClassReader.readCode(Lorg/eclipse/jdt/launching/internal/org/objectweb/asm/MethodVisitor;Lorg/eclipse/jdt/launching/inte
Event: 4.548 Thread 0x000000001961d000 Uncommon trap: reason=unstable_if action=reinterpret pc=0x0000000002f9da78 method=java.util.HashMap.hash(Ljava/lang/Object;)I @ 1
Event: 4.974 Thread 0x000000001961d000 Uncommon trap: reason=class_check action=maybe_recompile pc=0x0000000002c19f2c method=java.lang.String.equals(Ljava/lang/Object;)Z @ 8
Event: 4.974 Thread 0x000000001961d000 Uncommon trap: reason=class_check action=maybe_recompile pc=0x0000000002c19f2c method=java.lang.String.equals(Ljava/lang/Object;)Z @ 8
Event: 4.974 Thread 0x000000001961d000 Uncommon trap: reason=class_check action=maybe_recompile pc=0x0000000002c19f2c method=java.lang.String.equals(Ljava/lang/Object;)Z @ 8
Event: 4.975 Thread 0x000000001961d000 Uncommon trap: reason=class_check action=maybe_recompile pc=0x0000000002c19f2c method=java.lang.String.equals(Ljava/lang/Object;)Z @ 8

Classes redefined (1 events):
Event: 18.262 Thread 0x0000000016319000 redefined class name=application.DocumentController, count=1

Internal exceptions (10 events):
Event: 647.961 Thread 0x0000000019788000 Exception <a 'java/net/SocketTimeoutException': Read timed out> (0x00000000e0a0a698) thrown at [C:\re\workspace\8-2-build-windows-amd64-cygwin\jdk8u191\11896\hotspot\src\share\vm\prims\jni.cpp, line 735]
Event: 648.977 Thread 0x0000000019788000 Exception <a 'java/net/SocketTimeoutException': Read timed out> (0x00000000e0a0a908) thrown at [C:\re\workspace\8-2-build-windows-amd64-cygwin\jdk8u191\11896\hotspot\src\share\vm\prims\jni.cpp, line 735]
Event: 649.993 Thread 0x0000000019788000 Exception <a 'java/net/SocketTimeoutException': Read timed out> (0x00000000e0a0ab78) thrown at [C:\re\workspace\8-2-build-windows-amd64-cygwin\jdk8u191\11896\hotspot\src\share\vm\prims\jni.cpp, line 735]
Event: 651.008 Thread 0x0000000019788000 Exception <a 'java/net/SocketTimeoutException': Read timed out> (0x00000000e0a0ade8) thrown at [C:\re\workspace\8-2-build-windows-amd64-cygwin\jdk8u191\11896\hotspot\src\share\vm\prims\jni.cpp, line 735]
Event: 652.024 Thread 0x0000000019788000 Exception <a 'java/net/SocketTimeoutException': Read timed out> (0x00000000e0a0b058) thrown at [C:\re\workspace\8-2-build-windows-amd64-cygwin\jdk8u191\11896\hotspot\src\share\vm\prims\jni.cpp, line 735]
Event: 653.039 Thread 0x0000000019788000 Exception <a 'java/net/SocketTimeoutException': Read timed out> (0x00000000e0a0b2c8) thrown at [C:\re\workspace\8-2-build-windows-amd64-cygwin\jdk8u191\11896\hotspot\src\share\vm\prims\jni.cpp, line 735]
Event: 654.055 Thread 0x0000000019788000 Exception <a 'java/net/SocketTimeoutException': Read timed out> (0x00000000e0a0b538) thrown at [C:\re\workspace\8-2-build-windows-amd64-cygwin\jdk8u191\11896\hotspot\src\share\vm\prims\jni.cpp, line 735]
Event: 655.071 Thread 0x0000000019788000 Exception <a 'java/net/SocketTimeoutException': Read timed out> (0x00000000e0a0b7a8) thrown at [C:\re\workspace\8-2-build-windows-amd64-cygwin\jdk8u191\11896\hotspot\src\share\vm\prims\jni.cpp, line 735]
Event: 656.088 Thread 0x0000000019788000 Exception <a 'java/net/SocketTimeoutException': Read timed out> (0x00000000e0a0ba18) thrown at [C:\re\workspace\8-2-build-windows-amd64-cygwin\jdk8u191\11896\hotspot\src\share\vm\prims\jni.cpp, line 735]
Event: 657.102 Thread 0x0000000019788000 Exception <a 'java/net/SocketTimeoutException': Read timed out> (0x00000000e0a0bc88) thrown at [C:\re\workspace\8-2-build-windows-amd64-cygwin\jdk8u191\11896\hotspot\src\share\vm\prims\jni.cpp, line 735]

Events (10 events):
Event: 656.088 Thread 0x0000000019788000 DEOPT PACKING pc=0x00000000031f021c sp=0x000000001f14f0d0
Event: 656.088 Thread 0x0000000019788000 DEOPT UNPACKING pc=0x0000000002b07890 sp=0x000000001f14edc0 mode 1
Event: 656.088 Thread 0x0000000019788000 DEOPT PACKING pc=0x00000000031f9c74 sp=0x000000001f14f150
Event: 656.088 Thread 0x0000000019788000 DEOPT UNPACKING pc=0x0000000002b07890 sp=0x000000001f14ef30 mode 1
Event: 657.102 Thread 0x0000000019788000 DEOPT PACKING pc=0x00000000031ec6f4 sp=0x000000001f14efc0
Event: 657.102 Thread 0x0000000019788000 DEOPT UNPACKING pc=0x0000000002b07890 sp=0x000000001f14ece8 mode 1
Event: 657.102 Thread 0x0000000019788000 DEOPT PACKING pc=0x00000000031f021c sp=0x000000001f14f0d0
Event: 657.102 Thread 0x0000000019788000 DEOPT UNPACKING pc=0x0000000002b07890 sp=0x000000001f14edc0 mode 1
Event: 657.102 Thread 0x0000000019788000 DEOPT PACKING pc=0x00000000031f9c74 sp=0x000000001f14f150
Event: 657.102 Thread 0x0000000019788000 DEOPT UNPACKING pc=0x0000000002b07890 sp=0x000000001f14ef30 mode 1


Dynamic libraries:
0x00007ff6bf170000 - 0x00007ff6bf1a7000 	C:\Program Files\Java\jre1.8.0_191\bin\javaw.exe
0x00007fff2f810000 - 0x00007fff2f9f1000 	C:\WINDOWS\SYSTEM32\ntdll.dll
0x00007fff2f250000 - 0x00007fff2f301000 	C:\WINDOWS\System32\KERNEL32.DLL
0x00007fff2c880000 - 0x00007fff2caf3000 	C:\WINDOWS\System32\KERNELBASE.dll
0x00007fff2e800000 - 0x00007fff2e8a1000 	C:\WINDOWS\System32\ADVAPI32.dll
0x00007fff2f1b0000 - 0x00007fff2f24e000 	C:\WINDOWS\System32\msvcrt.dll
0x00007fff2f590000 - 0x00007fff2f5eb000 	C:\WINDOWS\System32\sechost.dll
0x00007fff2d290000 - 0x00007fff2d3b4000 	C:\WINDOWS\System32\RPCRT4.dll
0x00007fff2f650000 - 0x00007fff2f7e0000 	C:\WINDOWS\System32\USER32.dll
0x00007fff2c690000 - 0x00007fff2c6b0000 	C:\WINDOWS\System32\win32u.dll
0x00007fff2eb50000 - 0x00007fff2eb78000 	C:\WINDOWS\System32\GDI32.dll
0x00007fff2cb00000 - 0x00007fff2cc92000 	C:\WINDOWS\System32\gdi32full.dll
0x00007fff2bbe0000 - 0x00007fff2bc7f000 	C:\WINDOWS\System32\msvcp_win.dll
0x00007fff2c780000 - 0x00007fff2c878000 	C:\WINDOWS\System32\ucrtbase.dll
0x00007fff1daa0000 - 0x00007fff1dd09000 	C:\WINDOWS\WinSxS\amd64_microsoft.windows.common-controls_6595b64144ccf1df_6.0.17134.706_none_fb43a2cb30647007\COMCTL32.dll
0x00007fff2cf60000 - 0x00007fff2d282000 	C:\WINDOWS\System32\combase.dll
0x00007fff2c6b0000 - 0x00007fff2c72a000 	C:\WINDOWS\System32\bcryptPrimitives.dll
0x00007fff2f560000 - 0x00007fff2f58d000 	C:\WINDOWS\System32\IMM32.DLL
0x000000006f4f0000 - 0x000000006f5c2000 	C:\Program Files\Java\jre1.8.0_191\bin\msvcr100.dll
0x000000006f610000 - 0x000000006feb4000 	C:\Program Files\Java\jre1.8.0_191\bin\server\jvm.dll
0x00007fff2f1a0000 - 0x00007fff2f1a8000 	C:\WINDOWS\System32\PSAPI.DLL
0x00007ffefc420000 - 0x00007ffefc429000 	C:\WINDOWS\SYSTEM32\WSOCK32.dll
0x00007fff298d0000 - 0x00007fff298f3000 	C:\WINDOWS\SYSTEM32\WINMM.dll
0x00007fff2e8b0000 - 0x00007fff2e91c000 	C:\WINDOWS\System32\WS2_32.dll
0x00007fff25230000 - 0x00007fff2523a000 	C:\WINDOWS\SYSTEM32\VERSION.dll
0x00007fff29470000 - 0x00007fff2949a000 	C:\WINDOWS\SYSTEM32\WINMMBASE.dll
0x00007fff2c730000 - 0x00007fff2c779000 	C:\WINDOWS\System32\cfgmgr32.dll
0x00000000702b0000 - 0x00000000702bf000 	C:\Program Files\Java\jre1.8.0_191\bin\verify.dll
0x0000000070280000 - 0x00000000702a9000 	C:\Program Files\Java\jre1.8.0_191\bin\java.dll
0x000000006f4b0000 - 0x000000006f4e5000 	C:\Program Files\Java\jre1.8.0_191\bin\jdwp.dll
0x000000006f4a0000 - 0x000000006f4a8000 	C:\Program Files\Java\jre1.8.0_191\bin\npt.dll
0x000000006f470000 - 0x000000006f493000 	C:\Program Files\Java\jre1.8.0_191\bin\instrument.dll
0x0000000070260000 - 0x0000000070276000 	C:\Program Files\Java\jre1.8.0_191\bin\zip.dll
0x00007fff2d3c0000 - 0x00007fff2e800000 	C:\WINDOWS\System32\SHELL32.dll
0x00007fff2cd30000 - 0x00007fff2cdd9000 	C:\WINDOWS\System32\shcore.dll
0x00007fff2bf80000 - 0x00007fff2c68d000 	C:\WINDOWS\System32\windows.storage.dll
0x00007fff2f140000 - 0x00007fff2f191000 	C:\WINDOWS\System32\shlwapi.dll
0x00007fff2bbc0000 - 0x00007fff2bbd1000 	C:\WINDOWS\System32\kernel.appcore.dll
0x00007fff2bba0000 - 0x00007fff2bbbf000 	C:\WINDOWS\System32\profapi.dll
0x00007fff2bb40000 - 0x00007fff2bb8c000 	C:\WINDOWS\System32\powrprof.dll
0x00007fff2bb90000 - 0x00007fff2bb9a000 	C:\WINDOWS\System32\FLTLIB.DLL
0x000000006f460000 - 0x000000006f469000 	C:\Program Files\Java\jre1.8.0_191\bin\dt_socket.dll
0x00007fff1a300000 - 0x00007fff1a316000 	C:\WINDOWS\system32\napinsp.dll
0x00007fff1bae0000 - 0x00007fff1bafa000 	C:\WINDOWS\system32\pnrpnsp.dll
0x00007fff273c0000 - 0x00007fff273d9000 	C:\WINDOWS\system32\NLAapi.dll
0x00007fff2b340000 - 0x00007fff2b3a6000 	C:\WINDOWS\System32\mswsock.dll
0x00007fff2b100000 - 0x00007fff2b1be000 	C:\WINDOWS\SYSTEM32\DNSAPI.dll
0x00007fff2f310000 - 0x00007fff2f318000 	C:\WINDOWS\System32\NSI.dll
0x00007fff2b0c0000 - 0x00007fff2b0f8000 	C:\WINDOWS\SYSTEM32\IPHLPAPI.DLL
0x00007fff24a10000 - 0x00007fff24a1e000 	C:\WINDOWS\System32\winrnr.dll
0x00007fff1bb00000 - 0x00007fff1bb15000 	C:\WINDOWS\System32\wshbth.dll
0x00007fff24f70000 - 0x00007fff24fe2000 	C:\WINDOWS\System32\fwpuclnt.dll
0x00007fff2b620000 - 0x00007fff2b645000 	C:\WINDOWS\SYSTEM32\bcrypt.dll
0x00007fff23a50000 - 0x00007fff23a5a000 	C:\Windows\System32\rasadhlp.dll
0x0000000002680000 - 0x0000000002683000 	C:\Program Files\Java\jre1.8.0_191\bin\api-ms-win-core-console-l1-1-0.dll
0x0000000002690000 - 0x0000000002693000 	C:\Program Files\Java\jre1.8.0_191\bin\api-ms-win-core-datetime-l1-1-0.dll
0x00000000026a0000 - 0x00000000026a3000 	C:\Program Files\Java\jre1.8.0_191\bin\api-ms-win-core-debug-l1-1-0.dll
0x00000000026b0000 - 0x00000000026b3000 	C:\Program Files\Java\jre1.8.0_191\bin\api-ms-win-core-errorhandling-l1-1-0.dll
0x00000000026c0000 - 0x00000000026c4000 	C:\Program Files\Java\jre1.8.0_191\bin\api-ms-win-core-file-l1-1-0.dll
0x00000000027e0000 - 0x00000000027e3000 	C:\Program Files\Java\jre1.8.0_191\bin\api-ms-win-core-file-l1-2-0.dll
0x00000000027f0000 - 0x00000000027f3000 	C:\Program Files\Java\jre1.8.0_191\bin\api-ms-win-core-file-l2-1-0.dll
0x0000000002800000 - 0x0000000002803000 	C:\Program Files\Java\jre1.8.0_191\bin\api-ms-win-core-handle-l1-1-0.dll
0x0000000002810000 - 0x0000000002813000 	C:\Program Files\Java\jre1.8.0_191\bin\api-ms-win-core-heap-l1-1-0.dll
0x0000000002820000 - 0x0000000002823000 	C:\Program Files\Java\jre1.8.0_191\bin\api-ms-win-core-interlocked-l1-1-0.dll
0x0000000002830000 - 0x0000000002833000 	C:\Program Files\Java\jre1.8.0_191\bin\api-ms-win-core-libraryloader-l1-1-0.dll
0x0000000002840000 - 0x0000000002843000 	C:\Program Files\Java\jre1.8.0_191\bin\api-ms-win-core-localization-l1-2-0.dll
0x0000000002850000 - 0x0000000002853000 	C:\Program Files\Java\jre1.8.0_191\bin\api-ms-win-core-memory-l1-1-0.dll
0x0000000002860000 - 0x0000000002863000 	C:\Program Files\Java\jre1.8.0_191\bin\api-ms-win-core-namedpipe-l1-1-0.dll
0x0000000002870000 - 0x0000000002873000 	C:\Program Files\Java\jre1.8.0_191\bin\api-ms-win-core-processenvironment-l1-1-0.dll
0x0000000002880000 - 0x0000000002883000 	C:\Program Files\Java\jre1.8.0_191\bin\api-ms-win-core-processthreads-l1-1-0.dll
0x0000000002890000 - 0x0000000002893000 	C:\Program Files\Java\jre1.8.0_191\bin\api-ms-win-core-processthreads-l1-1-1.dll
0x00000000028a0000 - 0x00000000028a3000 	C:\Program Files\Java\jre1.8.0_191\bin\api-ms-win-core-profile-l1-1-0.dll
0x00000000190f0000 - 0x00000000190f3000 	C:\Program Files\Java\jre1.8.0_191\bin\api-ms-win-core-rtlsupport-l1-1-0.dll
0x0000000019100000 - 0x0000000019103000 	C:\Program Files\Java\jre1.8.0_191\bin\api-ms-win-core-string-l1-1-0.dll
0x0000000019110000 - 0x0000000019113000 	C:\Program Files\Java\jre1.8.0_191\bin\api-ms-win-core-synch-l1-1-0.dll
0x0000000019120000 - 0x0000000019123000 	C:\Program Files\Java\jre1.8.0_191\bin\api-ms-win-core-synch-l1-2-0.dll
0x0000000019130000 - 0x0000000019133000 	C:\Program Files\Java\jre1.8.0_191\bin\api-ms-win-core-sysinfo-l1-1-0.dll
0x0000000019140000 - 0x0000000019143000 	C:\Program Files\Java\jre1.8.0_191\bin\api-ms-win-core-timezone-l1-1-0.dll
0x0000000019150000 - 0x0000000019153000 	C:\Program Files\Java\jre1.8.0_191\bin\api-ms-win-core-util-l1-1-0.dll
0x0000000019160000 - 0x0000000019163000 	C:\Program Files\Java\jre1.8.0_191\bin\api-ms-win-crt-conio-l1-1-0.dll
0x0000000019170000 - 0x0000000019174000 	C:\Program Files\Java\jre1.8.0_191\bin\api-ms-win-crt-convert-l1-1-0.dll
0x0000000019180000 - 0x0000000019183000 	C:\Program Files\Java\jre1.8.0_191\bin\api-ms-win-crt-environment-l1-1-0.dll
0x0000000019190000 - 0x0000000019193000 	C:\Program Files\Java\jre1.8.0_191\bin\api-ms-win-crt-filesystem-l1-1-0.dll
0x00000000191a0000 - 0x00000000191a3000 	C:\Program Files\Java\jre1.8.0_191\bin\api-ms-win-crt-heap-l1-1-0.dll
0x00000000191b0000 - 0x00000000191b3000 	C:\Program Files\Java\jre1.8.0_191\bin\api-ms-win-crt-locale-l1-1-0.dll
0x00000000191c0000 - 0x00000000191c5000 	C:\Program Files\Java\jre1.8.0_191\bin\api-ms-win-crt-math-l1-1-0.dll
0x00000000191d0000 - 0x00000000191d5000 	C:\Program Files\Java\jre1.8.0_191\bin\api-ms-win-crt-multibyte-l1-1-0.dll
0x00000000191e0000 - 0x00000000191f0000 	C:\Program Files\Java\jre1.8.0_191\bin\api-ms-win-crt-private-l1-1-0.dll
0x00000000191f0000 - 0x00000000191f3000 	C:\Program Files\Java\jre1.8.0_191\bin\api-ms-win-crt-process-l1-1-0.dll
0x0000000019200000 - 0x0000000019204000 	C:\Program Files\Java\jre1.8.0_191\bin\api-ms-win-crt-runtime-l1-1-0.dll
0x0000000019210000 - 0x0000000019214000 	C:\Program Files\Java\jre1.8.0_191\bin\api-ms-win-crt-stdio-l1-1-0.dll
0x0000000019220000 - 0x0000000019224000 	C:\Program Files\Java\jre1.8.0_191\bin\api-ms-win-crt-string-l1-1-0.dll
0x0000000019230000 - 0x0000000019233000 	C:\Program Files\Java\jre1.8.0_191\bin\api-ms-win-crt-time-l1-1-0.dll
0x0000000019240000 - 0x0000000019243000 	C:\Program Files\Java\jre1.8.0_191\bin\api-ms-win-crt-utility-l1-1-0.dll
0x00007fff088c0000 - 0x00007fff089b6000 	C:\Program Files\Java\jre1.8.0_191\bin\ucrtbase.dll
0x00007fff193f0000 - 0x00007fff19406000 	C:\Program Files\Java\jre1.8.0_191\bin\vcruntime140.dll
0x00007fff0d740000 - 0x00007fff0d7dc000 	C:\Program Files\Java\jre1.8.0_191\bin\msvcp140.dll
0x00007fff191a0000 - 0x00007fff191f1000 	C:\Program Files\Java\jre1.8.0_191\bin\concrt140.dll
0x000000006f430000 - 0x000000006f453000 	C:\Program Files\Java\jre1.8.0_191\bin\prism_d3d.dll
0x00007fff007a0000 - 0x00007fff00937000 	C:\WINDOWS\system32\d3d9.dll
0x00007fff2a220000 - 0x00007fff2a249000 	C:\WINDOWS\SYSTEM32\dwmapi.dll
0x00007fff29e60000 - 0x00007fff29ef8000 	C:\WINDOWS\system32\uxtheme.dll
0x000000006f3e0000 - 0x000000006f429000 	C:\Program Files\Java\jre1.8.0_191\bin\glass.dll
0x00007fff2eb80000 - 0x00007fff2ec6d000 	C:\WINDOWS\System32\COMDLG32.dll
0x00007fff2e920000 - 0x00007fff2ea71000 	C:\WINDOWS\System32\ole32.dll
0x00007fff2ea80000 - 0x00007fff2eb42000 	C:\WINDOWS\System32\OLEAUT32.dll
0x00007fff2cde0000 - 0x00007fff2cf53000 	C:\WINDOWS\System32\MSCTF.dll
0x000000006f3c0000 - 0x000000006f3d4000 	C:\Program Files\Java\jre1.8.0_191\bin\javafx_font.dll
0x0000000070240000 - 0x000000007025a000 	C:\Program Files\Java\jre1.8.0_191\bin\net.dll
0x00007fff236c0000 - 0x00007fff239dc000 	C:\WINDOWS\SYSTEM32\dwrite.dll
0x00007fff2f4c0000 - 0x00007fff2f560000 	C:\WINDOWS\System32\clbcatq.dll
0x00007fff24dc0000 - 0x00007fff24f6e000 	C:\WINDOWS\SYSTEM32\WindowsCodecs.dll
0x00007fff246b0000 - 0x00007fff24746000 	C:\WINDOWS\System32\TextInputFramework.dll
0x00007fff24220000 - 0x00007fff2453e000 	C:\WINDOWS\System32\CoreUIComponents.dll
0x00007fff29900000 - 0x00007fff299da000 	C:\WINDOWS\System32\CoreMessaging.dll
0x00007fff2abe0000 - 0x00007fff2ac11000 	C:\WINDOWS\SYSTEM32\ntmarta.dll
0x00007fff27d60000 - 0x00007fff27ead000 	C:\WINDOWS\SYSTEM32\wintypes.dll
0x000000006f390000 - 0x000000006f3b3000 	C:\Program Files\Java\jre1.8.0_191\bin\javafx_iio.dll
0x000000006f370000 - 0x000000006f382000 	C:\Program Files\Java\jre1.8.0_191\bin\prism_common.dll

VM Arguments:
jvm_args: -agentlib:jdwp=transport=dt_socket,suspend=y,address=localhost:21588 -javaagent:C:\Users\Admin\eclipse\java-2018-12\eclipse\configuration\org.eclipse.osgi\221\0\.cp\lib\javaagent-shaded.jar -Dfile.encoding=Cp1250 
java_command: application.Main
java_class_path (initial): C:\Users\Admin\eclipse-workspace\Project\bin;C:\Users\Admin\.p2\pool\plugins\org.eclipse.fx.ide.css.jfx8_3.4.1.201810030906.jar;C:\Users\Admin\Downloads\org.eclipse.paho.client.mqttv3-1.2.1.jar;C:\Users\Admin\eclipse\java-2018-12\eclipse\configuration\org.eclipse.osgi\221\0\.cp\lib\javaagent-shaded.jar
Launcher Type: SUN_STANDARD

Environment Variables:
JAVA_HOME=C:\Program Files (x86)\Java\jdk1.8.0_192
PATH=C:/Program Files/Java/jre1.8.0_191/bin/server;C:/Program Files/Java/jre1.8.0_191/bin;C:/Program Files/Java/jre1.8.0_191/lib/amd64;C:\Program Files (x86)\Common Files\Oracle\Java\javapath;C:\ProgramData\Oracle\Java\javapath;C:\Program Files (x86)\Intel\iCLS Client\;C:\Program Files\Intel\iCLS Client\;C:\Program Files (x86)\AMD APP\bin\x86_64;C:\Program Files (x86)\AMD APP\bin\x86;C:\WINDOWS\system32;C:\WINDOWS;C:\WINDOWS\System32\Wbem;C:\WINDOWS\System32\WindowsPowerShell\v1.0\;C:\Program Files (x86)\ATI Technologies\ATI.ACE\Core-Static;C:\Program Files\Intel\Intel(R) Management Engine Components\DAL;C:\Program Files\Intel\Intel(R) Management Engine Components\IPT;C:\Program Files (x86)\Intel\Intel(R) Management Engine Components\DAL;C:\Program Files (x86)\Intel\Intel(R) Management Engine Components\IPT;C:\Program Files (x86)\Windows Live\Shared;C:\Program Files (x86)\AMD\ATI.ACE\Core-Static;C:\Program Files\Microsoft\Web Platform Installer\;C:\Program Files (x86)\Microsoft ASP.NET\ASP.NET Web Pages\v1.0\;C:\Program Files\Microsoft SQL Server\110\Tools\Binn\;C:\WINDOWS\System32\OpenSSH\;C:\Program Files\dotnet\;C:\Program Files\Microsoft SQL Server\130\Tools\Binn\;E:\Programy\Visual Studio 2017\Common7\Tools\;E:\Programy\Visual Studio 2017\Python36_64\Scripts\;E:\Programy\Visual Studio 2017\Python36_64\Tools\;C:\Users\Admin\AppData\Local\Programs\Python\Python37-32\Scripts\;C:\Users\Admin\AppData\Local\Programs\Python\Python37-32\;E:\Programy\Visual Studio 2017\Python36_64\Tools\;E:\Programy\Visual Studio 2017\Python36_64\Scripts\;E:\Programy\Visual Studio 2017\Python36_64\;;C:\Users\Admin\Desktop;
USERNAME=Admin
OS=Windows_NT
PROCESSOR_IDENTIFIER=Intel64 Family 6 Model 58 Stepping 9, GenuineIntel



---------------  S Y S T E M  ---------------

OS: Windows 10.0 , 64 bit Build 17134 (10.0.17134.706)

CPU:total 4 (initial active 4) (2 cores per cpu, 2 threads per core) family 6 model 58 stepping 9, cmov, cx8, fxsr, mmx, sse, sse2, sse3, ssse3, sse4.1, sse4.2, popcnt, avx, aes, clmul, erms, ht, tsc, tscinvbit, tscinv

Memory: 4k page, physical 6180424k(593748k free), swap 16171556k(76k free)

vm_info: Java HotSpot(TM) 64-Bit Server VM (25.191-b12) for windows-amd64 JRE (1.8.0_191-b12), built on Oct  6 2018 09:29:03 by "java_re" with MS VC++ 10.0 (VS2010)

time: Tue May 14 19:17:38 2019
elapsed time: 657 seconds (0d 0h 10m 57s)

