#
# There is insufficient memory for the Java Runtime Environment to continue.
# Native memory allocation (malloc) failed to allocate 414656 bytes for Chunk::new
# Possible reasons:
#   The system is out of physical RAM or swap space
#   In 32 bit mode, the process size limit was hit
# Possible solutions:
#   Reduce memory load on the system
#   Increase physical memory or swap space
#   Check if swap backing store is full
#   Use 64 bit Java on a 64 bit OS
#   Decrease Java heap size (-Xmx/-Xms)
#   Decrease number of Java threads
#   Decrease Java thread stack sizes (-Xss)
#   Set larger code cache with -XX:ReservedCodeCacheSize=
# This output file may be truncated or incomplete.
#
#  Out of Memory Error (allocation.cpp:390), pid=20752, tid=0x00000000000031f8
#
# JRE version: Java(TM) SE Runtime Environment (8.0_191-b12) (build 1.8.0_191-b12)
# Java VM: Java HotSpot(TM) 64-Bit Server VM (25.191-b12 mixed mode windows-amd64 compressed oops)
# Failed to write core dump. Minidumps are not enabled by default on client versions of Windows
#

---------------  T H R E A D  ---------------

Current thread (0x0000000017fe4000):  JavaThread "C2 CompilerThread0" daemon [_thread_in_native, id=12792, stack(0x0000000018350000,0x0000000018450000)]

Stack: [0x0000000018350000,0x0000000018450000]
[error occurred during error reporting (printing stack bounds), id 0xc0000005]

Native frames: (J=compiled Java code, j=interpreted, Vv=VM code, C=native code)


Current CompileTask:
C2:   1885  499       4       org.eclipse.jdt.launching.internal.org.objectweb.asm.SymbolTable::addConstantMemberReference (147 bytes)


---------------  P R O C E S S  ---------------

Java Threads: ( => current thread )
  0x0000000018054000 JavaThread "Service Thread" daemon [_thread_blocked, id=16808, stack(0x0000000018650000,0x0000000018750000)]
  0x000000001804b800 JavaThread "C1 CompilerThread2" daemon [_thread_blocked, id=15808, stack(0x0000000018550000,0x0000000018650000)]
  0x000000001803a800 JavaThread "C2 CompilerThread1" daemon [_thread_in_native, id=1784, stack(0x0000000018450000,0x0000000018550000)]
=>0x0000000017fe4000 JavaThread "C2 CompilerThread0" daemon [_thread_in_native, id=12792, stack(0x0000000018350000,0x0000000018450000)]
  0x00000000162ca000 JavaThread "JDWP Command Reader" daemon [_thread_in_native, id=20344, stack(0x0000000017e50000,0x0000000017f50000)]
  0x00000000162c8800 JavaThread "JDWP Event Helper Thread" daemon [_thread_blocked, id=20776, stack(0x0000000017d50000,0x0000000017e50000)]
  0x00000000162b8800 JavaThread "JDWP Transport Listener: dt_socket" daemon [_thread_blocked, id=13176, stack(0x0000000017c50000,0x0000000017d50000)]
  0x00000000162b1000 JavaThread "Attach Listener" daemon [_thread_blocked, id=7748, stack(0x0000000017810000,0x0000000017910000)]
  0x00000000162af000 JavaThread "Signal Dispatcher" daemon [_thread_blocked, id=8896, stack(0x0000000017710000,0x0000000017810000)]
  0x0000000002a1d000 JavaThread "Finalizer" daemon [_thread_blocked, id=14744, stack(0x0000000017500000,0x0000000017600000)]
  0x0000000002a12000 JavaThread "Reference Handler" daemon [_thread_blocked, id=15024, stack(0x0000000017400000,0x0000000017500000)]
  0x0000000002923800 JavaThread "main" [_thread_in_Java, id=6224, stack(0x0000000002640000,0x0000000002740000)]

Other Threads:
  0x0000000016279000 VMThread [stack: 0x0000000017300000,0x0000000017400000] [id=19992]
  0x00000000180b6000 WatcherThread [stack: 0x0000000018750000,0x0000000018850000] [id=16212]

VM state:not at safepoint (normal execution)

VM Mutex/Monitor currently owned by a thread: None

Heap:
 PSYoungGen      total 28672K, used 13943K [0x00000000e0900000, 0x00000000e2900000, 0x0000000100000000)
  eden space 24576K, 56% used [0x00000000e0900000,0x00000000e169dd88,0x00000000e2100000)
  from space 4096K, 0% used [0x00000000e2500000,0x00000000e2500000,0x00000000e2900000)
  to   space 4096K, 0% used [0x00000000e2100000,0x00000000e2100000,0x00000000e2500000)
 ParOldGen       total 65536K, used 0K [0x00000000a1a00000, 0x00000000a5a00000, 0x00000000e0900000)
  object space 65536K, 0% used [0x00000000a1a00000,0x00000000a1a00000,0x00000000a5a00000)
 Metaspace       used 6484K, capacity 6690K, committed 7040K, reserved 1056768K
  class space    used 708K, capacity 789K, committed 896K, reserved 1048576K

Card table byte_map: [0x0000000011de0000,0x00000000120e0000] byte_map_base: 0x00000000118d3000

Marking Bits: (ParMarkBitMap*) 0x000000006fe33e30
 Begin Bits: [0x00000000126e0000, 0x0000000013e78000)
 End Bits:   [0x0000000013e78000, 0x0000000015610000)

Polling page: 0x0000000000940000

CodeCache: size=245760Kb used=2565Kb max_used=2565Kb free=243194Kb
 bounds [0x0000000002a20000, 0x0000000002cb0000, 0x0000000011a20000]
 total_blobs=830 nmethods=513 adapters=238
 compilation: enabled

Compilation events (10 events):
Event: 1.875 Thread 0x000000001804b800 nmethod 508 0x0000000002c9d110 code [0x0000000002c9d2c0, 0x0000000002c9d8a8]
Event: 1.875 Thread 0x000000001804b800  509       3       org.eclipse.jdt.launching.internal.org.objectweb.asm.FieldVisitor::<init> (7 bytes)
Event: 1.876 Thread 0x000000001804b800 nmethod 509 0x0000000002c9dad0 code [0x0000000002c9dc40, 0x0000000002c9dde8]
Event: 1.876 Thread 0x000000001804b800  510       3       org.eclipse.jdt.launching.internal.org.objectweb.asm.FieldVisitor::<init> (47 bytes)
Event: 1.876 Thread 0x000000001804b800 nmethod 510 0x0000000002c9de90 code [0x0000000002c9e020, 0x0000000002c9e3c8]
Event: 1.876 Thread 0x000000001804b800  511       3       org.eclipse.jdt.launching.internal.org.objectweb.asm.FieldWriter::visitEnd (1 bytes)
Event: 1.876 Thread 0x000000001804b800 nmethod 511 0x0000000002c9e510 code [0x0000000002c9e660, 0x0000000002c9e7b0]
Event: 1.876 Thread 0x000000001804b800  512       3       org.eclipse.jdt.launching.internal.org.objectweb.asm.FieldWriter::computeFieldInfoSize (201 bytes)
Event: 1.878 Thread 0x000000001804b800 nmethod 512 0x0000000002c9e850 code [0x0000000002c9ea60, 0x0000000002c9f628]
Event: 1.878 Thread 0x000000001804b800  513       3       org.eclipse.jdt.launching.internal.org.objectweb.asm.FieldWriter::putFieldInfo (418 bytes)

GC Heap History (0 events):
No events

Deoptimization events (0 events):
No events

Classes redefined (0 events):
No events

Internal exceptions (9 events):
Event: 0.072 Thread 0x0000000002923800 Exception <a 'java/lang/NoSuchMethodError': Method sun.misc.Unsafe.defineClass(Ljava/lang/String;[BII)Ljava/lang/Class; name or signature does not match> (0x00000000e0907cb0) thrown at [C:\re\workspace\8-2-build-windows-amd64-cygwin\jdk8u191\11896\hotspot
Event: 0.072 Thread 0x0000000002923800 Exception <a 'java/lang/NoSuchMethodError': Method sun.misc.Unsafe.prefetchRead(Ljava/lang/Object;J)V name or signature does not match> (0x00000000e0907f98) thrown at [C:\re\workspace\8-2-build-windows-amd64-cygwin\jdk8u191\11896\hotspot\src\share\vm\prim
Event: 1.449 Thread 0x0000000002923800 Exception <a 'java/lang/NoSuchFieldError': method resolution failed> (0x00000000e10389a0) thrown at [C:\re\workspace\8-2-build-windows-amd64-cygwin\jdk8u191\11896\hotspot\src\share\vm\prims\methodHandles.cpp, line 1167]
Event: 1.467 Thread 0x0000000002923800 Exception <a 'java/lang/NoSuchFieldError': method resolution failed> (0x00000000e1046560) thrown at [C:\re\workspace\8-2-build-windows-amd64-cygwin\jdk8u191\11896\hotspot\src\share\vm\prims\methodHandles.cpp, line 1167]
Event: 1.513 Thread 0x0000000002923800 Exception <a 'java/security/PrivilegedActionException'> (0x00000000e10df778) thrown at [C:\re\workspace\8-2-build-windows-amd64-cygwin\jdk8u191\11896\hotspot\src\share\vm\prims\jvm.cpp, line 1435]
Event: 1.513 Thread 0x0000000002923800 Exception <a 'java/security/PrivilegedActionException'> (0x00000000e10df988) thrown at [C:\re\workspace\8-2-build-windows-amd64-cygwin\jdk8u191\11896\hotspot\src\share\vm\prims\jvm.cpp, line 1435]
Event: 1.515 Thread 0x0000000002923800 Exception <a 'java/security/PrivilegedActionException'> (0x00000000e10e35f8) thrown at [C:\re\workspace\8-2-build-windows-amd64-cygwin\jdk8u191\11896\hotspot\src\share\vm\prims\jvm.cpp, line 1435]
Event: 1.515 Thread 0x0000000002923800 Exception <a 'java/security/PrivilegedActionException'> (0x00000000e10e3808) thrown at [C:\re\workspace\8-2-build-windows-amd64-cygwin\jdk8u191\11896\hotspot\src\share\vm\prims\jvm.cpp, line 1435]
Event: 1.516 Thread 0x0000000002923800 Exception <a 'java/lang/NullPointerException'> (0x00000000e10e4190) thrown at [C:\re\workspace\8-2-build-windows-amd64-cygwin\jdk8u191\11896\hotspot\src\share\vm\interpreter\linkResolver.cpp, line 1185]

Events (10 events):
Event: 1.872 loading class java/util/concurrent/TimeUnit$5
Event: 1.872 loading class java/util/concurrent/TimeUnit$5 done
Event: 1.872 loading class java/util/concurrent/TimeUnit$6
Event: 1.872 loading class java/util/concurrent/TimeUnit$6 done
Event: 1.872 loading class java/util/concurrent/TimeUnit$7
Event: 1.873 loading class java/util/concurrent/TimeUnit$7 done
Event: 1.873 loading class com/sun/javafx/tk/quantum/PerformanceTrackerHelper
Event: 1.873 loading class com/sun/javafx/tk/quantum/PerformanceTrackerHelper done
Event: 1.874 loading class com/sun/javafx/tk/quantum/PerformanceTrackerHelper$PerformanceTrackerDummyImpl
Event: 1.874 loading class com/sun/javafx/tk/quantum/PerformanceTrackerHelper$PerformanceTrackerDummyImpl done


Dynamic libraries:
0x00007ff6bf170000 - 0x00007ff6bf1a7000 	C:\Program Files\Java\jre1.8.0_191\bin\javaw.exe
0x00007fff2f810000 - 0x00007fff2f9f1000 	C:\WINDOWS\SYSTEM32\ntdll.dll
0x00007fff2f250000 - 0x00007fff2f301000 	C:\WINDOWS\System32\KERNEL32.DLL
0x00007fff2c880000 - 0x00007fff2caf3000 	C:\WINDOWS\System32\KERNELBASE.dll
0x00007fff2e800000 - 0x00007fff2e8a1000 	C:\WINDOWS\System32\ADVAPI32.dll
0x00007fff2f1b0000 - 0x00007fff2f24e000 	C:\WINDOWS\System32\msvcrt.dll
0x00007fff2f590000 - 0x00007fff2f5eb000 	C:\WINDOWS\System32\sechost.dll
0x00007fff2d290000 - 0x00007fff2d3b4000 	C:\WINDOWS\System32\RPCRT4.dll
0x00007fff2f650000 - 0x00007fff2f7e0000 	C:\WINDOWS\System32\USER32.dll
0x00007fff2c690000 - 0x00007fff2c6b0000 	C:\WINDOWS\System32\win32u.dll
0x00007fff2eb50000 - 0x00007fff2eb78000 	C:\WINDOWS\System32\GDI32.dll
0x00007fff2cb00000 - 0x00007fff2cc92000 	C:\WINDOWS\System32\gdi32full.dll
0x00007fff2bbe0000 - 0x00007fff2bc7f000 	C:\WINDOWS\System32\msvcp_win.dll
0x00007fff2c780000 - 0x00007fff2c878000 	C:\WINDOWS\System32\ucrtbase.dll
0x00007fff1daa0000 - 0x00007fff1dd09000 	C:\WINDOWS\WinSxS\amd64_microsoft.windows.common-controls_6595b64144ccf1df_6.0.17134.706_none_fb43a2cb30647007\COMCTL32.dll
0x00007fff2cf60000 - 0x00007fff2d282000 	C:\WINDOWS\System32\combase.dll
0x00007fff2c6b0000 - 0x00007fff2c72a000 	C:\WINDOWS\System32\bcryptPrimitives.dll
0x00007fff2f560000 - 0x00007fff2f58d000 	C:\WINDOWS\System32\IMM32.DLL
0x000000006f4f0000 - 0x000000006f5c2000 	C:\Program Files\Java\jre1.8.0_191\bin\msvcr100.dll
0x000000006f610000 - 0x000000006feb4000 	C:\Program Files\Java\jre1.8.0_191\bin\server\jvm.dll
0x00007fff2f1a0000 - 0x00007fff2f1a8000 	C:\WINDOWS\System32\PSAPI.DLL
0x00007fff298d0000 - 0x00007fff298f3000 	C:\WINDOWS\SYSTEM32\WINMM.dll
0x00007ffefc420000 - 0x00007ffefc429000 	C:\WINDOWS\SYSTEM32\WSOCK32.dll
0x00007fff25230000 - 0x00007fff2523a000 	C:\WINDOWS\SYSTEM32\VERSION.dll
0x00007fff2e8b0000 - 0x00007fff2e91c000 	C:\WINDOWS\System32\WS2_32.dll
0x00007fff29470000 - 0x00007fff2949a000 	C:\WINDOWS\SYSTEM32\WINMMBASE.dll
0x00007fff2c730000 - 0x00007fff2c779000 	C:\WINDOWS\System32\cfgmgr32.dll
0x00000000702b0000 - 0x00000000702bf000 	C:\Program Files\Java\jre1.8.0_191\bin\verify.dll
0x0000000070280000 - 0x00000000702a9000 	C:\Program Files\Java\jre1.8.0_191\bin\java.dll
0x000000006f4b0000 - 0x000000006f4e5000 	C:\Program Files\Java\jre1.8.0_191\bin\jdwp.dll
0x000000006f4a0000 - 0x000000006f4a8000 	C:\Program Files\Java\jre1.8.0_191\bin\npt.dll
0x000000006f470000 - 0x000000006f493000 	C:\Program Files\Java\jre1.8.0_191\bin\instrument.dll
0x0000000070260000 - 0x0000000070276000 	C:\Program Files\Java\jre1.8.0_191\bin\zip.dll
0x00007fff2d3c0000 - 0x00007fff2e800000 	C:\WINDOWS\System32\SHELL32.dll
0x00007fff2cd30000 - 0x00007fff2cdd9000 	C:\WINDOWS\System32\shcore.dll
0x00007fff2bf80000 - 0x00007fff2c68d000 	C:\WINDOWS\System32\windows.storage.dll
0x00007fff2f140000 - 0x00007fff2f191000 	C:\WINDOWS\System32\shlwapi.dll
0x00007fff2bbc0000 - 0x00007fff2bbd1000 	C:\WINDOWS\System32\kernel.appcore.dll
0x00007fff2bba0000 - 0x00007fff2bbbf000 	C:\WINDOWS\System32\profapi.dll
0x00007fff2bb40000 - 0x00007fff2bb8c000 	C:\WINDOWS\System32\powrprof.dll
0x00007fff2bb90000 - 0x00007fff2bb9a000 	C:\WINDOWS\System32\FLTLIB.DLL
0x000000006f460000 - 0x000000006f469000 	C:\Program Files\Java\jre1.8.0_191\bin\dt_socket.dll
0x00007fff1a300000 - 0x00007fff1a316000 	C:\WINDOWS\system32\napinsp.dll
0x00007fff1bae0000 - 0x00007fff1bafa000 	C:\WINDOWS\system32\pnrpnsp.dll
0x00007fff273c0000 - 0x00007fff273d9000 	C:\WINDOWS\system32\NLAapi.dll
0x00007fff2b340000 - 0x00007fff2b3a6000 	C:\WINDOWS\System32\mswsock.dll
0x00007fff2b100000 - 0x00007fff2b1be000 	C:\WINDOWS\SYSTEM32\DNSAPI.dll
0x00007fff2f310000 - 0x00007fff2f318000 	C:\WINDOWS\System32\NSI.dll
0x00007fff2b0c0000 - 0x00007fff2b0f8000 	C:\WINDOWS\SYSTEM32\IPHLPAPI.DLL
0x00007fff24a10000 - 0x00007fff24a1e000 	C:\WINDOWS\System32\winrnr.dll
0x00007fff1bb00000 - 0x00007fff1bb15000 	C:\WINDOWS\System32\wshbth.dll
0x00007fff24f70000 - 0x00007fff24fe2000 	C:\WINDOWS\System32\fwpuclnt.dll
0x00007fff2b620000 - 0x00007fff2b645000 	C:\WINDOWS\SYSTEM32\bcrypt.dll
0x00007fff23a50000 - 0x00007fff23a5a000 	C:\Windows\System32\rasadhlp.dll
0x0000000002460000 - 0x0000000002463000 	C:\Program Files\Java\jre1.8.0_191\bin\api-ms-win-core-console-l1-1-0.dll
0x0000000002470000 - 0x0000000002473000 	C:\Program Files\Java\jre1.8.0_191\bin\api-ms-win-core-datetime-l1-1-0.dll
0x0000000002480000 - 0x0000000002483000 	C:\Program Files\Java\jre1.8.0_191\bin\api-ms-win-core-debug-l1-1-0.dll
0x0000000002490000 - 0x0000000002493000 	C:\Program Files\Java\jre1.8.0_191\bin\api-ms-win-core-errorhandling-l1-1-0.dll
0x00000000024a0000 - 0x00000000024a4000 	C:\Program Files\Java\jre1.8.0_191\bin\api-ms-win-core-file-l1-1-0.dll
0x00000000024b0000 - 0x00000000024b3000 	C:\Program Files\Java\jre1.8.0_191\bin\api-ms-win-core-file-l1-2-0.dll
0x00000000024c0000 - 0x00000000024c3000 	C:\Program Files\Java\jre1.8.0_191\bin\api-ms-win-core-file-l2-1-0.dll
0x00000000025e0000 - 0x00000000025e3000 	C:\Program Files\Java\jre1.8.0_191\bin\api-ms-win-core-handle-l1-1-0.dll
0x00000000025f0000 - 0x00000000025f3000 	C:\Program Files\Java\jre1.8.0_191\bin\api-ms-win-core-heap-l1-1-0.dll
0x0000000002600000 - 0x0000000002603000 	C:\Program Files\Java\jre1.8.0_191\bin\api-ms-win-core-interlocked-l1-1-0.dll
0x0000000002610000 - 0x0000000002613000 	C:\Program Files\Java\jre1.8.0_191\bin\api-ms-win-core-libraryloader-l1-1-0.dll
0x0000000002620000 - 0x0000000002623000 	C:\Program Files\Java\jre1.8.0_191\bin\api-ms-win-core-localization-l1-2-0.dll
0x0000000002840000 - 0x0000000002843000 	C:\Program Files\Java\jre1.8.0_191\bin\api-ms-win-core-memory-l1-1-0.dll
0x0000000002850000 - 0x0000000002853000 	C:\Program Files\Java\jre1.8.0_191\bin\api-ms-win-core-namedpipe-l1-1-0.dll
0x0000000002860000 - 0x0000000002863000 	C:\Program Files\Java\jre1.8.0_191\bin\api-ms-win-core-processenvironment-l1-1-0.dll
0x0000000002870000 - 0x0000000002873000 	C:\Program Files\Java\jre1.8.0_191\bin\api-ms-win-core-processthreads-l1-1-0.dll
0x0000000002880000 - 0x0000000002883000 	C:\Program Files\Java\jre1.8.0_191\bin\api-ms-win-core-processthreads-l1-1-1.dll
0x0000000002890000 - 0x0000000002893000 	C:\Program Files\Java\jre1.8.0_191\bin\api-ms-win-core-profile-l1-1-0.dll
0x00000000028a0000 - 0x00000000028a3000 	C:\Program Files\Java\jre1.8.0_191\bin\api-ms-win-core-rtlsupport-l1-1-0.dll
0x00000000028b0000 - 0x00000000028b3000 	C:\Program Files\Java\jre1.8.0_191\bin\api-ms-win-core-string-l1-1-0.dll
0x00000000028c0000 - 0x00000000028c3000 	C:\Program Files\Java\jre1.8.0_191\bin\api-ms-win-core-synch-l1-1-0.dll
0x00000000028d0000 - 0x00000000028d3000 	C:\WINDOWS\System32\RPCRT4.dll
0x00000000028e0000 - 0x00000000028e3000 	C:\WINDOWS\SYSTEM32\WINMM.dll
0x00000000028f0000 - 0x00000000028f3000 	C:\Program Files\Java\jre1.8.0_191\bin\zip.dll
0x0000000002900000 - 0x0000000002903000 	C:\Program Files\Java\jre1.8.0_191\bin\server\jvm.dll
0x0000000019050000 - 0x0000000019053000 	C:\Program Files\Java\jre1.8.0_191\bin\jdwp.dll
0x0000000019060000 - 0x0000000019064000 	C:\Program Files\Java\jre1.8.0_191\bin\api-ms-win-crt-convert-l1-1-0.dll
0x0000000019070000 - 0x0000000019073000 	C:\WINDOWS\System32\IMM32.DLL
0x0000000019080000 - 0x0000000019083000 	C:\Program Files\Java\jre1.8.0_191\bin\java.dll
0x0000000019090000 - 0x0000000019093000 	C:\WINDOWS\System32\GDI32.dll
0x00000000190a0000 - 0x00000000190a3000 	C:\WINDOWS\SYSTEM32\VERSION.dll
0x00000000190b0000 - 0x00000000190b5000 	C:\Program Files\Java\jre1.8.0_191\bin\zip.dll
0x00000000190c0000 - 0x00000000190c5000 	C:\Program Files\Java\jre1.8.0_191\bin\api-ms-win-crt-multibyte-l1-1-0.dll
0x00000000190d0000 - 0x00000000190e0000 	C:\Program Files\Java\jre1.8.0_191\bin\api-ms-win-crt-private-l1-1-0.dll
0x00000000190e0000 - 0x00000000190e3000 	C:\Program Files\Java\jre1.8.0_191\bin\api-ms-win-crt-process-l1-1-0.dll
0x00000000190f0000 - 0x00000000190f4000 	C:\Program Files\Java\jre1.8.0_191\bin\api-ms-win-crt-runtime-l1-1-0.dll
0x0000000019100000 - 0x0000000019104000 	C:\Program Files\Java\jre1.8.0_191\bin\api-ms-win-crt-stdio-l1-1-0.dll
0x0000000019110000 - 0x0000000019114000 	C:\Program Files\Java\jre1.8.0_191\bin\api-ms-win-crt-string-l1-1-0.dll
0x0000000019120000 - 0x0000000019123000 	C:\Program Files\Java\jre1.8.0_191\bin\api-ms-win-crt-time-l1-1-0.dll
0x0000000019130000 - 0x0000000019133000 	C:\Program Files\Java\jre1.8.0_191\bin\api-ms-win-crt-utility-l1-1-0.dll
0x00007fff088c0000 - 0x00007fff089b6000 	C:\Program Files\Java\jre1.8.0_191\bin\ucrtbase.dll
0x00007fff193f0000 - 0x00007fff19406000 	C:\Program Files\Java\jre1.8.0_191\bin\vcruntime140.dll
0x00007fff0d740000 - 0x00007fff0d7dc000 	C:\Program Files\Java\jre1.8.0_191\bin\msvcp140.dll
0x00007fff191a0000 - 0x00007fff191f1000 	C:\Program Files\Java\jre1.8.0_191\bin\concrt140.dll

VM Arguments:
jvm_args: -agentlib:jdwp=transport=dt_socket,suspend=y,address=localhost:21938 -javaagent:C:\Users\Admin\eclipse\java-2018-12\eclipse\configuration\org.eclipse.osgi\221\0\.cp\lib\javaagent-shaded.jar -Dfile.encoding=Cp1250 
java_command: application.Main
java_class_path (initial): C:\Users\Admin\eclipse-workspace\Project\bin;C:\Users\Admin\.p2\pool\plugins\org.eclipse.fx.ide.css.jfx8_3.4.1.201810030906.jar;C:\Users\Admin\Downloads\org.eclipse.paho.client.mqttv3-1.2.1.jar;C:\Users\Admin\eclipse\java-2018-12\eclipse\configuration\org.eclipse.osgi\221\0\.cp\lib\javaagent-shaded.jar
Launcher Type: SUN_STANDARD

Environment Variables:
JAVA_HOME=C:\Program Files (x86)\Java\jdk1.8.0_192
PATH=C:/Program Files/Java/jre1.8.0_191/bin/server;C:/Program Files/Java/jre1.8.0_191/bin;C:/Program Files/Java/jre1.8.0_191/lib/amd64;C:\Program Files (x86)\Common Files\Oracle\Java\javapath;C:\ProgramData\Oracle\Java\javapath;C:\Program Files (x86)\Intel\iCLS Client\;C:\Program Files\Intel\iCLS Client\;C:\Program Files (x86)\AMD APP\bin\x86_64;C:\Program Files (x86)\AMD APP\bin\x86;C:\WINDOWS\system32;C:\WINDOWS;C:\WINDOWS\System32\Wbem;C:\WINDOWS\System32\WindowsPowerShell\v1.0\;C:\Program Files (x86)\ATI Technologies\ATI.ACE\Core-Static;C:\Program Files\Intel\Intel(R) Management Engine Components\DAL;C:\Program Files\Intel\Intel(R) Management Engine Components\IPT;C:\Program Files (x86)\Intel\Intel(R) Management Engine Components\DAL;C:\Program Files (x86)\Intel\Intel(R) Management Engine Components\IPT;C:\Program Files (x86)\Windows Live\Shared;C:\Program Files (x86)\AMD\ATI.ACE\Core-Static;C:\Program Files\Microsoft\Web Platform Installer\;C:\Program Files (x86)\Microsoft ASP.NET\ASP.NET Web Pages\v1.0\;C:\Program Files\Microsoft SQL Server\110\Tools\Binn\;C:\WINDOWS\System32\OpenSSH\;C:\Program Files\dotnet\;C:\Program Files\Microsoft SQL Server\130\Tools\Binn\;E:\Programy\Visual Studio 2017\Common7\Tools\;E:\Programy\Visual Studio 2017\Python36_64\Scripts\;E:\Programy\Visual Studio 2017\Python36_64\Tools\;C:\Users\Admin\AppData\Local\Programs\Python\Python37-32\Scripts\;C:\Users\Admin\AppData\Local\Programs\Python\Python37-32\;E:\Programy\Visual Studio 2017\Python36_64\Tools\;E:\Programy\Visual Studio 2017\Python36_64\Scripts\;E:\Programy\Visual Studio 2017\Python36_64\;;C:\Users\Admin\Desktop;
USERNAME=Admin
OS=Windows_NT
PROCESSOR_IDENTIFIER=Intel64 Family 6 Model 58 Stepping 9, GenuineIntel



---------------  S Y S T E M  ---------------

OS: Windows 10.0 , 64 bit Build 17134 (10.0.17134.706)

CPU:total 4 (initial active 4) (2 cores per cpu, 2 threads per core) family 6 model 58 stepping 9, cmov, cx8, fxsr, mmx, sse, sse2, sse3, ssse3, sse4.1, sse4.2, popcnt, avx, aes, clmul, erms, ht, tsc, tscinvbit, tscinv

Memory: 4k page, physical 6180424k(971548k free), swap 16171556k(4780k free)

vm_info: Java HotSpot(TM) 64-Bit Server VM (25.191-b12) for windows-amd64 JRE (1.8.0_191-b12), built on Oct  6 2018 09:29:03 by "java_re" with MS VC++ 10.0 (VS2010)

time: Tue May 14 19:22:20 2019
elapsed time: 1 seconds (0d 0h 0m 1s)

