JvmtiExport can_access_local_variables 1
JvmtiExport can_hotswap_or_post_breakpoint 1
JvmtiExport can_post_on_exceptions 1
# 293 ciObject found
ciMethod java/lang/Object <init> ()V 4097 1 36939 0 96
ciMethod java/lang/String <init> ([CII)V 4097 1 5658 0 -1
ciMethod java/lang/String length ()I 4097 1 10055 0 -1
ciMethod java/lang/String charAt (I)C 4097 1 80645 0 -1
ciMethod java/lang/String equals (Ljava/lang/Object;)Z 4097 10649 3804 0 -1
ciMethod java/lang/String hashCode ()I 2857 32769 3054 0 352
ciMethod java/lang/System arraycopy (Ljava/lang/Object;ILjava/lang/Object;II)V 66561 1 8320 0 -1
ciMethod java/lang/Float valueOf (F)Ljava/lang/Float; 9 1 324 0 0
ciMethod java/lang/Float <init> (F)V 9 1 331 0 0
ciMethod java/lang/Float intBitsToFloat (I)F 0 0 1 0 -1
ciMethod java/lang/Number <init> ()V 4097 1 1577 0 0
ciMethod java/lang/Double valueOf (D)Ljava/lang/Double; 9 1 45 0 0
ciMethod java/lang/Double <init> (D)V 9 1 46 0 -1
ciMethod java/lang/Double longBitsToDouble (J)D 41 1 5 0 -1
ciMethod java/lang/Integer valueOf (I)Ljava/lang/Integer; 225 1 36 0 0
ciMethod java/lang/Integer <init> (I)V 2065 1 262 0 -1
ciMethod java/lang/Long valueOf (J)Ljava/lang/Long; 9 1 3 0 0
ciMethod java/lang/Long <init> (J)V 2049 1 258 0 -1
ciMethod java/lang/Math max (II)I 4097 1 5695 0 -1
ciMethodData java/lang/Object <init> ()V 2 36940 orig 264 88 131 191 111 0 0 0 0 104 4 1 22 0 0 0 0 32 1 0 0 0 0 0 0 0 0 0 0 0 0 0 0 0 0 0 0 0 0 0 0 0 0 0 0 0 0 0 0 0 0 0 0 0 0 0 0 0 0 0 0 0 0 0 0 0 0 0 0 0 0 0 0 0 0 0 0 0 0 0 0 77 68 79 32 101 120 116 114 97 32 100 97 116 97 32 108 111 99 107 0 0 0 0 0 0 0 0 0 0 0 0 0 0 0 0 0 0 0 0 0 0 0 0 0 0 0 0 0 0 0 0 0 0 0 0 0 0 0 0 0 0 0 0 0 0 0 0 0 0 0 0 0 0 0 0 0 0 0 0 0 0 0 0 0 0 0 0 0 0 0 0 0 0 0 0 0 0 0 0 0 0 0 0 0 0 0 0 0 0 0 0 0 0 0 0 0 0 0 0 0 0 0 0 0 0 0 0 0 0 0 0 0 0 0 0 0 0 2 0 0 97 114 4 0 1 0 0 0 0 0 0 0 0 0 0 0 2 0 0 0 0 0 0 0 0 0 0 0 0 0 0 0 255 255 255 255 0 0 0 0 0 0 0 0 data 0 oops 0
ciMethodData java/lang/String hashCode ()I 2 38007 orig 264 88 131 191 111 0 0 0 0 192 77 1 22 0 0 0 0 152 1 0 0 32 0 0 0 0 0 0 0 0 0 0 0 0 0 0 0 0 0 0 0 0 0 0 0 0 0 0 0 0 0 0 0 0 0 0 0 0 0 0 0 0 0 0 0 0 0 0 0 0 0 0 0 0 0 0 0 0 0 0 0 77 68 79 32 101 120 116 114 97 32 100 97 116 97 32 108 111 99 107 0 0 0 0 0 0 0 0 0 0 0 0 0 0 0 0 0 0 0 0 0 0 0 0 0 0 0 0 0 0 0 0 0 0 0 0 0 0 0 0 0 0 0 0 0 0 0 0 0 0 0 0 0 0 0 0 0 0 0 0 0 0 0 0 0 0 0 0 0 0 0 0 0 0 0 0 0 0 0 0 0 0 0 0 0 0 0 0 0 0 0 0 0 0 0 0 0 0 0 0 0 0 0 0 0 0 0 0 0 0 0 0 0 0 0 0 0 0 16 0 0 73 84 0 0 185 35 4 0 0 0 0 0 0 0 0 0 2 0 0 0 0 0 0 0 0 0 0 0 120 0 0 0 255 255 255 255 7 0 6 0 0 0 0 0 data 15 0x60007 0x60c 0x78 0x47d 0xe0007 0x1 0x58 0x47c 0x1e0007 0x47c 0x38 0x846f 0x2d0003 0x846f 0xffffffffffffffe0 oops 0
ciMethod org/eclipse/jdt/launching/internal/org/objectweb/asm/ClassReader readCode (Lorg/eclipse/jdt/launching/internal/org/objectweb/asm/MethodVisitor;Lorg/eclipse/jdt/launching/internal/org/objectweb/asm/Context;I)V 889 73785 795 0 -1
ciMethod org/eclipse/jdt/launching/internal/org/objectweb/asm/ClassReader readLabel (I[Lorg/eclipse/jdt/launching/internal/org/objectweb/asm/Label;)Lorg/eclipse/jdt/launching/internal/org/objectweb/asm/Label; 2665 1 5820 0 0
ciMethod org/eclipse/jdt/launching/internal/org/objectweb/asm/ClassReader createLabel (I[Lorg/eclipse/jdt/launching/internal/org/objectweb/asm/Label;)Lorg/eclipse/jdt/launching/internal/org/objectweb/asm/Label; 4097 1 2868 0 0
ciMethod org/eclipse/jdt/launching/internal/org/objectweb/asm/ClassReader createDebugLabel (I[Lorg/eclipse/jdt/launching/internal/org/objectweb/asm/Label;)V 4097 1 3929 0 0
ciMethod org/eclipse/jdt/launching/internal/org/objectweb/asm/ClassReader readTypeAnnotations (Lorg/eclipse/jdt/launching/internal/org/objectweb/asm/MethodVisitor;Lorg/eclipse/jdt/launching/internal/org/objectweb/asm/Context;IZ)[I 0 0 1 0 -1
ciMethod org/eclipse/jdt/launching/internal/org/objectweb/asm/ClassReader getTypeAnnotationBytecodeOffset ([II)I 1777 1 1606 0 0
ciMethod org/eclipse/jdt/launching/internal/org/objectweb/asm/ClassReader readTypeAnnotationTarget (Lorg/eclipse/jdt/launching/internal/org/objectweb/asm/Context;I)I 0 0 1 0 -1
ciMethod org/eclipse/jdt/launching/internal/org/objectweb/asm/ClassReader readElementValues (Lorg/eclipse/jdt/launching/internal/org/objectweb/asm/AnnotationVisitor;IZ[C)I 1 1 18 0 -1
ciMethod org/eclipse/jdt/launching/internal/org/objectweb/asm/ClassReader computeImplicitFrame (Lorg/eclipse/jdt/launching/internal/org/objectweb/asm/Context;)V 0 0 1 0 -1
ciMethod org/eclipse/jdt/launching/internal/org/objectweb/asm/ClassReader readStackMapFrame (IZZLorg/eclipse/jdt/launching/internal/org/objectweb/asm/Context;)I 2049 1921 1145 0 -1
ciMethod org/eclipse/jdt/launching/internal/org/objectweb/asm/ClassReader readVerificationTypeInfo (I[Ljava/lang/Object;I[C[Lorg/eclipse/jdt/launching/internal/org/objectweb/asm/Label;)I 2049 1 1019 0 -1
ciMethod org/eclipse/jdt/launching/internal/org/objectweb/asm/ClassReader readAttribute ([Lorg/eclipse/jdt/launching/internal/org/objectweb/asm/Attribute;Ljava/lang/String;II[CI[Lorg/eclipse/jdt/launching/internal/org/objectweb/asm/Label;)Lorg/eclipse/jdt/launching/internal/org/objectweb/asm/Attribute; 0 0 1 0 -1
ciMethod org/eclipse/jdt/launching/internal/org/objectweb/asm/ClassReader readByte (I)I 385 1 148 0 0
ciMethod org/eclipse/jdt/launching/internal/org/objectweb/asm/ClassReader readUnsignedShort (I)I 2073 1 44109 0 192
ciMethod org/eclipse/jdt/launching/internal/org/objectweb/asm/ClassReader readShort (I)S 4097 1 2484 0 0
ciMethod org/eclipse/jdt/launching/internal/org/objectweb/asm/ClassReader readInt (I)I 3857 1 1506 0 224
ciMethod org/eclipse/jdt/launching/internal/org/objectweb/asm/ClassReader readLong (I)J 0 0 46 0 0
ciMethod org/eclipse/jdt/launching/internal/org/objectweb/asm/ClassReader readUTF8 (I[C)Ljava/lang/String; 3121 1 21231 0 832
ciMethod org/eclipse/jdt/launching/internal/org/objectweb/asm/ClassReader readUtf (I[C)Ljava/lang/String; 2073 1 5379 0 608
ciMethod org/eclipse/jdt/launching/internal/org/objectweb/asm/ClassReader readUtf (II[C)Ljava/lang/String; 873 16993 771 0 2464
ciMethod org/eclipse/jdt/launching/internal/org/objectweb/asm/ClassReader readStringish (I[C)Ljava/lang/String; 2433 1 6818 0 0
ciMethod org/eclipse/jdt/launching/internal/org/objectweb/asm/ClassReader readClass (I[C)Ljava/lang/String; 2433 1 6796 0 0
ciMethod org/eclipse/jdt/launching/internal/org/objectweb/asm/ClassReader readConstantDynamic (I[C)Lorg/eclipse/jdt/launching/internal/org/objectweb/asm/ConstantDynamic; 0 0 1 0 0
ciMethod org/eclipse/jdt/launching/internal/org/objectweb/asm/ClassReader readConst (I[C)Ljava/lang/Object; 2161 1 1347 0 0
ciMethod org/eclipse/jdt/launching/internal/org/objectweb/asm/MethodVisitor visitAttribute (Lorg/eclipse/jdt/launching/internal/org/objectweb/asm/Attribute;)V 0 0 1 0 -1
ciMethod org/eclipse/jdt/launching/internal/org/objectweb/asm/MethodVisitor visitFrame (II[Ljava/lang/Object;I[Ljava/lang/Object;)V 0 0 1 0 -1
ciMethod org/eclipse/jdt/launching/internal/org/objectweb/asm/MethodVisitor visitInsn (I)V 0 0 1 0 -1
ciMethod org/eclipse/jdt/launching/internal/org/objectweb/asm/MethodVisitor visitIntInsn (II)V 0 0 1 0 -1
ciMethod org/eclipse/jdt/launching/internal/org/objectweb/asm/MethodVisitor visitVarInsn (II)V 0 0 1 0 -1
ciMethod org/eclipse/jdt/launching/internal/org/objectweb/asm/MethodVisitor visitTypeInsn (ILjava/lang/String;)V 0 0 1 0 -1
ciMethod org/eclipse/jdt/launching/internal/org/objectweb/asm/MethodVisitor visitFieldInsn (ILjava/lang/String;Ljava/lang/String;Ljava/lang/String;)V 0 0 1 0 -1
ciMethod org/eclipse/jdt/launching/internal/org/objectweb/asm/MethodVisitor visitMethodInsn (ILjava/lang/String;Ljava/lang/String;Ljava/lang/String;Z)V 0 0 1 0 -1
ciMethod org/eclipse/jdt/launching/internal/org/objectweb/asm/MethodVisitor visitInvokeDynamicInsn (Ljava/lang/String;Ljava/lang/String;Lorg/eclipse/jdt/launching/internal/org/objectweb/asm/Handle;[Ljava/lang/Object;)V 0 0 1 0 -1
ciMethod org/eclipse/jdt/launching/internal/org/objectweb/asm/MethodVisitor visitJumpInsn (ILorg/eclipse/jdt/launching/internal/org/objectweb/asm/Label;)V 0 0 1 0 -1
ciMethod org/eclipse/jdt/launching/internal/org/objectweb/asm/MethodVisitor visitLabel (Lorg/eclipse/jdt/launching/internal/org/objectweb/asm/Label;)V 0 0 1 0 -1
ciMethod org/eclipse/jdt/launching/internal/org/objectweb/asm/MethodVisitor visitLdcInsn (Ljava/lang/Object;)V 0 0 1 0 -1
ciMethod org/eclipse/jdt/launching/internal/org/objectweb/asm/MethodVisitor visitIincInsn (II)V 0 0 1 0 -1
ciMethod org/eclipse/jdt/launching/internal/org/objectweb/asm/MethodVisitor visitTableSwitchInsn (IILorg/eclipse/jdt/launching/internal/org/objectweb/asm/Label;[Lorg/eclipse/jdt/launching/internal/org/objectweb/asm/Label;)V 0 0 1 0 -1
ciMethod org/eclipse/jdt/launching/internal/org/objectweb/asm/MethodVisitor visitLookupSwitchInsn (Lorg/eclipse/jdt/launching/internal/org/objectweb/asm/Label;[I[Lorg/eclipse/jdt/launching/internal/org/objectweb/asm/Label;)V 0 0 1 0 -1
ciMethod org/eclipse/jdt/launching/internal/org/objectweb/asm/MethodVisitor visitMultiANewArrayInsn (Ljava/lang/String;I)V 0 0 1 0 -1
ciMethod org/eclipse/jdt/launching/internal/org/objectweb/asm/MethodVisitor visitInsnAnnotation (ILorg/eclipse/jdt/launching/internal/org/objectweb/asm/TypePath;Ljava/lang/String;Z)Lorg/eclipse/jdt/launching/internal/org/objectweb/asm/AnnotationVisitor; 0 0 1 0 -1
ciMethod org/eclipse/jdt/launching/internal/org/objectweb/asm/MethodVisitor visitTryCatchBlock (Lorg/eclipse/jdt/launching/internal/org/objectweb/asm/Label;Lorg/eclipse/jdt/launching/internal/org/objectweb/asm/Label;Lorg/eclipse/jdt/launching/internal/org/objectweb/asm/Label;Ljava/lang/String;)V 0 0 1 0 -1
ciMethod org/eclipse/jdt/launching/internal/org/objectweb/asm/MethodVisitor visitLocalVariable (Ljava/lang/String;Ljava/lang/String;Ljava/lang/String;Lorg/eclipse/jdt/launching/internal/org/objectweb/asm/Label;Lorg/eclipse/jdt/launching/internal/org/objectweb/asm/Label;I)V 0 0 1 0 -1
ciMethod org/eclipse/jdt/launching/internal/org/objectweb/asm/MethodVisitor visitLocalVariableAnnotation (ILorg/eclipse/jdt/launching/internal/org/objectweb/asm/TypePath;[Lorg/eclipse/jdt/launching/internal/org/objectweb/asm/Label;[Lorg/eclipse/jdt/launching/internal/org/objectweb/asm/Label;[ILjava/lang/String;Z)Lorg/eclipse/jdt/launching/internal/org/objectweb/asm/AnnotationVisitor; 0 0 1 0 -1
ciMethod org/eclipse/jdt/launching/internal/org/objectweb/asm/MethodVisitor visitLineNumber (ILorg/eclipse/jdt/launching/internal/org/objectweb/asm/Label;)V 0 0 1 0 -1
ciMethod org/eclipse/jdt/launching/internal/org/objectweb/asm/MethodVisitor visitMaxs (II)V 0 0 1 0 -1
ciMethod org/eclipse/jdt/launching/internal/org/objectweb/asm/MethodWriter visitFrame (II[Ljava/lang/Object;I[Ljava/lang/Object;)V 2049 1921 1145 0 -1
ciMethod org/eclipse/jdt/launching/internal/org/objectweb/asm/MethodWriter visitInsn (I)V 4097 1 3479 0 0
ciMethod org/eclipse/jdt/launching/internal/org/objectweb/asm/MethodWriter visitIntInsn (II)V 2193 1 100 0 0
ciMethod org/eclipse/jdt/launching/internal/org/objectweb/asm/MethodWriter visitVarInsn (II)V 2145 1 4389 0 0
ciMethod org/eclipse/jdt/launching/internal/org/objectweb/asm/MethodWriter visitTypeInsn (ILjava/lang/String;)V 2065 1 748 0 0
ciMethod org/eclipse/jdt/launching/internal/org/objectweb/asm/MethodWriter visitFieldInsn (ILjava/lang/String;Ljava/lang/String;Ljava/lang/String;)V 4097 1 1717 0 -1
ciMethod org/eclipse/jdt/launching/internal/org/objectweb/asm/MethodWriter visitMethodInsn (ILjava/lang/String;Ljava/lang/String;Ljava/lang/String;Z)V 4097 1 3282 0 -1
ciMethod org/eclipse/jdt/launching/internal/org/objectweb/asm/MethodWriter visitInvokeDynamicInsn (Ljava/lang/String;Ljava/lang/String;Lorg/eclipse/jdt/launching/internal/org/objectweb/asm/Handle;[Ljava/lang/Object;)V 761 1 74 0 -1
ciMethod org/eclipse/jdt/launching/internal/org/objectweb/asm/MethodWriter visitJumpInsn (ILorg/eclipse/jdt/launching/internal/org/objectweb/asm/Label;)V 4097 1 1198 0 0
ciMethod org/eclipse/jdt/launching/internal/org/objectweb/asm/MethodWriter visitLabel (Lorg/eclipse/jdt/launching/internal/org/objectweb/asm/Label;)V 2225 1 4305 0 -1
ciMethod org/eclipse/jdt/launching/internal/org/objectweb/asm/MethodWriter visitLdcInsn (Ljava/lang/Object;)V 3073 1 1043 0 -1
ciMethod org/eclipse/jdt/launching/internal/org/objectweb/asm/MethodWriter visitIincInsn (II)V 889 1 20 0 0
ciMethod org/eclipse/jdt/launching/internal/org/objectweb/asm/MethodWriter visitTableSwitchInsn (IILorg/eclipse/jdt/launching/internal/org/objectweb/asm/Label;[Lorg/eclipse/jdt/launching/internal/org/objectweb/asm/Label;)V 177 1633 12 0 -1
ciMethod org/eclipse/jdt/launching/internal/org/objectweb/asm/MethodWriter visitLookupSwitchInsn (Lorg/eclipse/jdt/launching/internal/org/objectweb/asm/Label;[I[Lorg/eclipse/jdt/launching/internal/org/objectweb/asm/Label;)V 57 321 4 0 -1
ciMethod org/eclipse/jdt/launching/internal/org/objectweb/asm/MethodWriter visitSwitchInsn (Lorg/eclipse/jdt/launching/internal/org/objectweb/asm/Label;[Lorg/eclipse/jdt/launching/internal/org/objectweb/asm/Label;)V 233 1 16 0 -1
ciMethod org/eclipse/jdt/launching/internal/org/objectweb/asm/MethodWriter visitMultiANewArrayInsn (Ljava/lang/String;I)V 0 0 1 0 0
ciMethod org/eclipse/jdt/launching/internal/org/objectweb/asm/MethodWriter visitTryCatchBlock (Lorg/eclipse/jdt/launching/internal/org/objectweb/asm/Label;Lorg/eclipse/jdt/launching/internal/org/objectweb/asm/Label;Lorg/eclipse/jdt/launching/internal/org/objectweb/asm/Label;Ljava/lang/String;)V 1281 1 147 0 0
ciMethod org/eclipse/jdt/launching/internal/org/objectweb/asm/MethodWriter visitLineNumber (ILorg/eclipse/jdt/launching/internal/org/objectweb/asm/Label;)V 4097 1 3922 0 0
ciMethod org/eclipse/jdt/launching/internal/org/objectweb/asm/MethodWriter visitMaxs (II)V 2049 1 882 0 -1
ciMethod org/eclipse/jdt/launching/internal/org/objectweb/asm/MethodWriter computeAllFrames ()V 0 0 1 0 -1
ciMethod org/eclipse/jdt/launching/internal/org/objectweb/asm/MethodWriter computeMaxStackAndLocal ()V 0 0 1 0 -1
ciMethod org/eclipse/jdt/launching/internal/org/objectweb/asm/MethodWriter addSuccessorToCurrentBasicBlock (ILorg/eclipse/jdt/launching/internal/org/objectweb/asm/Label;)V 0 0 1 0 -1
ciMethod org/eclipse/jdt/launching/internal/org/objectweb/asm/MethodWriter endCurrentBasicBlockWithNoSuccessor ()V 0 0 1 0 -1
ciMethod org/eclipse/jdt/launching/internal/org/objectweb/asm/MethodWriter visitFrameStart (III)I 0 0 1 0 -1
ciMethod org/eclipse/jdt/launching/internal/org/objectweb/asm/MethodWriter visitFrameEnd ()V 0 0 1 0 -1
ciMethod org/eclipse/jdt/launching/internal/org/objectweb/asm/MethodWriter putFrameType (Ljava/lang/Object;)V 2057 1 1019 0 -1
ciMethod org/eclipse/jdt/launching/internal/org/objectweb/asm/SymbolTable get (I)Lorg/eclipse/jdt/launching/internal/org/objectweb/asm/SymbolTable$Entry; 2073 1 18252 0 0
ciMethod org/eclipse/jdt/launching/internal/org/objectweb/asm/SymbolTable put (Lorg/eclipse/jdt/launching/internal/org/objectweb/asm/SymbolTable$Entry;)Lorg/eclipse/jdt/launching/internal/org/objectweb/asm/SymbolTable$Entry; 2745 3593 5463 0 1312
ciMethod org/eclipse/jdt/launching/internal/org/objectweb/asm/SymbolTable addConstant (Ljava/lang/Object;)Lorg/eclipse/jdt/launching/internal/org/objectweb/asm/Symbol; 2049 1 1543 0 -1
ciMethod org/eclipse/jdt/launching/internal/org/objectweb/asm/SymbolTable addConstantClass (Ljava/lang/String;)Lorg/eclipse/jdt/launching/internal/org/objectweb/asm/Symbol; 2329 1 4113 0 0
ciMethod org/eclipse/jdt/launching/internal/org/objectweb/asm/SymbolTable addConstantFieldref (Ljava/lang/String;Ljava/lang/String;Ljava/lang/String;)Lorg/eclipse/jdt/launching/internal/org/objectweb/asm/Symbol; 4097 1 1717 0 -1
ciMethod org/eclipse/jdt/launching/internal/org/objectweb/asm/SymbolTable addConstantMethodref (Ljava/lang/String;Ljava/lang/String;Ljava/lang/String;Z)Lorg/eclipse/jdt/launching/internal/org/objectweb/asm/Symbol; 4097 1 3371 0 -1
ciMethod org/eclipse/jdt/launching/internal/org/objectweb/asm/SymbolTable addConstantUtf8 (Ljava/lang/String;)I 2049 633 5991 0 4416
ciMethod org/eclipse/jdt/launching/internal/org/objectweb/asm/SymbolTable addConstantInvokeDynamic (Ljava/lang/String;Ljava/lang/String;Lorg/eclipse/jdt/launching/internal/org/objectweb/asm/Handle;[Ljava/lang/Object;)Lorg/eclipse/jdt/launching/internal/org/objectweb/asm/Symbol; 761 1 74 0 -1
ciMethod org/eclipse/jdt/launching/internal/org/objectweb/asm/SymbolTable addConstantUtf8Reference (ILjava/lang/String;)Lorg/eclipse/jdt/launching/internal/org/objectweb/asm/Symbol; 2137 505 5070 0 0
ciMethod org/eclipse/jdt/launching/internal/org/objectweb/asm/SymbolTable hash (ILjava/lang/String;)I 2057 1 11061 0 0
ciMethod org/eclipse/jdt/launching/internal/org/objectweb/asm/Symbol <init> (IILjava/lang/String;Ljava/lang/String;Ljava/lang/String;J)V 2065 1 5378 0 96
ciMethod org/eclipse/jdt/launching/internal/org/objectweb/asm/Symbol getArgumentsAndReturnSizes ()I 329 1 244 0 -1
ciMethod org/eclipse/jdt/launching/internal/org/objectweb/asm/SymbolTable$Entry <init> (IILjava/lang/String;I)V 1913 1 4378 0 0
ciMethod org/eclipse/jdt/launching/internal/org/objectweb/asm/ByteVector <init> ()V 1593 1 2428 0 0
ciMethod org/eclipse/jdt/launching/internal/org/objectweb/asm/ByteVector putByte (I)Lorg/eclipse/jdt/launching/internal/org/objectweb/asm/ByteVector; 2161 1 5390 0 288
ciMethod org/eclipse/jdt/launching/internal/org/objectweb/asm/ByteVector put11 (II)Lorg/eclipse/jdt/launching/internal/org/objectweb/asm/ByteVector; 1569 1 1721 0 -1
ciMethod org/eclipse/jdt/launching/internal/org/objectweb/asm/ByteVector putShort (I)Lorg/eclipse/jdt/launching/internal/org/objectweb/asm/ByteVector; 2089 1 5381 0 448
ciMethod org/eclipse/jdt/launching/internal/org/objectweb/asm/ByteVector put12 (II)Lorg/eclipse/jdt/launching/internal/org/objectweb/asm/ByteVector; 2153 1 6065 0 512
ciMethod org/eclipse/jdt/launching/internal/org/objectweb/asm/ByteVector putInt (I)Lorg/eclipse/jdt/launching/internal/org/objectweb/asm/ByteVector; 2161 1 3909 0 -1
ciMethod org/eclipse/jdt/launching/internal/org/objectweb/asm/ByteVector putUTF8 (Ljava/lang/String;)Lorg/eclipse/jdt/launching/internal/org/objectweb/asm/ByteVector; 1257 25073 865 0 -1
ciMethod org/eclipse/jdt/launching/internal/org/objectweb/asm/ByteVector putByteArray ([BII)Lorg/eclipse/jdt/launching/internal/org/objectweb/asm/ByteVector; 4097 1 2346 0 -1
ciMethod org/eclipse/jdt/launching/internal/org/objectweb/asm/ByteVector enlarge (I)V 137 1 745 0 0
ciMethod org/eclipse/jdt/launching/internal/org/objectweb/asm/Frame setInputFrameFromApiFormat (Lorg/eclipse/jdt/launching/internal/org/objectweb/asm/SymbolTable;I[Ljava/lang/Object;I[Ljava/lang/Object;)V 0 0 1 0 -1
ciMethod org/eclipse/jdt/launching/internal/org/objectweb/asm/Frame execute (IILorg/eclipse/jdt/launching/internal/org/objectweb/asm/Symbol;Lorg/eclipse/jdt/launching/internal/org/objectweb/asm/SymbolTable;)V 0 0 1 0 -1
ciMethod org/eclipse/jdt/launching/internal/org/objectweb/asm/Frame accept (Lorg/eclipse/jdt/launching/internal/org/objectweb/asm/MethodWriter;)V 0 0 1 0 -1
ciMethod org/eclipse/jdt/launching/internal/org/objectweb/asm/Label <init> ()V 2041 1 4295 0 0
ciMethod org/eclipse/jdt/launching/internal/org/objectweb/asm/Label getCanonicalInstance ()Lorg/eclipse/jdt/launching/internal/org/objectweb/asm/Label; 0 0 1 0 -1
ciMethod org/eclipse/jdt/launching/internal/org/objectweb/asm/Label addLineNumber (I)V 4097 1 3911 0 0
ciMethod org/eclipse/jdt/launching/internal/org/objectweb/asm/Label accept (Lorg/eclipse/jdt/launching/internal/org/objectweb/asm/MethodVisitor;Z)V 4097 1 4290 0 0
ciMethod org/eclipse/jdt/launching/internal/org/objectweb/asm/Label put (Lorg/eclipse/jdt/launching/internal/org/objectweb/asm/ByteVector;IZ)V 3641 1 1266 0 -1
ciMethod org/eclipse/jdt/launching/internal/org/objectweb/asm/Label resolve ([BI)Z 4097 1305 4305 0 -1
ciMethodData org/eclipse/jdt/launching/internal/org/objectweb/asm/ClassReader readUnsignedShort (I)I 2 44109 orig 264 88 131 191 111 0 0 0 0 56 4 66 22 0 0 0 0 40 1 0 0 0 0 0 0 0 0 0 0 0 0 0 0 0 0 0 0 0 0 0 0 0 0 0 0 0 0 0 0 0 0 0 0 0 0 0 0 0 0 0 0 0 0 0 0 0 0 0 0 0 0 0 0 0 0 0 0 0 0 0 0 77 68 79 32 101 120 116 114 97 32 100 97 116 97 32 108 111 99 107 0 0 0 0 0 0 0 0 0 0 0 0 0 0 0 0 0 0 0 0 0 0 0 0 0 0 0 0 0 0 0 0 0 0 0 0 0 0 0 0 0 0 0 0 0 0 0 0 0 0 0 0 0 0 0 0 0 0 0 0 0 0 0 0 0 0 0 0 0 0 0 0 0 0 0 0 0 0 0 0 0 0 0 0 0 0 0 0 0 0 0 0 0 0 0 0 0 0 0 0 0 0 0 0 0 0 0 0 0 0 0 0 0 0 0 0 0 3 1 0 0 81 90 5 0 1 0 0 0 0 0 0 0 0 0 0 0 2 0 0 0 0 0 3 0 1 0 0 0 0 0 0 0 255 255 255 255 0 0 0 0 0 0 0 0 data 0 oops 0
ciMethod org/eclipse/jdt/launching/internal/org/objectweb/asm/Type <init> (ILjava/lang/String;II)V 585 1 182 0 -1
ciMethod org/eclipse/jdt/launching/internal/org/objectweb/asm/Type getObjectType (Ljava/lang/String;)Lorg/eclipse/jdt/launching/internal/org/objectweb/asm/Type; 121 1 23 0 0
ciMethod org/eclipse/jdt/launching/internal/org/objectweb/asm/Type getMethodType (Ljava/lang/String;)Lorg/eclipse/jdt/launching/internal/org/objectweb/asm/Type; 385 1 148 0 0
ciMethod org/eclipse/jdt/launching/internal/org/objectweb/asm/Type getArgumentsAndReturnSizes (Ljava/lang/String;)I 177 89 122 0 -1
ciMethod org/eclipse/jdt/launching/internal/org/objectweb/asm/Handle <init> (ILjava/lang/String;Ljava/lang/String;Ljava/lang/String;Z)V 385 1 148 0 0
ciMethod org/eclipse/jdt/launching/internal/org/objectweb/asm/Handler <init> (Lorg/eclipse/jdt/launching/internal/org/objectweb/asm/Label;Lorg/eclipse/jdt/launching/internal/org/objectweb/asm/Label;Lorg/eclipse/jdt/launching/internal/org/objectweb/asm/Label;ILjava/lang/String;)V 1281 1 147 0 -1
ciMethodData org/eclipse/jdt/launching/internal/org/objectweb/asm/SymbolTable get (I)Lorg/eclipse/jdt/launching/internal/org/objectweb/asm/SymbolTable$Entry; 2 18252 orig 264 88 131 191 111 0 0 0 0 40 119 67 22 0 0 0 0 40 1 0 0 0 0 0 0 0 0 0 0 0 0 0 0 0 0 0 0 0 0 0 0 0 0 0 0 0 0 0 0 0 0 0 0 0 0 0 0 0 0 0 0 0 0 0 0 0 0 0 0 0 0 0 0 0 0 0 0 0 0 0 0 77 68 79 32 101 120 116 114 97 32 100 97 116 97 32 108 111 99 107 0 0 0 0 0 0 0 0 0 0 0 0 0 0 0 0 0 0 0 0 0 0 0 0 0 0 0 0 0 0 0 0 0 0 0 0 0 0 0 0 0 0 0 0 0 0 0 0 0 0 0 0 0 0 0 0 0 0 0 0 0 0 0 0 0 0 0 0 0 0 0 0 0 0 0 0 0 0 0 0 0 0 0 0 0 0 0 0 0 0 0 0 0 0 0 0 0 0 0 0 0 0 0 0 0 0 0 0 0 0 0 0 0 0 0 0 0 3 1 0 0 73 50 2 0 1 0 0 0 0 0 0 0 0 0 0 0 2 0 0 0 0 0 3 0 1 0 0 0 0 0 0 0 255 255 255 255 0 0 0 0 0 0 0 0 data 0 oops 0
ciMethodData org/eclipse/jdt/launching/internal/org/objectweb/asm/SymbolTable hash (ILjava/lang/String;)I 2 11061 orig 264 88 131 191 111 0 0 0 0 40 164 67 22 0 0 0 0 128 1 0 0 0 0 0 0 0 0 0 0 0 0 0 0 0 0 0 0 0 0 0 0 0 0 0 0 0 0 0 0 0 0 0 0 0 0 0 0 0 0 0 0 0 0 0 0 0 0 0 0 0 0 0 0 0 0 0 0 0 0 0 0 77 68 79 32 101 120 116 114 97 32 100 97 116 97 32 108 111 99 107 0 0 0 0 0 0 0 0 0 0 0 0 0 0 0 0 0 0 0 0 0 0 0 0 0 0 0 0 0 0 0 0 0 0 0 0 0 0 0 0 0 0 0 0 0 0 0 0 0 0 0 0 0 0 0 0 0 0 0 0 0 0 0 0 0 0 0 0 0 0 0 0 0 0 0 0 0 0 0 0 0 0 0 0 0 0 0 0 0 0 0 0 0 0 0 0 0 0 0 0 0 0 0 0 0 0 0 0 0 0 0 0 0 0 0 0 0 1 1 0 0 161 81 1 0 1 0 0 0 0 0 0 0 0 0 0 0 2 0 0 0 0 0 3 0 2 0 0 0 48 0 0 0 255 255 255 255 5 0 4 0 0 0 0 0 data 6 0x40005 0x7 0x186b27a0 0x2a2d 0x0 0x0 oops 1